<?xml version="1.0" encoding="UTF-8"?>
<robot generator="Robot 6.1 (Python 3.10.2 on win32)" generated="20230814 21:52:02.580" rpa="false" schemaversion="4">
<suite id="s1" name="testBooks" source="C:\Users\johno\git\3031assignment1\3031assignment1\project\testBooks.robot">
<kw name="Create Session" library="RequestsLibrary" type="SETUP">
<arg>localhost</arg>
<arg>http://localhost:8080</arg>
<doc>Create Session: create a HTTP session to a server</doc>
<msg timestamp="20230814 21:52:02.938" level="INFO">Creating Session using : alias=localhost, url=http://localhost:8080, headers={},                     cookies={}, auth=None, timeout=None, proxies=None, verify=False,                     debug=0 </msg>
<status status="PASS" starttime="20230814 21:52:02.937" endtime="20230814 21:52:02.941"/>
</kw>
<test id="s1-t1" name="addActorPass" line="9">
<kw name="Create Dictionary" library="BuiltIn">
<var>${headers}</var>
<arg>Content-Type=application/json</arg>
<doc>Creates and returns a dictionary based on the given ``items``.</doc>
<msg timestamp="20230814 21:52:02.943" level="INFO">${headers} = {'Content-Type': 'application/json'}</msg>
<status status="PASS" starttime="20230814 21:52:02.942" endtime="20230814 21:52:02.943"/>
</kw>
<kw name="Create Dictionary" library="BuiltIn">
<var>${params}</var>
<arg>name=Leo DiCaprio</arg>
<arg>actorId=LD1</arg>
<doc>Creates and returns a dictionary based on the given ``items``.</doc>
<msg timestamp="20230814 21:52:02.944" level="INFO">${params} = {'name': 'Leo DiCaprio', 'actorId': 'LD1'}</msg>
<status status="PASS" starttime="20230814 21:52:02.944" endtime="20230814 21:52:02.944"/>
</kw>
<kw name="PUT On Session" library="RequestsLibrary">
<var>${resp}</var>
<arg>localhost</arg>
<arg>/api/v1/addActor</arg>
<arg>json=${params}</arg>
<arg>headers=${headers}</arg>
<arg>expected_status=200</arg>
<doc>Sends a PUT request on a previously created HTTP Session.</doc>
<msg timestamp="20230814 21:52:03.035" level="INFO">PUT Request : url=http://localhost:8080/api/v1/addActor 
 path_url=/api/v1/addActor 
 headers={'User-Agent': 'python-requests/2.27.1', 'Accept-Encoding': 'gzip, deflate', 'Accept': '*/*', 'Connection': 'keep-alive', 'Content-Type': 'application/json', 'Content-Length': '42'} 
 body=b'{"name": "Leo DiCaprio", "actorId": "LD1"}' 
 </msg>
<msg timestamp="20230814 21:52:03.040" level="INFO">PUT Response : url=http://localhost:8080/api/v1/addActor 
 status=200, reason=OK 
 headers={'Date': 'Tue, 15 Aug 2023 04:52:03 GMT', 'Content-length': '11'} 
 body=Actor added 
 </msg>
<msg timestamp="20230814 21:52:03.041" level="INFO">${resp} = &lt;Response [200]&gt;</msg>
<status status="PASS" starttime="20230814 21:52:02.945" endtime="20230814 21:52:03.041"/>
</kw>
<timeout value="30 seconds"/>
<status status="PASS" starttime="20230814 21:52:02.941" endtime="20230814 21:52:03.042"/>
</test>
<test id="s1-t2" name="addActorFail" line="14">
<kw name="Create Dictionary" library="BuiltIn">
<var>${headers}</var>
<arg>Content-Type=application/json</arg>
<doc>Creates and returns a dictionary based on the given ``items``.</doc>
<msg timestamp="20230814 21:52:03.046" level="INFO">${headers} = {'Content-Type': 'application/json'}</msg>
<status status="PASS" starttime="20230814 21:52:03.045" endtime="20230814 21:52:03.046"/>
</kw>
<kw name="Create Dictionary" library="BuiltIn">
<var>${params}</var>
<arg>name=Leo DiCaprio</arg>
<doc>Creates and returns a dictionary based on the given ``items``.</doc>
<msg timestamp="20230814 21:52:03.047" level="INFO">${params} = {'name': 'Leo DiCaprio'}</msg>
<status status="PASS" starttime="20230814 21:52:03.047" endtime="20230814 21:52:03.047"/>
</kw>
<kw name="PUT On Session" library="RequestsLibrary">
<var>${resp}</var>
<arg>localhost</arg>
<arg>/api/v1/addActor</arg>
<arg>json=${params}</arg>
<arg>headers=${headers}</arg>
<arg>expected_status=400</arg>
<doc>Sends a PUT request on a previously created HTTP Session.</doc>
<msg timestamp="20230814 21:52:03.129" level="INFO">PUT Request : url=http://localhost:8080/api/v1/addActor 
 path_url=/api/v1/addActor 
 headers={'User-Agent': 'python-requests/2.27.1', 'Accept-Encoding': 'gzip, deflate', 'Accept': '*/*', 'Connection': 'keep-alive', 'Content-Type': 'application/json', 'Content-Length': '24'} 
 body=b'{"name": "Leo DiCaprio"}' 
 </msg>
<msg timestamp="20230814 21:52:03.131" level="INFO">PUT Response : url=http://localhost:8080/api/v1/addActor 
 status=400, reason=Bad Request 
 headers={'Date': 'Tue, 15 Aug 2023 04:52:03 GMT', 'Content-length': '22'} 
 body=cannot understand json 
 </msg>
<msg timestamp="20230814 21:52:03.131" level="INFO">${resp} = &lt;Response [400]&gt;</msg>
<status status="PASS" starttime="20230814 21:52:03.048" endtime="20230814 21:52:03.132"/>
</kw>
<timeout value="30 seconds"/>
<status status="PASS" starttime="20230814 21:52:03.044" endtime="20230814 21:52:03.133"/>
</test>
<test id="s1-t3" name="addMoviePass" line="23">
<kw name="Create Dictionary" library="BuiltIn">
<var>${headers}</var>
<arg>Content-Type=application/json</arg>
<doc>Creates and returns a dictionary based on the given ``items``.</doc>
<msg timestamp="20230814 21:52:03.139" level="INFO">${headers} = {'Content-Type': 'application/json'}</msg>
<status status="PASS" starttime="20230814 21:52:03.137" endtime="20230814 21:52:03.139"/>
</kw>
<kw name="Create Dictionary" library="BuiltIn">
<var>${params}</var>
<arg>name=Oppenheimer</arg>
<arg>movieId=OP1</arg>
<doc>Creates and returns a dictionary based on the given ``items``.</doc>
<msg timestamp="20230814 21:52:03.141" level="INFO">${params} = {'name': 'Oppenheimer', 'movieId': 'OP1'}</msg>
<status status="PASS" starttime="20230814 21:52:03.140" endtime="20230814 21:52:03.141"/>
</kw>
<kw name="PUT On Session" library="RequestsLibrary">
<var>${resp}</var>
<arg>localhost</arg>
<arg>/api/v1/addMovie</arg>
<arg>json=${params}</arg>
<arg>headers=${headers}</arg>
<arg>expected_status=200</arg>
<doc>Sends a PUT request on a previously created HTTP Session.</doc>
<msg timestamp="20230814 21:52:03.218" level="INFO">PUT Request : url=http://localhost:8080/api/v1/addMovie 
 path_url=/api/v1/addMovie 
 headers={'User-Agent': 'python-requests/2.27.1', 'Accept-Encoding': 'gzip, deflate', 'Accept': '*/*', 'Connection': 'keep-alive', 'Content-Type': 'application/json', 'Content-Length': '41'} 
 body=b'{"name": "Oppenheimer", "movieId": "OP1"}' 
 </msg>
<msg timestamp="20230814 21:52:03.219" level="INFO">PUT Response : url=http://localhost:8080/api/v1/addMovie 
 status=200, reason=OK 
 headers={'Date': 'Tue, 15 Aug 2023 04:52:03 GMT', 'Content-length': '12'} 
 body=Movies added 
 </msg>
<msg timestamp="20230814 21:52:03.220" level="INFO">${resp} = &lt;Response [200]&gt;</msg>
<status status="PASS" starttime="20230814 21:52:03.142" endtime="20230814 21:52:03.220"/>
</kw>
<timeout value="30 seconds"/>
<status status="PASS" starttime="20230814 21:52:03.135" endtime="20230814 21:52:03.222"/>
</test>
<test id="s1-t4" name="addMovieFail" line="31">
<kw name="Create Dictionary" library="BuiltIn">
<var>${headers}</var>
<arg>Content-Type=application/json</arg>
<doc>Creates and returns a dictionary based on the given ``items``.</doc>
<msg timestamp="20230814 21:52:03.227" level="INFO">${headers} = {'Content-Type': 'application/json'}</msg>
<status status="PASS" starttime="20230814 21:52:03.226" endtime="20230814 21:52:03.227"/>
</kw>
<kw name="Create Dictionary" library="BuiltIn">
<var>${params}</var>
<arg>name=Oppenheimer</arg>
<arg>movieIdentification=OP1</arg>
<doc>Creates and returns a dictionary based on the given ``items``.</doc>
<msg timestamp="20230814 21:52:03.229" level="INFO">${params} = {'name': 'Oppenheimer', 'movieIdentification': 'OP1'}</msg>
<status status="PASS" starttime="20230814 21:52:03.228" endtime="20230814 21:52:03.229"/>
</kw>
<kw name="PUT On Session" library="RequestsLibrary">
<var>${resp}</var>
<arg>localhost</arg>
<arg>/api/v1/addMovie</arg>
<arg>json=${params}</arg>
<arg>headers=${headers}</arg>
<arg>expected_status=400</arg>
<doc>Sends a PUT request on a previously created HTTP Session.</doc>
<msg timestamp="20230814 21:52:03.277" level="INFO">PUT Request : url=http://localhost:8080/api/v1/addMovie 
 path_url=/api/v1/addMovie 
 headers={'User-Agent': 'python-requests/2.27.1', 'Accept-Encoding': 'gzip, deflate', 'Accept': '*/*', 'Connection': 'keep-alive', 'Content-Type': 'application/json', 'Content-Length': '53'} 
 body=b'{"name": "Oppenheimer", "movieIdentification": "OP1"}' 
 </msg>
<msg timestamp="20230814 21:52:03.278" level="INFO">PUT Response : url=http://localhost:8080/api/v1/addMovie 
 status=400, reason=Bad Request 
 headers={'Date': 'Tue, 15 Aug 2023 04:52:03 GMT', 'Content-length': '22'} 
 body=cannot understand json 
 </msg>
<msg timestamp="20230814 21:52:03.278" level="INFO">${resp} = &lt;Response [400]&gt;</msg>
<status status="PASS" starttime="20230814 21:52:03.229" endtime="20230814 21:52:03.278"/>
</kw>
<timeout value="30 seconds"/>
<status status="PASS" starttime="20230814 21:52:03.225" endtime="20230814 21:52:03.279"/>
</test>
<test id="s1-t5" name="addRelationshipPass" line="39">
<kw name="Create Dictionary" library="BuiltIn">
<var>${headers}</var>
<arg>Content-Type=application/json</arg>
<doc>Creates and returns a dictionary based on the given ``items``.</doc>
<msg timestamp="20230814 21:52:03.285" level="INFO">${headers} = {'Content-Type': 'application/json'}</msg>
<status status="PASS" starttime="20230814 21:52:03.284" endtime="20230814 21:52:03.285"/>
</kw>
<kw name="Create Dictionary" library="BuiltIn">
<var>${actor_data}</var>
<arg>name=Leo DiCaprio</arg>
<arg>actorId=LDC1</arg>
<doc>Creates and returns a dictionary based on the given ``items``.</doc>
<msg timestamp="20230814 21:52:03.287" level="INFO">${actor_data} = {'name': 'Leo DiCaprio', 'actorId': 'LDC1'}</msg>
<status status="PASS" starttime="20230814 21:52:03.286" endtime="20230814 21:52:03.287"/>
</kw>
<kw name="Create Dictionary" library="BuiltIn">
<var>${movie_data}</var>
<arg>name=The Revenant</arg>
<arg>movieId=TRVN1</arg>
<doc>Creates and returns a dictionary based on the given ``items``.</doc>
<msg timestamp="20230814 21:52:03.290" level="INFO">${movie_data} = {'name': 'The Revenant', 'movieId': 'TRVN1'}</msg>
<status status="PASS" starttime="20230814 21:52:03.288" endtime="20230814 21:52:03.290"/>
</kw>
<kw name="PUT On Session" library="RequestsLibrary">
<var>${actor_resp}</var>
<arg>localhost</arg>
<arg>/api/v1/addActor</arg>
<arg>json=${actor_data}</arg>
<arg>headers=${headers}</arg>
<arg>expected_status=200</arg>
<doc>Sends a PUT request on a previously created HTTP Session.</doc>
<msg timestamp="20230814 21:52:03.374" level="INFO">PUT Request : url=http://localhost:8080/api/v1/addActor 
 path_url=/api/v1/addActor 
 headers={'User-Agent': 'python-requests/2.27.1', 'Accept-Encoding': 'gzip, deflate', 'Accept': '*/*', 'Connection': 'keep-alive', 'Content-Type': 'application/json', 'Content-Length': '43'} 
 body=b'{"name": "Leo DiCaprio", "actorId": "LDC1"}' 
 </msg>
<msg timestamp="20230814 21:52:03.374" level="INFO">PUT Response : url=http://localhost:8080/api/v1/addActor 
 status=200, reason=OK 
 headers={'Date': 'Tue, 15 Aug 2023 04:52:03 GMT', 'Content-length': '11'} 
 body=Actor added 
 </msg>
<msg timestamp="20230814 21:52:03.375" level="INFO">${actor_resp} = &lt;Response [200]&gt;</msg>
<status status="PASS" starttime="20230814 21:52:03.291" endtime="20230814 21:52:03.375"/>
</kw>
<kw name="PUT On Session" library="RequestsLibrary">
<var>${movie_resp}</var>
<arg>localhost</arg>
<arg>/api/v1/addMovie</arg>
<arg>json=${movie_data}</arg>
<arg>headers=${headers}</arg>
<arg>expected_status=200</arg>
<doc>Sends a PUT request on a previously created HTTP Session.</doc>
<msg timestamp="20230814 21:52:03.455" level="INFO">PUT Request : url=http://localhost:8080/api/v1/addMovie 
 path_url=/api/v1/addMovie 
 headers={'User-Agent': 'python-requests/2.27.1', 'Accept-Encoding': 'gzip, deflate', 'Accept': '*/*', 'Connection': 'keep-alive', 'Content-Type': 'application/json', 'Content-Length': '44'} 
 body=b'{"name": "The Revenant", "movieId": "TRVN1"}' 
 </msg>
<msg timestamp="20230814 21:52:03.456" level="INFO">PUT Response : url=http://localhost:8080/api/v1/addMovie 
 status=200, reason=OK 
 headers={'Date': 'Tue, 15 Aug 2023 04:52:03 GMT', 'Content-length': '12'} 
 body=Movies added 
 </msg>
<msg timestamp="20230814 21:52:03.457" level="INFO">${movie_resp} = &lt;Response [200]&gt;</msg>
<status status="PASS" starttime="20230814 21:52:03.376" endtime="20230814 21:52:03.457"/>
</kw>
<kw name="Create Dictionary" library="BuiltIn">
<var>${params}</var>
<arg>actorId=LDC1</arg>
<arg>movieId=TRVN1</arg>
<doc>Creates and returns a dictionary based on the given ``items``.</doc>
<msg timestamp="20230814 21:52:03.460" level="INFO">${params} = {'actorId': 'LDC1', 'movieId': 'TRVN1'}</msg>
<status status="PASS" starttime="20230814 21:52:03.459" endtime="20230814 21:52:03.461"/>
</kw>
<kw name="PUT On Session" library="RequestsLibrary">
<var>${resp}</var>
<arg>localhost</arg>
<arg>/api/v1/addRelationship</arg>
<arg>json=${params}</arg>
<arg>headers=${headers}</arg>
<arg>expected_status=200</arg>
<doc>Sends a PUT request on a previously created HTTP Session.</doc>
<msg timestamp="20230814 21:52:03.577" level="INFO">PUT Request : url=http://localhost:8080/api/v1/addRelationship 
 path_url=/api/v1/addRelationship 
 headers={'User-Agent': 'python-requests/2.27.1', 'Accept-Encoding': 'gzip, deflate', 'Accept': '*/*', 'Connection': 'keep-alive', 'Content-Type': 'application/json', 'Content-Length': '39'} 
 body=b'{"actorId": "LDC1", "movieId": "TRVN1"}' 
 </msg>
<msg timestamp="20230814 21:52:03.577" level="INFO">PUT Response : url=http://localhost:8080/api/v1/addRelationship 
 status=200, reason=OK 
 headers={'Date': 'Tue, 15 Aug 2023 04:52:03 GMT', 'Content-length': '18'} 
 body=relationship added 
 </msg>
<msg timestamp="20230814 21:52:03.578" level="INFO">${resp} = &lt;Response [200]&gt;</msg>
<status status="PASS" starttime="20230814 21:52:03.461" endtime="20230814 21:52:03.578"/>
</kw>
<timeout value="30 seconds"/>
<status status="PASS" starttime="20230814 21:52:03.282" endtime="20230814 21:52:03.579"/>
</test>
<test id="s1-t6" name="addRelationshipFail" line="55">
<kw name="Create Dictionary" library="BuiltIn">
<var>${headers}</var>
<arg>Content-Type=application/json</arg>
<doc>Creates and returns a dictionary based on the given ``items``.</doc>
<msg timestamp="20230814 21:52:03.585" level="INFO">${headers} = {'Content-Type': 'application/json'}</msg>
<status status="PASS" starttime="20230814 21:52:03.583" endtime="20230814 21:52:03.585"/>
</kw>
<kw name="Create Dictionary" library="BuiltIn">
<var>${params}</var>
<arg>actorId=LDC1</arg>
<arg>movieId=TRVN2</arg>
<doc>Creates and returns a dictionary based on the given ``items``.</doc>
<msg timestamp="20230814 21:52:03.587" level="INFO">${params} = {'actorId': 'LDC1', 'movieId': 'TRVN2'}</msg>
<status status="PASS" starttime="20230814 21:52:03.586" endtime="20230814 21:52:03.588"/>
</kw>
<kw name="PUT On Session" library="RequestsLibrary">
<var>${resp}</var>
<arg>localhost</arg>
<arg>/api/v1/addRelationship</arg>
<arg>json=${params}</arg>
<arg>headers=${headers}</arg>
<arg>expected_status=404</arg>
<doc>Sends a PUT request on a previously created HTTP Session.</doc>
<msg timestamp="20230814 21:52:03.686" level="INFO">PUT Request : url=http://localhost:8080/api/v1/addRelationship 
 path_url=/api/v1/addRelationship 
 headers={'User-Agent': 'python-requests/2.27.1', 'Accept-Encoding': 'gzip, deflate', 'Accept': '*/*', 'Connection': 'keep-alive', 'Content-Type': 'application/json', 'Content-Length': '39'} 
 body=b'{"actorId": "LDC1", "movieId": "TRVN2"}' 
 </msg>
<msg timestamp="20230814 21:52:03.687" level="INFO">PUT Response : url=http://localhost:8080/api/v1/addRelationship 
 status=404, reason=Not Found 
 headers={'Date': 'Tue, 15 Aug 2023 04:52:03 GMT', 'Content-length': '25'} 
 body=Not found what u look for 
 </msg>
<msg timestamp="20230814 21:52:03.688" level="INFO">${resp} = &lt;Response [404]&gt;</msg>
<status status="PASS" starttime="20230814 21:52:03.589" endtime="20230814 21:52:03.689"/>
</kw>
<timeout value="30 seconds"/>
<status status="PASS" starttime="20230814 21:52:03.582" endtime="20230814 21:52:03.690"/>
</test>
<test id="s1-t7" name="getActorPass" line="65">
<kw name="Create Dictionary" library="BuiltIn">
<var>${headers}</var>
<arg>Content-Type=application/json</arg>
<doc>Creates and returns a dictionary based on the given ``items``.</doc>
<msg timestamp="20230814 21:52:03.702" level="INFO">${headers} = {'Content-Type': 'application/json'}</msg>
<status status="PASS" starttime="20230814 21:52:03.701" endtime="20230814 21:52:03.702"/>
</kw>
<kw name="Create Dictionary" library="BuiltIn">
<var>${actor_data}</var>
<arg>name=Leo DiCaprio</arg>
<arg>actorId=LD1</arg>
<doc>Creates and returns a dictionary based on the given ``items``.</doc>
<msg timestamp="20230814 21:52:03.704" level="INFO">${actor_data} = {'name': 'Leo DiCaprio', 'actorId': 'LD1'}</msg>
<status status="PASS" starttime="20230814 21:52:03.703" endtime="20230814 21:52:03.704"/>
</kw>
<kw name="Create Dictionary" library="BuiltIn">
<var>${movie_data2}</var>
<arg>name=The Wolf of Wall Street</arg>
<arg>movieId=TWOWS1</arg>
<doc>Creates and returns a dictionary based on the given ``items``.</doc>
<msg timestamp="20230814 21:52:03.706" level="INFO">${movie_data2} = {'name': 'The Wolf of Wall Street', 'movieId': 'TWOWS1'}</msg>
<status status="PASS" starttime="20230814 21:52:03.705" endtime="20230814 21:52:03.706"/>
</kw>
<kw name="PUT On Session" library="RequestsLibrary">
<var>${movie_resp2}</var>
<arg>localhost</arg>
<arg>/api/v1/addMovie</arg>
<arg>json=${movie_data2}</arg>
<arg>headers=${headers}</arg>
<arg>expected_status=200</arg>
<doc>Sends a PUT request on a previously created HTTP Session.</doc>
<msg timestamp="20230814 21:52:03.793" level="INFO">PUT Request : url=http://localhost:8080/api/v1/addMovie 
 path_url=/api/v1/addMovie 
 headers={'User-Agent': 'python-requests/2.27.1', 'Accept-Encoding': 'gzip, deflate', 'Accept': '*/*', 'Connection': 'keep-alive', 'Content-Type': 'application/json', 'Content-Length': '56'} 
 body=b'{"name": "The Wolf of Wall Street", "movieId": "TWOWS1"}' 
 </msg>
<msg timestamp="20230814 21:52:03.794" level="INFO">PUT Response : url=http://localhost:8080/api/v1/addMovie 
 status=200, reason=OK 
 headers={'Date': 'Tue, 15 Aug 2023 04:52:03 GMT', 'Content-length': '12'} 
 body=Movies added 
 </msg>
<msg timestamp="20230814 21:52:03.794" level="INFO">${movie_resp2} = &lt;Response [200]&gt;</msg>
<status status="PASS" starttime="20230814 21:52:03.708" endtime="20230814 21:52:03.794"/>
</kw>
<kw name="Create Dictionary" library="BuiltIn">
<var>${relationship_data1}</var>
<arg>actorId=LD1</arg>
<arg>movieId=TRVN1</arg>
<doc>Creates and returns a dictionary based on the given ``items``.</doc>
<msg timestamp="20230814 21:52:03.797" level="INFO">${relationship_data1} = {'actorId': 'LD1', 'movieId': 'TRVN1'}</msg>
<status status="PASS" starttime="20230814 21:52:03.795" endtime="20230814 21:52:03.797"/>
</kw>
<kw name="PUT On Session" library="RequestsLibrary">
<var>${relationship_resp1}</var>
<arg>localhost</arg>
<arg>/api/v1/addRelationship</arg>
<arg>json=${relationship_data1}</arg>
<arg>headers=${headers}</arg>
<arg>expected_status=200</arg>
<doc>Sends a PUT request on a previously created HTTP Session.</doc>
<msg timestamp="20230814 21:52:03.888" level="INFO">PUT Request : url=http://localhost:8080/api/v1/addRelationship 
 path_url=/api/v1/addRelationship 
 headers={'User-Agent': 'python-requests/2.27.1', 'Accept-Encoding': 'gzip, deflate', 'Accept': '*/*', 'Connection': 'keep-alive', 'Content-Type': 'application/json', 'Content-Length': '38'} 
 body=b'{"actorId": "LD1", "movieId": "TRVN1"}' 
 </msg>
<msg timestamp="20230814 21:52:03.888" level="INFO">PUT Response : url=http://localhost:8080/api/v1/addRelationship 
 status=200, reason=OK 
 headers={'Date': 'Tue, 15 Aug 2023 04:52:03 GMT', 'Content-length': '18'} 
 body=relationship added 
 </msg>
<msg timestamp="20230814 21:52:03.889" level="INFO">${relationship_resp1} = &lt;Response [200]&gt;</msg>
<status status="PASS" starttime="20230814 21:52:03.798" endtime="20230814 21:52:03.889"/>
</kw>
<kw name="Create Dictionary" library="BuiltIn">
<var>${relationship_data2}</var>
<arg>actorId=LD1</arg>
<arg>movieId=TWOWS1</arg>
<doc>Creates and returns a dictionary based on the given ``items``.</doc>
<msg timestamp="20230814 21:52:03.891" level="INFO">${relationship_data2} = {'actorId': 'LD1', 'movieId': 'TWOWS1'}</msg>
<status status="PASS" starttime="20230814 21:52:03.890" endtime="20230814 21:52:03.891"/>
</kw>
<kw name="PUT On Session" library="RequestsLibrary">
<var>${relationship_resp2}</var>
<arg>localhost</arg>
<arg>/api/v1/addRelationship</arg>
<arg>json=${relationship_data2}</arg>
<arg>headers=${headers}</arg>
<arg>expected_status=200</arg>
<doc>Sends a PUT request on a previously created HTTP Session.</doc>
<msg timestamp="20230814 21:52:03.971" level="INFO">PUT Request : url=http://localhost:8080/api/v1/addRelationship 
 path_url=/api/v1/addRelationship 
 headers={'User-Agent': 'python-requests/2.27.1', 'Accept-Encoding': 'gzip, deflate', 'Accept': '*/*', 'Connection': 'keep-alive', 'Content-Type': 'application/json', 'Content-Length': '39'} 
 body=b'{"actorId": "LD1", "movieId": "TWOWS1"}' 
 </msg>
<msg timestamp="20230814 21:52:03.972" level="INFO">PUT Response : url=http://localhost:8080/api/v1/addRelationship 
 status=200, reason=OK 
 headers={'Date': 'Tue, 15 Aug 2023 04:52:03 GMT', 'Content-length': '18'} 
 body=relationship added 
 </msg>
<msg timestamp="20230814 21:52:03.973" level="INFO">${relationship_resp2} = &lt;Response [200]&gt;</msg>
<status status="PASS" starttime="20230814 21:52:03.892" endtime="20230814 21:52:03.973"/>
</kw>
<kw name="Set Variable" library="BuiltIn">
<var>${actor_id}</var>
<arg>LD1</arg>
<doc>Returns the given values which can then be assigned to a variables.</doc>
<msg timestamp="20230814 21:52:03.977" level="INFO">${actor_id} = LD1</msg>
<status status="PASS" starttime="20230814 21:52:03.975" endtime="20230814 21:52:03.977"/>
</kw>
<kw name="GET On Session" library="RequestsLibrary">
<var>${resp}</var>
<arg>localhost</arg>
<arg>url=/api/v1/getActor?actorId=${actor_id}</arg>
<arg>headers=${headers}</arg>
<arg>expected_status=200</arg>
<doc>Sends a GET request on a previously created HTTP Session.</doc>
<msg timestamp="20230814 21:52:04.074" level="INFO">GET Request : url=http://localhost:8080/api/v1/getActor?actorId=LD1 
 path_url=/api/v1/getActor?actorId=LD1 
 headers={'User-Agent': 'python-requests/2.27.1', 'Accept-Encoding': 'gzip, deflate', 'Accept': '*/*', 'Connection': 'keep-alive', 'Content-Type': 'application/json'} 
 body=None 
 </msg>
<msg timestamp="20230814 21:52:04.075" level="INFO">GET Response : url=http://localhost:8080/api/v1/getActor?actorId=LD1 
 status=200, reason=OK 
 headers={'Date': 'Tue, 15 Aug 2023 04:52:04 GMT', 'Content-length': '67'} 
 body={"movies":["TWOWS1","TRVN1"],"actorId":"LD1","name":"Leo DiCaprio"} 
 </msg>
<msg timestamp="20230814 21:52:04.076" level="INFO">${resp} = &lt;Response [200]&gt;</msg>
<status status="PASS" starttime="20230814 21:52:03.979" endtime="20230814 21:52:04.076"/>
</kw>
<kw name="Log To Console" library="BuiltIn">
<arg>${resp.json()}</arg>
<doc>Logs the given message to the console.</doc>
<status status="PASS" starttime="20230814 21:52:04.077" endtime="20230814 21:52:04.080"/>
</kw>
<kw name="Set Variable" library="BuiltIn">
<var>${actor_name}</var>
<arg>${resp.json()['name']}</arg>
<doc>Returns the given values which can then be assigned to a variables.</doc>
<msg timestamp="20230814 21:52:04.083" level="INFO">${actor_name} = Leo DiCaprio</msg>
<status status="PASS" starttime="20230814 21:52:04.080" endtime="20230814 21:52:04.083"/>
</kw>
<kw name="Set Variable" library="BuiltIn">
<var>${movies_acted_in}</var>
<arg>${resp.json()['movies']}</arg>
<doc>Returns the given values which can then be assigned to a variables.</doc>
<msg timestamp="20230814 21:52:04.088" level="INFO">${movies_acted_in} = ['TWOWS1', 'TRVN1']</msg>
<status status="PASS" starttime="20230814 21:52:04.084" endtime="20230814 21:52:04.088"/>
</kw>
<kw name="Should Be Equal As Strings" library="BuiltIn">
<arg>${actor_name}</arg>
<arg>Leo DiCaprio</arg>
<doc>Fails if objects are unequal after converting them to strings.</doc>
<status status="PASS" starttime="20230814 21:52:04.090" endtime="20230814 21:52:04.093"/>
</kw>
<kw name="Should Contain" library="BuiltIn">
<arg>${movies_acted_in}</arg>
<arg>TRVN1</arg>
<doc>Fails if ``container`` does not contain ``item`` one or more times.</doc>
<status status="PASS" starttime="20230814 21:52:04.094" endtime="20230814 21:52:04.096"/>
</kw>
<kw name="Should Contain" library="BuiltIn">
<arg>${movies_acted_in}</arg>
<arg>TWOWS1</arg>
<doc>Fails if ``container`` does not contain ``item`` one or more times.</doc>
<status status="PASS" starttime="20230814 21:52:04.096" endtime="20230814 21:52:04.097"/>
</kw>
<kw name="Should Be Equal As Strings" library="BuiltIn">
<arg>${actor_id}</arg>
<arg>LD1</arg>
<doc>Fails if objects are unequal after converting them to strings.</doc>
<status status="PASS" starttime="20230814 21:52:04.098" endtime="20230814 21:52:04.099"/>
</kw>
<timeout value="30 seconds"/>
<status status="PASS" starttime="20230814 21:52:03.699" endtime="20230814 21:52:04.101"/>
</test>
<test id="s1-t8" name="getActorFail" line="101">
<kw name="Create Dictionary" library="BuiltIn">
<var>${headers}</var>
<arg>Content-Type=application/json</arg>
<doc>Creates and returns a dictionary based on the given ``items``.</doc>
<msg timestamp="20230814 21:52:04.106" level="INFO">${headers} = {'Content-Type': 'application/json'}</msg>
<status status="PASS" starttime="20230814 21:52:04.105" endtime="20230814 21:52:04.106"/>
</kw>
<kw name="Create Dictionary" library="BuiltIn">
<var>${actor_data}</var>
<arg>name=Leo DiCaprio</arg>
<arg>actorId=LD1</arg>
<doc>Creates and returns a dictionary based on the given ``items``.</doc>
<msg timestamp="20230814 21:52:04.109" level="INFO">${actor_data} = {'name': 'Leo DiCaprio', 'actorId': 'LD1'}</msg>
<status status="PASS" starttime="20230814 21:52:04.107" endtime="20230814 21:52:04.109"/>
</kw>
<kw name="Set Variable" library="BuiltIn">
<var>${actor_id}</var>
<arg>LD2</arg>
<doc>Returns the given values which can then be assigned to a variables.</doc>
<msg timestamp="20230814 21:52:04.114" level="INFO">${actor_id} = LD2</msg>
<status status="PASS" starttime="20230814 21:52:04.110" endtime="20230814 21:52:04.114"/>
</kw>
<kw name="GET On Session" library="RequestsLibrary">
<var>${resp}</var>
<arg>localhost</arg>
<arg>url=/api/v1/getActor?actorId=${actor_id}</arg>
<arg>headers=${headers}</arg>
<arg>expected_status=404</arg>
<doc>Sends a GET request on a previously created HTTP Session.</doc>
<msg timestamp="20230814 21:52:04.177" level="INFO">GET Request : url=http://localhost:8080/api/v1/getActor?actorId=LD2 
 path_url=/api/v1/getActor?actorId=LD2 
 headers={'User-Agent': 'python-requests/2.27.1', 'Accept-Encoding': 'gzip, deflate', 'Accept': '*/*', 'Connection': 'keep-alive', 'Content-Type': 'application/json'} 
 body=None 
 </msg>
<msg timestamp="20230814 21:52:04.177" level="INFO">GET Response : url=http://localhost:8080/api/v1/getActor?actorId=LD2 
 status=404, reason=Not Found 
 headers={'Date': 'Tue, 15 Aug 2023 04:52:04 GMT', 'Content-length': '25'} 
 body=Not found what u look for 
 </msg>
<msg timestamp="20230814 21:52:04.178" level="INFO">${resp} = &lt;Response [404]&gt;</msg>
<status status="PASS" starttime="20230814 21:52:04.115" endtime="20230814 21:52:04.178"/>
</kw>
<timeout value="30 seconds"/>
<status status="PASS" starttime="20230814 21:52:04.103" endtime="20230814 21:52:04.179"/>
</test>
<test id="s1-t9" name="getMoviePass" line="109">
<kw name="Create Dictionary" library="BuiltIn">
<var>${headers}</var>
<arg>Content-Type=application/json</arg>
<doc>Creates and returns a dictionary based on the given ``items``.</doc>
<msg timestamp="20230814 21:52:04.185" level="INFO">${headers} = {'Content-Type': 'application/json'}</msg>
<status status="PASS" starttime="20230814 21:52:04.183" endtime="20230814 21:52:04.185"/>
</kw>
<kw name="Create Dictionary" library="BuiltIn">
<var>${movie_data}</var>
<arg>name=Oppenheimer</arg>
<arg>movieId=OP1</arg>
<doc>Creates and returns a dictionary based on the given ``items``.</doc>
<msg timestamp="20230814 21:52:04.187" level="INFO">${movie_data} = {'name': 'Oppenheimer', 'movieId': 'OP1'}</msg>
<status status="PASS" starttime="20230814 21:52:04.186" endtime="20230814 21:52:04.187"/>
</kw>
<kw name="Create Dictionary" library="BuiltIn">
<var>${actor_data1}</var>
<arg>name=Cillian Murphy</arg>
<arg>actorId=CM1</arg>
<doc>Creates and returns a dictionary based on the given ``items``.</doc>
<msg timestamp="20230814 21:52:04.189" level="INFO">${actor_data1} = {'name': 'Cillian Murphy', 'actorId': 'CM1'}</msg>
<status status="PASS" starttime="20230814 21:52:04.188" endtime="20230814 21:52:04.189"/>
</kw>
<kw name="Create Dictionary" library="BuiltIn">
<var>${actor_data2}</var>
<arg>name=Rami Malek</arg>
<arg>actorId=RM1</arg>
<doc>Creates and returns a dictionary based on the given ``items``.</doc>
<msg timestamp="20230814 21:52:04.192" level="INFO">${actor_data2} = {'name': 'Rami Malek', 'actorId': 'RM1'}</msg>
<status status="PASS" starttime="20230814 21:52:04.190" endtime="20230814 21:52:04.192"/>
</kw>
<kw name="PUT On Session" library="RequestsLibrary">
<var>${actor_resp1}</var>
<arg>localhost</arg>
<arg>/api/v1/addActor</arg>
<arg>json=${actor_data1}</arg>
<arg>headers=${headers}</arg>
<arg>expected_status=200</arg>
<doc>Sends a PUT request on a previously created HTTP Session.</doc>
<msg timestamp="20230814 21:52:04.267" level="INFO">PUT Request : url=http://localhost:8080/api/v1/addActor 
 path_url=/api/v1/addActor 
 headers={'User-Agent': 'python-requests/2.27.1', 'Accept-Encoding': 'gzip, deflate', 'Accept': '*/*', 'Connection': 'keep-alive', 'Content-Type': 'application/json', 'Content-Length': '44'} 
 body=b'{"name": "Cillian Murphy", "actorId": "CM1"}' 
 </msg>
<msg timestamp="20230814 21:52:04.268" level="INFO">PUT Response : url=http://localhost:8080/api/v1/addActor 
 status=200, reason=OK 
 headers={'Date': 'Tue, 15 Aug 2023 04:52:04 GMT', 'Content-length': '11'} 
 body=Actor added 
 </msg>
<msg timestamp="20230814 21:52:04.268" level="INFO">${actor_resp1} = &lt;Response [200]&gt;</msg>
<status status="PASS" starttime="20230814 21:52:04.193" endtime="20230814 21:52:04.268"/>
</kw>
<kw name="PUT On Session" library="RequestsLibrary">
<var>${actor_resp1}</var>
<arg>localhost</arg>
<arg>/api/v1/addActor</arg>
<arg>json=${actor_data2}</arg>
<arg>headers=${headers}</arg>
<arg>expected_status=200</arg>
<doc>Sends a PUT request on a previously created HTTP Session.</doc>
<msg timestamp="20230814 21:52:04.337" level="INFO">PUT Request : url=http://localhost:8080/api/v1/addActor 
 path_url=/api/v1/addActor 
 headers={'User-Agent': 'python-requests/2.27.1', 'Accept-Encoding': 'gzip, deflate', 'Accept': '*/*', 'Connection': 'keep-alive', 'Content-Type': 'application/json', 'Content-Length': '40'} 
 body=b'{"name": "Rami Malek", "actorId": "RM1"}' 
 </msg>
<msg timestamp="20230814 21:52:04.338" level="INFO">PUT Response : url=http://localhost:8080/api/v1/addActor 
 status=200, reason=OK 
 headers={'Date': 'Tue, 15 Aug 2023 04:52:04 GMT', 'Content-length': '11'} 
 body=Actor added 
 </msg>
<msg timestamp="20230814 21:52:04.338" level="INFO">${actor_resp1} = &lt;Response [200]&gt;</msg>
<status status="PASS" starttime="20230814 21:52:04.270" endtime="20230814 21:52:04.338"/>
</kw>
<kw name="Create Dictionary" library="BuiltIn">
<var>${relationship_data1}</var>
<arg>actorId=CM1</arg>
<arg>movieId=OP1</arg>
<doc>Creates and returns a dictionary based on the given ``items``.</doc>
<msg timestamp="20230814 21:52:04.341" level="INFO">${relationship_data1} = {'actorId': 'CM1', 'movieId': 'OP1'}</msg>
<status status="PASS" starttime="20230814 21:52:04.340" endtime="20230814 21:52:04.341"/>
</kw>
<kw name="PUT On Session" library="RequestsLibrary">
<var>${relationship_resp1}</var>
<arg>localhost</arg>
<arg>/api/v1/addRelationship</arg>
<arg>json=${relationship_data1}</arg>
<arg>headers=${headers}</arg>
<arg>expected_status=200</arg>
<doc>Sends a PUT request on a previously created HTTP Session.</doc>
<msg timestamp="20230814 21:52:04.423" level="INFO">PUT Request : url=http://localhost:8080/api/v1/addRelationship 
 path_url=/api/v1/addRelationship 
 headers={'User-Agent': 'python-requests/2.27.1', 'Accept-Encoding': 'gzip, deflate', 'Accept': '*/*', 'Connection': 'keep-alive', 'Content-Type': 'application/json', 'Content-Length': '36'} 
 body=b'{"actorId": "CM1", "movieId": "OP1"}' 
 </msg>
<msg timestamp="20230814 21:52:04.423" level="INFO">PUT Response : url=http://localhost:8080/api/v1/addRelationship 
 status=200, reason=OK 
 headers={'Date': 'Tue, 15 Aug 2023 04:52:04 GMT', 'Content-length': '18'} 
 body=relationship added 
 </msg>
<msg timestamp="20230814 21:52:04.424" level="INFO">${relationship_resp1} = &lt;Response [200]&gt;</msg>
<status status="PASS" starttime="20230814 21:52:04.342" endtime="20230814 21:52:04.424"/>
</kw>
<kw name="Create Dictionary" library="BuiltIn">
<var>${relationship_data2}</var>
<arg>actorId=RM1</arg>
<arg>movieId=OP1</arg>
<doc>Creates and returns a dictionary based on the given ``items``.</doc>
<msg timestamp="20230814 21:52:04.426" level="INFO">${relationship_data2} = {'actorId': 'RM1', 'movieId': 'OP1'}</msg>
<status status="PASS" starttime="20230814 21:52:04.425" endtime="20230814 21:52:04.426"/>
</kw>
<kw name="PUT On Session" library="RequestsLibrary">
<var>${relationship_resp2}</var>
<arg>localhost</arg>
<arg>/api/v1/addRelationship</arg>
<arg>json=${relationship_data2}</arg>
<arg>headers=${headers}</arg>
<arg>expected_status=200</arg>
<doc>Sends a PUT request on a previously created HTTP Session.</doc>
<msg timestamp="20230814 21:52:04.509" level="INFO">PUT Request : url=http://localhost:8080/api/v1/addRelationship 
 path_url=/api/v1/addRelationship 
 headers={'User-Agent': 'python-requests/2.27.1', 'Accept-Encoding': 'gzip, deflate', 'Accept': '*/*', 'Connection': 'keep-alive', 'Content-Type': 'application/json', 'Content-Length': '36'} 
 body=b'{"actorId": "RM1", "movieId": "OP1"}' 
 </msg>
<msg timestamp="20230814 21:52:04.509" level="INFO">PUT Response : url=http://localhost:8080/api/v1/addRelationship 
 status=200, reason=OK 
 headers={'Date': 'Tue, 15 Aug 2023 04:52:04 GMT', 'Content-length': '18'} 
 body=relationship added 
 </msg>
<msg timestamp="20230814 21:52:04.509" level="INFO">${relationship_resp2} = &lt;Response [200]&gt;</msg>
<status status="PASS" starttime="20230814 21:52:04.427" endtime="20230814 21:52:04.510"/>
</kw>
<kw name="Set Variable" library="BuiltIn">
<var>${movie_id}</var>
<arg>OP1</arg>
<doc>Returns the given values which can then be assigned to a variables.</doc>
<msg timestamp="20230814 21:52:04.523" level="INFO">${movie_id} = OP1</msg>
<status status="PASS" starttime="20230814 21:52:04.517" endtime="20230814 21:52:04.523"/>
</kw>
<kw name="GET On Session" library="RequestsLibrary">
<var>${resp}</var>
<arg>localhost</arg>
<arg>url=/api/v1/getMovie?movieId=${movie_id}</arg>
<arg>headers=${headers}</arg>
<arg>expected_status=200</arg>
<doc>Sends a GET request on a previously created HTTP Session.</doc>
<msg timestamp="20230814 21:52:04.631" level="INFO">GET Request : url=http://localhost:8080/api/v1/getMovie?movieId=OP1 
 path_url=/api/v1/getMovie?movieId=OP1 
 headers={'User-Agent': 'python-requests/2.27.1', 'Accept-Encoding': 'gzip, deflate', 'Accept': '*/*', 'Connection': 'keep-alive', 'Content-Type': 'application/json'} 
 body=None 
 </msg>
<msg timestamp="20230814 21:52:04.634" level="INFO">GET Response : url=http://localhost:8080/api/v1/getMovie?movieId=OP1 
 status=200, reason=OK 
 headers={'Date': 'Tue, 15 Aug 2023 04:52:04 GMT', 'Content-length': '61'} 
 body={"actors":["RM1","CM1"],"name":"Oppenheimer","movieId":"OP1"} 
 </msg>
<msg timestamp="20230814 21:52:04.635" level="INFO">${resp} = &lt;Response [200]&gt;</msg>
<status status="PASS" starttime="20230814 21:52:04.525" endtime="20230814 21:52:04.635"/>
</kw>
<kw name="Log To Console" library="BuiltIn">
<arg>${resp.json()}</arg>
<doc>Logs the given message to the console.</doc>
<status status="PASS" starttime="20230814 21:52:04.637" endtime="20230814 21:52:04.667"/>
</kw>
<kw name="Set Variable" library="BuiltIn">
<var>${movie_name}</var>
<arg>${resp.json()['name']}</arg>
<doc>Returns the given values which can then be assigned to a variables.</doc>
<msg timestamp="20230814 21:52:04.679" level="INFO">${movie_name} = Oppenheimer</msg>
<status status="PASS" starttime="20230814 21:52:04.675" endtime="20230814 21:52:04.679"/>
</kw>
<kw name="Set Variable" library="BuiltIn">
<var>${movie_id}</var>
<arg>${resp.json()['movieId']}</arg>
<doc>Returns the given values which can then be assigned to a variables.</doc>
<msg timestamp="20230814 21:52:04.689" level="INFO">${movie_id} = OP1</msg>
<status status="PASS" starttime="20230814 21:52:04.683" endtime="20230814 21:52:04.689"/>
</kw>
<kw name="Set Variable" library="BuiltIn">
<var>${movie_actors}</var>
<arg>${resp.json()['actors']}</arg>
<doc>Returns the given values which can then be assigned to a variables.</doc>
<msg timestamp="20230814 21:52:04.711" level="INFO">${movie_actors} = ['RM1', 'CM1']</msg>
<status status="PASS" starttime="20230814 21:52:04.699" endtime="20230814 21:52:04.711"/>
</kw>
<kw name="Should Be Equal As Strings" library="BuiltIn">
<arg>${movie_name}</arg>
<arg>Oppenheimer</arg>
<doc>Fails if objects are unequal after converting them to strings.</doc>
<status status="PASS" starttime="20230814 21:52:04.713" endtime="20230814 21:52:04.716"/>
</kw>
<kw name="Should Be Equal As Strings" library="BuiltIn">
<arg>${movie_id}</arg>
<arg>OP1</arg>
<doc>Fails if objects are unequal after converting them to strings.</doc>
<status status="PASS" starttime="20230814 21:52:04.719" endtime="20230814 21:52:04.730"/>
</kw>
<kw name="Should Contain" library="BuiltIn">
<arg>${movie_actors}</arg>
<arg>CM1</arg>
<doc>Fails if ``container`` does not contain ``item`` one or more times.</doc>
<status status="PASS" starttime="20230814 21:52:04.737" endtime="20230814 21:52:04.741"/>
</kw>
<kw name="Should Contain" library="BuiltIn">
<arg>${movie_actors}</arg>
<arg>RM1</arg>
<doc>Fails if ``container`` does not contain ``item`` one or more times.</doc>
<status status="PASS" starttime="20230814 21:52:04.744" endtime="20230814 21:52:04.755"/>
</kw>
<timeout value="30 seconds"/>
<status status="PASS" starttime="20230814 21:52:04.182" endtime="20230814 21:52:04.759"/>
</test>
<test id="s1-t10" name="getMovieFail" line="145">
<kw name="Create Dictionary" library="BuiltIn">
<var>${headers}</var>
<arg>Content-Type=application/json</arg>
<doc>Creates and returns a dictionary based on the given ``items``.</doc>
<msg timestamp="20230814 21:52:04.770" level="INFO">${headers} = {'Content-Type': 'application/json'}</msg>
<status status="PASS" starttime="20230814 21:52:04.769" endtime="20230814 21:52:04.770"/>
</kw>
<kw name="Create Dictionary" library="BuiltIn">
<var>${movie_data}</var>
<arg>name=Oppenheimer</arg>
<arg>movieId=OP1</arg>
<doc>Creates and returns a dictionary based on the given ``items``.</doc>
<msg timestamp="20230814 21:52:04.779" level="INFO">${movie_data} = {'name': 'Oppenheimer', 'movieId': 'OP1'}</msg>
<status status="PASS" starttime="20230814 21:52:04.778" endtime="20230814 21:52:04.779"/>
</kw>
<kw name="Create Dictionary" library="BuiltIn">
<var>${actor_data1}</var>
<arg>name=Cillian Murphy</arg>
<arg>actorId=CM1</arg>
<doc>Creates and returns a dictionary based on the given ``items``.</doc>
<msg timestamp="20230814 21:52:04.794" level="INFO">${actor_data1} = {'name': 'Cillian Murphy', 'actorId': 'CM1'}</msg>
<status status="PASS" starttime="20230814 21:52:04.793" endtime="20230814 21:52:04.794"/>
</kw>
<kw name="Create Dictionary" library="BuiltIn">
<var>${actor_data2}</var>
<arg>name=Rami Malek</arg>
<arg>actorId=RM1</arg>
<doc>Creates and returns a dictionary based on the given ``items``.</doc>
<msg timestamp="20230814 21:52:04.799" level="INFO">${actor_data2} = {'name': 'Rami Malek', 'actorId': 'RM1'}</msg>
<status status="PASS" starttime="20230814 21:52:04.797" endtime="20230814 21:52:04.799"/>
</kw>
<kw name="Create Dictionary" library="BuiltIn">
<var>${relationship_data1}</var>
<arg>actorId=CM1</arg>
<arg>movieId=OP1</arg>
<doc>Creates and returns a dictionary based on the given ``items``.</doc>
<msg timestamp="20230814 21:52:04.807" level="INFO">${relationship_data1} = {'actorId': 'CM1', 'movieId': 'OP1'}</msg>
<status status="PASS" starttime="20230814 21:52:04.803" endtime="20230814 21:52:04.807"/>
</kw>
<kw name="Create Dictionary" library="BuiltIn">
<var>${relationship_data2}</var>
<arg>actorId=RM1</arg>
<arg>movieId=OP1</arg>
<doc>Creates and returns a dictionary based on the given ``items``.</doc>
<msg timestamp="20230814 21:52:04.829" level="INFO">${relationship_data2} = {'actorId': 'RM1', 'movieId': 'OP1'}</msg>
<status status="PASS" starttime="20230814 21:52:04.828" endtime="20230814 21:52:04.829"/>
</kw>
<kw name="Set Variable" library="BuiltIn">
<var>${movie_id}</var>
<arg>OP11</arg>
<doc>Returns the given values which can then be assigned to a variables.</doc>
<msg timestamp="20230814 21:52:04.835" level="INFO">${movie_id} = OP11</msg>
<status status="PASS" starttime="20230814 21:52:04.831" endtime="20230814 21:52:04.836"/>
</kw>
<kw name="GET On Session" library="RequestsLibrary">
<var>${resp}</var>
<arg>localhost</arg>
<arg>url=/api/v1/getMovie?movieId=${movie_id}</arg>
<arg>headers=${headers}</arg>
<arg>expected_status=404</arg>
<doc>Sends a GET request on a previously created HTTP Session.</doc>
<msg timestamp="20230814 21:52:04.951" level="INFO">GET Request : url=http://localhost:8080/api/v1/getMovie?movieId=OP11 
 path_url=/api/v1/getMovie?movieId=OP11 
 headers={'User-Agent': 'python-requests/2.27.1', 'Accept-Encoding': 'gzip, deflate', 'Accept': '*/*', 'Connection': 'keep-alive', 'Content-Type': 'application/json'} 
 body=None 
 </msg>
<msg timestamp="20230814 21:52:04.952" level="INFO">GET Response : url=http://localhost:8080/api/v1/getMovie?movieId=OP11 
 status=404, reason=Not Found 
 headers={'Date': 'Tue, 15 Aug 2023 04:52:04 GMT', 'Content-length': '25'} 
 body=Not found what u look for 
 </msg>
<msg timestamp="20230814 21:52:04.953" level="INFO">${resp} = &lt;Response [404]&gt;</msg>
<status status="PASS" starttime="20230814 21:52:04.855" endtime="20230814 21:52:04.953"/>
</kw>
<timeout value="30 seconds"/>
<status status="PASS" starttime="20230814 21:52:04.766" endtime="20230814 21:52:04.954"/>
</test>
<test id="s1-t11" name="hasRelationshipPass" line="165">
<kw name="Create Dictionary" library="BuiltIn">
<var>${headers}</var>
<arg>Content-Type=application/json</arg>
<doc>Creates and returns a dictionary based on the given ``items``.</doc>
<msg timestamp="20230814 21:52:04.961" level="INFO">${headers} = {'Content-Type': 'application/json'}</msg>
<status status="PASS" starttime="20230814 21:52:04.960" endtime="20230814 21:52:04.961"/>
</kw>
<kw name="Create Dictionary" library="BuiltIn">
<var>${actor_data}</var>
<arg>name=Leo DiCaprio</arg>
<arg>actorId=LDC1</arg>
<doc>Creates and returns a dictionary based on the given ``items``.</doc>
<msg timestamp="20230814 21:52:04.964" level="INFO">${actor_data} = {'name': 'Leo DiCaprio', 'actorId': 'LDC1'}</msg>
<status status="PASS" starttime="20230814 21:52:04.962" endtime="20230814 21:52:04.964"/>
</kw>
<kw name="Create Dictionary" library="BuiltIn">
<var>${movie_data}</var>
<arg>name=The Revenant</arg>
<arg>movieId=TRVN1</arg>
<doc>Creates and returns a dictionary based on the given ``items``.</doc>
<msg timestamp="20230814 21:52:04.966" level="INFO">${movie_data} = {'name': 'The Revenant', 'movieId': 'TRVN1'}</msg>
<status status="PASS" starttime="20230814 21:52:04.965" endtime="20230814 21:52:04.966"/>
</kw>
<kw name="Create Dictionary" library="BuiltIn">
<var>${relationship_data}</var>
<arg>actorId=LDC1</arg>
<arg>movieId=TRVN1</arg>
<doc>Creates and returns a dictionary based on the given ``items``.</doc>
<msg timestamp="20230814 21:52:04.969" level="INFO">${relationship_data} = {'actorId': 'LDC1', 'movieId': 'TRVN1'}</msg>
<status status="PASS" starttime="20230814 21:52:04.968" endtime="20230814 21:52:04.969"/>
</kw>
<kw name="Set Variable" library="BuiltIn">
<var>${actor_id}</var>
<arg>LDC1</arg>
<doc>Returns the given values which can then be assigned to a variables.</doc>
<msg timestamp="20230814 21:52:04.975" level="INFO">${actor_id} = LDC1</msg>
<status status="PASS" starttime="20230814 21:52:04.971" endtime="20230814 21:52:04.975"/>
</kw>
<kw name="Set Variable" library="BuiltIn">
<var>${movie_id}</var>
<arg>TRVN1</arg>
<doc>Returns the given values which can then be assigned to a variables.</doc>
<msg timestamp="20230814 21:52:04.985" level="INFO">${movie_id} = TRVN1</msg>
<status status="PASS" starttime="20230814 21:52:04.976" endtime="20230814 21:52:04.986"/>
</kw>
<kw name="GET On Session" library="RequestsLibrary">
<var>${hasRelationship_resp}</var>
<arg>localhost</arg>
<arg>url=/api/v1/hasRelationship?actorId=${actor_id}&amp;movieId=${movie_id}</arg>
<arg>headers=${headers}</arg>
<arg>expected_status=200</arg>
<doc>Sends a GET request on a previously created HTTP Session.</doc>
<msg timestamp="20230814 21:52:05.078" level="INFO">GET Request : url=http://localhost:8080/api/v1/hasRelationship?actorId=LDC1&amp;movieId=TRVN1 
 path_url=/api/v1/hasRelationship?actorId=LDC1&amp;movieId=TRVN1 
 headers={'User-Agent': 'python-requests/2.27.1', 'Accept-Encoding': 'gzip, deflate', 'Accept': '*/*', 'Connection': 'keep-alive', 'Content-Type': 'application/json'} 
 body=None 
 </msg>
<msg timestamp="20230814 21:52:05.081" level="INFO">GET Response : url=http://localhost:8080/api/v1/hasRelationship?actorId=LDC1&amp;movieId=TRVN1 
 status=200, reason=OK 
 headers={'Date': 'Tue, 15 Aug 2023 04:52:05 GMT', 'Content-length': '61'} 
 body={"actorId":"LDC1","movieId":"TRVN1","hasRelationship":"true"} 
 </msg>
<msg timestamp="20230814 21:52:05.082" level="INFO">${hasRelationship_resp} = &lt;Response [200]&gt;</msg>
<status status="PASS" starttime="20230814 21:52:04.987" endtime="20230814 21:52:05.082"/>
</kw>
<kw name="Set Variable" library="BuiltIn">
<var>${actor_id_resp}</var>
<arg>${hasRelationship_resp.json()['actorId']}</arg>
<doc>Returns the given values which can then be assigned to a variables.</doc>
<msg timestamp="20230814 21:52:05.087" level="INFO">${actor_id_resp} = LDC1</msg>
<status status="PASS" starttime="20230814 21:52:05.083" endtime="20230814 21:52:05.087"/>
</kw>
<kw name="Set Variable" library="BuiltIn">
<var>${movie_id_resp}</var>
<arg>${hasRelationship_resp.json()['movieId']}</arg>
<doc>Returns the given values which can then be assigned to a variables.</doc>
<msg timestamp="20230814 21:52:05.091" level="INFO">${movie_id_resp} = TRVN1</msg>
<status status="PASS" starttime="20230814 21:52:05.088" endtime="20230814 21:52:05.091"/>
</kw>
<kw name="Set Variable" library="BuiltIn">
<var>${hasRelationship_bool}</var>
<arg>${hasRelationship_resp.json()['hasRelationship']}</arg>
<doc>Returns the given values which can then be assigned to a variables.</doc>
<msg timestamp="20230814 21:52:05.096" level="INFO">${hasRelationship_bool} = true</msg>
<status status="PASS" starttime="20230814 21:52:05.092" endtime="20230814 21:52:05.096"/>
</kw>
<kw name="Should Be Equal As Strings" library="BuiltIn">
<arg>${actor_id_resp}</arg>
<arg>LDC1</arg>
<doc>Fails if objects are unequal after converting them to strings.</doc>
<status status="PASS" starttime="20230814 21:52:05.096" endtime="20230814 21:52:05.098"/>
</kw>
<kw name="Should Be Equal As Strings" library="BuiltIn">
<arg>${movie_id_resp}</arg>
<arg>TRVN1</arg>
<doc>Fails if objects are unequal after converting them to strings.</doc>
<status status="PASS" starttime="20230814 21:52:05.099" endtime="20230814 21:52:05.102"/>
</kw>
<kw name="Should Be Equal As Strings" library="BuiltIn">
<arg>${hasRelationship_bool}</arg>
<arg>true</arg>
<doc>Fails if objects are unequal after converting them to strings.</doc>
<status status="PASS" starttime="20230814 21:52:05.103" endtime="20230814 21:52:05.107"/>
</kw>
<timeout value="30 seconds"/>
<status status="PASS" starttime="20230814 21:52:04.958" endtime="20230814 21:52:05.108"/>
</test>
<test id="s1-t12" name="hasRelationshipFail" line="191">
<kw name="Create Dictionary" library="BuiltIn">
<var>${headers}</var>
<arg>Content-Type=application/json</arg>
<doc>Creates and returns a dictionary based on the given ``items``.</doc>
<msg timestamp="20230814 21:52:05.115" level="INFO">${headers} = {'Content-Type': 'application/json'}</msg>
<status status="PASS" starttime="20230814 21:52:05.113" endtime="20230814 21:52:05.115"/>
</kw>
<kw name="Create Dictionary" library="BuiltIn">
<var>${actor_data}</var>
<arg>name=Leo DiCaprio</arg>
<arg>actorId=LDC1</arg>
<doc>Creates and returns a dictionary based on the given ``items``.</doc>
<msg timestamp="20230814 21:52:05.117" level="INFO">${actor_data} = {'name': 'Leo DiCaprio', 'actorId': 'LDC1'}</msg>
<status status="PASS" starttime="20230814 21:52:05.116" endtime="20230814 21:52:05.117"/>
</kw>
<kw name="Create Dictionary" library="BuiltIn">
<var>${movie_data}</var>
<arg>name=The Revenant</arg>
<arg>movieId=TRVN1</arg>
<doc>Creates and returns a dictionary based on the given ``items``.</doc>
<msg timestamp="20230814 21:52:05.121" level="INFO">${movie_data} = {'name': 'The Revenant', 'movieId': 'TRVN1'}</msg>
<status status="PASS" starttime="20230814 21:52:05.119" endtime="20230814 21:52:05.121"/>
</kw>
<kw name="Create Dictionary" library="BuiltIn">
<var>${relationship_data}</var>
<arg>actorId=LDC1</arg>
<arg>movieId=TRVN1</arg>
<doc>Creates and returns a dictionary based on the given ``items``.</doc>
<msg timestamp="20230814 21:52:05.123" level="INFO">${relationship_data} = {'actorId': 'LDC1', 'movieId': 'TRVN1'}</msg>
<status status="PASS" starttime="20230814 21:52:05.122" endtime="20230814 21:52:05.124"/>
</kw>
<kw name="Set Variable" library="BuiltIn">
<var>${actor_id}</var>
<arg>LDC1</arg>
<doc>Returns the given values which can then be assigned to a variables.</doc>
<msg timestamp="20230814 21:52:05.127" level="INFO">${actor_id} = LDC1</msg>
<status status="PASS" starttime="20230814 21:52:05.125" endtime="20230814 21:52:05.127"/>
</kw>
<kw name="Set Variable" library="BuiltIn">
<var>${movie_id}</var>
<arg>TRVN1</arg>
<doc>Returns the given values which can then be assigned to a variables.</doc>
<msg timestamp="20230814 21:52:05.129" level="INFO">${movie_id} = TRVN1</msg>
<status status="PASS" starttime="20230814 21:52:05.128" endtime="20230814 21:52:05.130"/>
</kw>
<kw name="GET On Session" library="RequestsLibrary">
<var>${hasRelationship_resp}</var>
<arg>localhost</arg>
<arg>url=/api/v1/hasRelationship?actorId=${movie_id}&amp;movieId=${actor_id}</arg>
<arg>headers=${headers}</arg>
<arg>expected_status=404</arg>
<doc>Sends a GET request on a previously created HTTP Session.</doc>
<msg timestamp="20230814 21:52:05.210" level="INFO">GET Request : url=http://localhost:8080/api/v1/hasRelationship?actorId=TRVN1&amp;movieId=LDC1 
 path_url=/api/v1/hasRelationship?actorId=TRVN1&amp;movieId=LDC1 
 headers={'User-Agent': 'python-requests/2.27.1', 'Accept-Encoding': 'gzip, deflate', 'Accept': '*/*', 'Connection': 'keep-alive', 'Content-Type': 'application/json'} 
 body=None 
 </msg>
<msg timestamp="20230814 21:52:05.210" level="INFO">GET Response : url=http://localhost:8080/api/v1/hasRelationship?actorId=TRVN1&amp;movieId=LDC1 
 status=404, reason=Not Found 
 headers={'Date': 'Tue, 15 Aug 2023 04:52:05 GMT', 'Content-length': '25'} 
 body=Not found what u look for 
 </msg>
<msg timestamp="20230814 21:52:05.211" level="INFO">${hasRelationship_resp} = &lt;Response [404]&gt;</msg>
<status status="PASS" starttime="20230814 21:52:05.131" endtime="20230814 21:52:05.211"/>
</kw>
<timeout value="30 seconds"/>
<status status="PASS" starttime="20230814 21:52:05.112" endtime="20230814 21:52:05.212"/>
</test>
<test id="s1-t13" name="computeBaconNumberPass" line="210">
<kw name="Create Dictionary" library="BuiltIn">
<var>${headers}</var>
<arg>Content-Type=application/json</arg>
<doc>Creates and returns a dictionary based on the given ``items``.</doc>
<msg timestamp="20230814 21:52:05.218" level="INFO">${headers} = {'Content-Type': 'application/json'}</msg>
<status status="PASS" starttime="20230814 21:52:05.217" endtime="20230814 21:52:05.218"/>
</kw>
<kw name="Create Dictionary" library="BuiltIn">
<var>${actor_kevin_bacon}</var>
<arg>name=Kevin Bacon</arg>
<arg>actorId=nm0000102</arg>
<doc>Creates and returns a dictionary based on the given ``items``.</doc>
<msg timestamp="20230814 21:52:05.221" level="INFO">${actor_kevin_bacon} = {'name': 'Kevin Bacon', 'actorId': 'nm0000102'}</msg>
<status status="PASS" starttime="20230814 21:52:05.219" endtime="20230814 21:52:05.221"/>
</kw>
<kw name="Create Dictionary" library="BuiltIn">
<var>${actor_keanu_reeves}</var>
<arg>name=Keanu Reeves</arg>
<arg>actorId=KR1</arg>
<doc>Creates and returns a dictionary based on the given ``items``.</doc>
<msg timestamp="20230814 21:52:05.223" level="INFO">${actor_keanu_reeves} = {'name': 'Keanu Reeves', 'actorId': 'KR1'}</msg>
<status status="PASS" starttime="20230814 21:52:05.222" endtime="20230814 21:52:05.223"/>
</kw>
<kw name="Create Dictionary" library="BuiltIn">
<var>${actor_al_pacino}</var>
<arg>name=Al Pacino</arg>
<arg>actorId=AP1</arg>
<doc>Creates and returns a dictionary based on the given ``items``.</doc>
<msg timestamp="20230814 21:52:05.225" level="INFO">${actor_al_pacino} = {'name': 'Al Pacino', 'actorId': 'AP1'}</msg>
<status status="PASS" starttime="20230814 21:52:05.224" endtime="20230814 21:52:05.225"/>
</kw>
<kw name="Create Dictionary" library="BuiltIn">
<var>${actor_hugo_weaving}</var>
<arg>name=Hugo Weaving</arg>
<arg>actorId=HW1</arg>
<doc>Creates and returns a dictionary based on the given ``items``.</doc>
<msg timestamp="20230814 21:52:05.227" level="INFO">${actor_hugo_weaving} = {'name': 'Hugo Weaving', 'actorId': 'HW1'}</msg>
<status status="PASS" starttime="20230814 21:52:05.226" endtime="20230814 21:52:05.227"/>
</kw>
<kw name="PUT On Session" library="RequestsLibrary">
<var>${actor_kevin_bacon_resp}</var>
<arg>localhost</arg>
<arg>/api/v1/addActor</arg>
<arg>json=${actor_kevin_bacon}</arg>
<arg>headers=${headers}</arg>
<arg>expected_status=200</arg>
<doc>Sends a PUT request on a previously created HTTP Session.</doc>
<msg timestamp="20230814 21:52:05.320" level="INFO">PUT Request : url=http://localhost:8080/api/v1/addActor 
 path_url=/api/v1/addActor 
 headers={'User-Agent': 'python-requests/2.27.1', 'Accept-Encoding': 'gzip, deflate', 'Accept': '*/*', 'Connection': 'keep-alive', 'Content-Type': 'application/json', 'Content-Length': '47'} 
 body=b'{"name": "Kevin Bacon", "actorId": "nm0000102"}' 
 </msg>
<msg timestamp="20230814 21:52:05.320" level="INFO">PUT Response : url=http://localhost:8080/api/v1/addActor 
 status=200, reason=OK 
 headers={'Date': 'Tue, 15 Aug 2023 04:52:05 GMT', 'Content-length': '11'} 
 body=Actor added 
 </msg>
<msg timestamp="20230814 21:52:05.321" level="INFO">${actor_kevin_bacon_resp} = &lt;Response [200]&gt;</msg>
<status status="PASS" starttime="20230814 21:52:05.228" endtime="20230814 21:52:05.321"/>
</kw>
<kw name="PUT On Session" library="RequestsLibrary">
<var>${actor_keanu_reeves_resp}</var>
<arg>localhost</arg>
<arg>/api/v1/addActor</arg>
<arg>json=${actor_keanu_reeves}</arg>
<arg>headers=${headers}</arg>
<arg>expected_status=200</arg>
<doc>Sends a PUT request on a previously created HTTP Session.</doc>
<msg timestamp="20230814 21:52:05.391" level="INFO">PUT Request : url=http://localhost:8080/api/v1/addActor 
 path_url=/api/v1/addActor 
 headers={'User-Agent': 'python-requests/2.27.1', 'Accept-Encoding': 'gzip, deflate', 'Accept': '*/*', 'Connection': 'keep-alive', 'Content-Type': 'application/json', 'Content-Length': '42'} 
 body=b'{"name": "Keanu Reeves", "actorId": "KR1"}' 
 </msg>
<msg timestamp="20230814 21:52:05.391" level="INFO">PUT Response : url=http://localhost:8080/api/v1/addActor 
 status=200, reason=OK 
 headers={'Date': 'Tue, 15 Aug 2023 04:52:05 GMT', 'Content-length': '11'} 
 body=Actor added 
 </msg>
<msg timestamp="20230814 21:52:05.392" level="INFO">${actor_keanu_reeves_resp} = &lt;Response [200]&gt;</msg>
<status status="PASS" starttime="20230814 21:52:05.322" endtime="20230814 21:52:05.392"/>
</kw>
<kw name="PUT On Session" library="RequestsLibrary">
<var>${actor_al_pacino_resp}</var>
<arg>localhost</arg>
<arg>/api/v1/addActor</arg>
<arg>json=${actor_al_pacino}</arg>
<arg>headers=${headers}</arg>
<arg>expected_status=200</arg>
<doc>Sends a PUT request on a previously created HTTP Session.</doc>
<msg timestamp="20230814 21:52:05.465" level="INFO">PUT Request : url=http://localhost:8080/api/v1/addActor 
 path_url=/api/v1/addActor 
 headers={'User-Agent': 'python-requests/2.27.1', 'Accept-Encoding': 'gzip, deflate', 'Accept': '*/*', 'Connection': 'keep-alive', 'Content-Type': 'application/json', 'Content-Length': '39'} 
 body=b'{"name": "Al Pacino", "actorId": "AP1"}' 
 </msg>
<msg timestamp="20230814 21:52:05.465" level="INFO">PUT Response : url=http://localhost:8080/api/v1/addActor 
 status=200, reason=OK 
 headers={'Date': 'Tue, 15 Aug 2023 04:52:05 GMT', 'Content-length': '11'} 
 body=Actor added 
 </msg>
<msg timestamp="20230814 21:52:05.466" level="INFO">${actor_al_pacino_resp} = &lt;Response [200]&gt;</msg>
<status status="PASS" starttime="20230814 21:52:05.393" endtime="20230814 21:52:05.466"/>
</kw>
<kw name="PUT On Session" library="RequestsLibrary">
<var>${actor_hugo_weaving_resp}</var>
<arg>localhost</arg>
<arg>/api/v1/addActor</arg>
<arg>json=${actor_hugo_weaving}</arg>
<arg>headers=${headers}</arg>
<arg>expected_status=200</arg>
<doc>Sends a PUT request on a previously created HTTP Session.</doc>
<msg timestamp="20230814 21:52:05.561" level="INFO">PUT Request : url=http://localhost:8080/api/v1/addActor 
 path_url=/api/v1/addActor 
 headers={'User-Agent': 'python-requests/2.27.1', 'Accept-Encoding': 'gzip, deflate', 'Accept': '*/*', 'Connection': 'keep-alive', 'Content-Type': 'application/json', 'Content-Length': '42'} 
 body=b'{"name": "Hugo Weaving", "actorId": "HW1"}' 
 </msg>
<msg timestamp="20230814 21:52:05.561" level="INFO">PUT Response : url=http://localhost:8080/api/v1/addActor 
 status=200, reason=OK 
 headers={'Date': 'Tue, 15 Aug 2023 04:52:05 GMT', 'Content-length': '11'} 
 body=Actor added 
 </msg>
<msg timestamp="20230814 21:52:05.561" level="INFO">${actor_hugo_weaving_resp} = &lt;Response [200]&gt;</msg>
<status status="PASS" starttime="20230814 21:52:05.468" endtime="20230814 21:52:05.561"/>
</kw>
<kw name="Create Dictionary" library="BuiltIn">
<var>${movie_few_good_men}</var>
<arg>name=A Few Good Men</arg>
<arg>movieId=TFGB1</arg>
<doc>Creates and returns a dictionary based on the given ``items``.</doc>
<msg timestamp="20230814 21:52:05.563" level="INFO">${movie_few_good_men} = {'name': 'A Few Good Men', 'movieId': 'TFGB1'}</msg>
<status status="PASS" starttime="20230814 21:52:05.563" endtime="20230814 21:52:05.563"/>
</kw>
<kw name="Create Dictionary" library="BuiltIn">
<var>${movie_the_devils_advocate}</var>
<arg>name=The Devil's Advocate</arg>
<arg>movieId=TDAT1</arg>
<doc>Creates and returns a dictionary based on the given ``items``.</doc>
<msg timestamp="20230814 21:52:05.566" level="INFO">${movie_the_devils_advocate} = {'name': "The Devil's Advocate", 'movieId': 'TDAT1'}</msg>
<status status="PASS" starttime="20230814 21:52:05.564" endtime="20230814 21:52:05.566"/>
</kw>
<kw name="Create Dictionary" library="BuiltIn">
<var>${movie_the_matrix}</var>
<arg>name=The Matrix</arg>
<arg>movieId=MTRX1</arg>
<doc>Creates and returns a dictionary based on the given ``items``.</doc>
<msg timestamp="20230814 21:52:05.568" level="INFO">${movie_the_matrix} = {'name': 'The Matrix', 'movieId': 'MTRX1'}</msg>
<status status="PASS" starttime="20230814 21:52:05.567" endtime="20230814 21:52:05.568"/>
</kw>
<kw name="PUT On Session" library="RequestsLibrary">
<var>${movie_few_good_men_resp}</var>
<arg>localhost</arg>
<arg>/api/v1/addMovie</arg>
<arg>json=${movie_few_good_men}</arg>
<arg>headers=${headers}</arg>
<arg>expected_status=200</arg>
<doc>Sends a PUT request on a previously created HTTP Session.</doc>
<msg timestamp="20230814 21:52:05.676" level="INFO">PUT Request : url=http://localhost:8080/api/v1/addMovie 
 path_url=/api/v1/addMovie 
 headers={'User-Agent': 'python-requests/2.27.1', 'Accept-Encoding': 'gzip, deflate', 'Accept': '*/*', 'Connection': 'keep-alive', 'Content-Type': 'application/json', 'Content-Length': '46'} 
 body=b'{"name": "A Few Good Men", "movieId": "TFGB1"}' 
 </msg>
<msg timestamp="20230814 21:52:05.676" level="INFO">PUT Response : url=http://localhost:8080/api/v1/addMovie 
 status=200, reason=OK 
 headers={'Date': 'Tue, 15 Aug 2023 04:52:05 GMT', 'Content-length': '12'} 
 body=Movies added 
 </msg>
<msg timestamp="20230814 21:52:05.677" level="INFO">${movie_few_good_men_resp} = &lt;Response [200]&gt;</msg>
<status status="PASS" starttime="20230814 21:52:05.569" endtime="20230814 21:52:05.677"/>
</kw>
<kw name="PUT On Session" library="RequestsLibrary">
<var>${movie_the_devils_advocate_resp}</var>
<arg>localhost</arg>
<arg>/api/v1/addMovie</arg>
<arg>json=${movie_the_devils_advocate}</arg>
<arg>headers=${headers}</arg>
<arg>expected_status=200</arg>
<doc>Sends a PUT request on a previously created HTTP Session.</doc>
<msg timestamp="20230814 21:52:05.757" level="INFO">PUT Request : url=http://localhost:8080/api/v1/addMovie 
 path_url=/api/v1/addMovie 
 headers={'User-Agent': 'python-requests/2.27.1', 'Accept-Encoding': 'gzip, deflate', 'Accept': '*/*', 'Connection': 'keep-alive', 'Content-Type': 'application/json', 'Content-Length': '52'} 
 body=b'{"name": "The Devil\'s Advocate", "movieId": "TDAT1"}' 
 </msg>
<msg timestamp="20230814 21:52:05.758" level="INFO">PUT Response : url=http://localhost:8080/api/v1/addMovie 
 status=200, reason=OK 
 headers={'Date': 'Tue, 15 Aug 2023 04:52:05 GMT', 'Content-length': '12'} 
 body=Movies added 
 </msg>
<msg timestamp="20230814 21:52:05.758" level="INFO">${movie_the_devils_advocate_resp} = &lt;Response [200]&gt;</msg>
<status status="PASS" starttime="20230814 21:52:05.678" endtime="20230814 21:52:05.758"/>
</kw>
<kw name="PUT On Session" library="RequestsLibrary">
<var>${movie_the_matrix_resp}</var>
<arg>localhost</arg>
<arg>/api/v1/addMovie</arg>
<arg>json=${movie_the_matrix}</arg>
<arg>headers=${headers}</arg>
<arg>expected_status=200</arg>
<doc>Sends a PUT request on a previously created HTTP Session.</doc>
<msg timestamp="20230814 21:52:05.846" level="INFO">PUT Request : url=http://localhost:8080/api/v1/addMovie 
 path_url=/api/v1/addMovie 
 headers={'User-Agent': 'python-requests/2.27.1', 'Accept-Encoding': 'gzip, deflate', 'Accept': '*/*', 'Connection': 'keep-alive', 'Content-Type': 'application/json', 'Content-Length': '42'} 
 body=b'{"name": "The Matrix", "movieId": "MTRX1"}' 
 </msg>
<msg timestamp="20230814 21:52:05.846" level="INFO">PUT Response : url=http://localhost:8080/api/v1/addMovie 
 status=200, reason=OK 
 headers={'Date': 'Tue, 15 Aug 2023 04:52:05 GMT', 'Content-length': '12'} 
 body=Movies added 
 </msg>
<msg timestamp="20230814 21:52:05.847" level="INFO">${movie_the_matrix_resp} = &lt;Response [200]&gt;</msg>
<status status="PASS" starttime="20230814 21:52:05.759" endtime="20230814 21:52:05.847"/>
</kw>
<kw name="Create Dictionary" library="BuiltIn">
<var>${kevin_bacon_few_good_men_relationship_data}</var>
<arg>actorId=nm0000102</arg>
<arg>movieId=TFGB1</arg>
<doc>Creates and returns a dictionary based on the given ``items``.</doc>
<msg timestamp="20230814 21:52:05.850" level="INFO">${kevin_bacon_few_good_men_relationship_data} = {'actorId': 'nm0000102', 'movieId': 'TFGB1'}</msg>
<status status="PASS" starttime="20230814 21:52:05.849" endtime="20230814 21:52:05.850"/>
</kw>
<kw name="Create Dictionary" library="BuiltIn">
<var>${al_pacino_few_good_men_relationship_data}</var>
<arg>actorId=AP1</arg>
<arg>movieId=TFGB1</arg>
<doc>Creates and returns a dictionary based on the given ``items``.</doc>
<msg timestamp="20230814 21:52:05.853" level="INFO">${al_pacino_few_good_men_relationship_data} = {'actorId': 'AP1', 'movieId': 'TFGB1'}</msg>
<status status="PASS" starttime="20230814 21:52:05.851" endtime="20230814 21:52:05.853"/>
</kw>
<kw name="Create Dictionary" library="BuiltIn">
<var>${al_pacino_the_devils_advocate_relationship_data}</var>
<arg>actorId=AP1</arg>
<arg>movieId=TDAT1</arg>
<doc>Creates and returns a dictionary based on the given ``items``.</doc>
<msg timestamp="20230814 21:52:05.857" level="INFO">${al_pacino_the_devils_advocate_relationship_data} = {'actorId': 'AP1', 'movieId': 'TDAT1'}</msg>
<status status="PASS" starttime="20230814 21:52:05.855" endtime="20230814 21:52:05.857"/>
</kw>
<kw name="Create Dictionary" library="BuiltIn">
<var>${keanu_reeves_the_devils_advocate_relationship_data}</var>
<arg>actorId=KR1</arg>
<arg>movieId=TDAT1</arg>
<doc>Creates and returns a dictionary based on the given ``items``.</doc>
<msg timestamp="20230814 21:52:05.859" level="INFO">${keanu_reeves_the_devils_advocate_relationship_data} = {'actorId': 'KR1', 'movieId': 'TDAT1'}</msg>
<status status="PASS" starttime="20230814 21:52:05.858" endtime="20230814 21:52:05.859"/>
</kw>
<kw name="Create Dictionary" library="BuiltIn">
<var>${keanu_reeves_the_matrix_relationship_data}</var>
<arg>actorId=KR1</arg>
<arg>movieId=MTRX1</arg>
<doc>Creates and returns a dictionary based on the given ``items``.</doc>
<msg timestamp="20230814 21:52:05.862" level="INFO">${keanu_reeves_the_matrix_relationship_data} = {'actorId': 'KR1', 'movieId': 'MTRX1'}</msg>
<status status="PASS" starttime="20230814 21:52:05.861" endtime="20230814 21:52:05.862"/>
</kw>
<kw name="Create Dictionary" library="BuiltIn">
<var>${hugo_weaving_the_matrix_relationship_data}</var>
<arg>actorId=HW1</arg>
<arg>movieId=MTRX1</arg>
<doc>Creates and returns a dictionary based on the given ``items``.</doc>
<msg timestamp="20230814 21:52:05.864" level="INFO">${hugo_weaving_the_matrix_relationship_data} = {'actorId': 'HW1', 'movieId': 'MTRX1'}</msg>
<status status="PASS" starttime="20230814 21:52:05.862" endtime="20230814 21:52:05.864"/>
</kw>
<kw name="PUT On Session" library="RequestsLibrary">
<var>${kevin_bacon_few_good_men_relationship_resp}</var>
<arg>localhost</arg>
<arg>/api/v1/addRelationship</arg>
<arg>json=${kevin_bacon_few_good_men_relationship_data}</arg>
<arg>headers=${headers}</arg>
<arg>expected_status=200</arg>
<doc>Sends a PUT request on a previously created HTTP Session.</doc>
<msg timestamp="20230814 21:52:06.051" level="INFO">PUT Request : url=http://localhost:8080/api/v1/addRelationship 
 path_url=/api/v1/addRelationship 
 headers={'User-Agent': 'python-requests/2.27.1', 'Accept-Encoding': 'gzip, deflate', 'Accept': '*/*', 'Connection': 'keep-alive', 'Content-Type': 'application/json', 'Content-Length': '44'} 
 body=b'{"actorId": "nm0000102", "movieId": "TFGB1"}' 
 </msg>
<msg timestamp="20230814 21:52:06.051" level="INFO">PUT Response : url=http://localhost:8080/api/v1/addRelationship 
 status=200, reason=OK 
 headers={'Date': 'Tue, 15 Aug 2023 04:52:06 GMT', 'Content-length': '18'} 
 body=relationship added 
 </msg>
<msg timestamp="20230814 21:52:06.052" level="INFO">${kevin_bacon_few_good_men_relationship_resp} = &lt;Response [200]&gt;</msg>
<status status="PASS" starttime="20230814 21:52:05.865" endtime="20230814 21:52:06.052"/>
</kw>
<kw name="PUT On Session" library="RequestsLibrary">
<var>${al_pacino_few_good_men_relationship_resp}</var>
<arg>localhost</arg>
<arg>/api/v1/addRelationship</arg>
<arg>json=${al_pacino_few_good_men_relationship_data}</arg>
<arg>headers=${headers}</arg>
<arg>expected_status=200</arg>
<doc>Sends a PUT request on a previously created HTTP Session.</doc>
<msg timestamp="20230814 21:52:06.565" level="INFO">PUT Request : url=http://localhost:8080/api/v1/addRelationship 
 path_url=/api/v1/addRelationship 
 headers={'User-Agent': 'python-requests/2.27.1', 'Accept-Encoding': 'gzip, deflate', 'Accept': '*/*', 'Connection': 'keep-alive', 'Content-Type': 'application/json', 'Content-Length': '38'} 
 body=b'{"actorId": "AP1", "movieId": "TFGB1"}' 
 </msg>
<msg timestamp="20230814 21:52:06.565" level="INFO">PUT Response : url=http://localhost:8080/api/v1/addRelationship 
 status=200, reason=OK 
 headers={'Date': 'Tue, 15 Aug 2023 04:52:06 GMT', 'Content-length': '18'} 
 body=relationship added 
 </msg>
<msg timestamp="20230814 21:52:06.566" level="INFO">${al_pacino_few_good_men_relationship_resp} = &lt;Response [200]&gt;</msg>
<status status="PASS" starttime="20230814 21:52:06.369" endtime="20230814 21:52:06.566"/>
</kw>
<kw name="PUT On Session" library="RequestsLibrary">
<var>${al_pacino_the_devils_advocate_relationship_resp}</var>
<arg>localhost</arg>
<arg>/api/v1/addRelationship</arg>
<arg>json=${al_pacino_the_devils_advocate_relationship_data}</arg>
<arg>headers=${headers}</arg>
<arg>expected_status=200</arg>
<doc>Sends a PUT request on a previously created HTTP Session.</doc>
<msg timestamp="20230814 21:52:06.742" level="INFO">PUT Request : url=http://localhost:8080/api/v1/addRelationship 
 path_url=/api/v1/addRelationship 
 headers={'User-Agent': 'python-requests/2.27.1', 'Accept-Encoding': 'gzip, deflate', 'Accept': '*/*', 'Connection': 'keep-alive', 'Content-Type': 'application/json', 'Content-Length': '38'} 
 body=b'{"actorId": "AP1", "movieId": "TDAT1"}' 
 </msg>
<msg timestamp="20230814 21:52:06.742" level="INFO">PUT Response : url=http://localhost:8080/api/v1/addRelationship 
 status=200, reason=OK 
 headers={'Date': 'Tue, 15 Aug 2023 04:52:06 GMT', 'Content-length': '18'} 
 body=relationship added 
 </msg>
<msg timestamp="20230814 21:52:06.743" level="INFO">${al_pacino_the_devils_advocate_relationship_resp} = &lt;Response [200]&gt;</msg>
<status status="PASS" starttime="20230814 21:52:06.594" endtime="20230814 21:52:06.743"/>
</kw>
<kw name="PUT On Session" library="RequestsLibrary">
<var>${keanu_reeves_the_devils_advocate_relationship_resp}</var>
<arg>localhost</arg>
<arg>/api/v1/addRelationship</arg>
<arg>json=${keanu_reeves_the_devils_advocate_relationship_data}</arg>
<arg>headers=${headers}</arg>
<arg>expected_status=200</arg>
<doc>Sends a PUT request on a previously created HTTP Session.</doc>
<msg timestamp="20230814 21:52:06.943" level="INFO">PUT Request : url=http://localhost:8080/api/v1/addRelationship 
 path_url=/api/v1/addRelationship 
 headers={'User-Agent': 'python-requests/2.27.1', 'Accept-Encoding': 'gzip, deflate', 'Accept': '*/*', 'Connection': 'keep-alive', 'Content-Type': 'application/json', 'Content-Length': '38'} 
 body=b'{"actorId": "KR1", "movieId": "TDAT1"}' 
 </msg>
<msg timestamp="20230814 21:52:06.944" level="INFO">PUT Response : url=http://localhost:8080/api/v1/addRelationship 
 status=200, reason=OK 
 headers={'Date': 'Tue, 15 Aug 2023 04:52:06 GMT', 'Content-length': '18'} 
 body=relationship added 
 </msg>
<msg timestamp="20230814 21:52:06.944" level="INFO">${keanu_reeves_the_devils_advocate_relationship_resp} = &lt;Response [200]&gt;</msg>
<status status="PASS" starttime="20230814 21:52:06.750" endtime="20230814 21:52:06.944"/>
</kw>
<kw name="PUT On Session" library="RequestsLibrary">
<var>${keanu_reeves_the_matrix_relationship_resp}</var>
<arg>localhost</arg>
<arg>/api/v1/addRelationship</arg>
<arg>json=${keanu_reeves_the_matrix_relationship_data}</arg>
<arg>headers=${headers}</arg>
<arg>expected_status=200</arg>
<doc>Sends a PUT request on a previously created HTTP Session.</doc>
<msg timestamp="20230814 21:52:07.047" level="INFO">PUT Request : url=http://localhost:8080/api/v1/addRelationship 
 path_url=/api/v1/addRelationship 
 headers={'User-Agent': 'python-requests/2.27.1', 'Accept-Encoding': 'gzip, deflate', 'Accept': '*/*', 'Connection': 'keep-alive', 'Content-Type': 'application/json', 'Content-Length': '38'} 
 body=b'{"actorId": "KR1", "movieId": "MTRX1"}' 
 </msg>
<msg timestamp="20230814 21:52:07.047" level="INFO">PUT Response : url=http://localhost:8080/api/v1/addRelationship 
 status=200, reason=OK 
 headers={'Date': 'Tue, 15 Aug 2023 04:52:07 GMT', 'Content-length': '18'} 
 body=relationship added 
 </msg>
<msg timestamp="20230814 21:52:07.048" level="INFO">${keanu_reeves_the_matrix_relationship_resp} = &lt;Response [200]&gt;</msg>
<status status="PASS" starttime="20230814 21:52:06.947" endtime="20230814 21:52:07.048"/>
</kw>
<kw name="PUT On Session" library="RequestsLibrary">
<var>${hugo_weaving_the_matrix_relationship_resp}</var>
<arg>localhost</arg>
<arg>/api/v1/addRelationship</arg>
<arg>json=${hugo_weaving_the_matrix_relationship_data}</arg>
<arg>headers=${headers}</arg>
<arg>expected_status=200</arg>
<doc>Sends a PUT request on a previously created HTTP Session.</doc>
<msg timestamp="20230814 21:52:07.128" level="INFO">PUT Request : url=http://localhost:8080/api/v1/addRelationship 
 path_url=/api/v1/addRelationship 
 headers={'User-Agent': 'python-requests/2.27.1', 'Accept-Encoding': 'gzip, deflate', 'Accept': '*/*', 'Connection': 'keep-alive', 'Content-Type': 'application/json', 'Content-Length': '38'} 
 body=b'{"actorId": "HW1", "movieId": "MTRX1"}' 
 </msg>
<msg timestamp="20230814 21:52:07.128" level="INFO">PUT Response : url=http://localhost:8080/api/v1/addRelationship 
 status=200, reason=OK 
 headers={'Date': 'Tue, 15 Aug 2023 04:52:07 GMT', 'Content-length': '18'} 
 body=relationship added 
 </msg>
<msg timestamp="20230814 21:52:07.129" level="INFO">${hugo_weaving_the_matrix_relationship_resp} = &lt;Response [200]&gt;</msg>
<status status="PASS" starttime="20230814 21:52:07.049" endtime="20230814 21:52:07.129"/>
</kw>
<kw name="Set Variable" library="BuiltIn">
<var>${hugo_weaving_actor_id}</var>
<arg>HW1</arg>
<doc>Returns the given values which can then be assigned to a variables.</doc>
<msg timestamp="20230814 21:52:07.132" level="INFO">${hugo_weaving_actor_id} = HW1</msg>
<status status="PASS" starttime="20230814 21:52:07.130" endtime="20230814 21:52:07.132"/>
</kw>
<kw name="GET On Session" library="RequestsLibrary">
<var>${compute_bacon_number_resp}</var>
<arg>localhost</arg>
<arg>url=/api/v1/computeBaconNumber?actorId=${hugo_weaving_actor_id}</arg>
<arg>headers=${headers}</arg>
<arg>expected_status=200</arg>
<doc>Sends a GET request on a previously created HTTP Session.</doc>
<msg timestamp="20230814 21:52:07.271" level="INFO">GET Request : url=http://localhost:8080/api/v1/computeBaconNumber?actorId=HW1 
 path_url=/api/v1/computeBaconNumber?actorId=HW1 
 headers={'User-Agent': 'python-requests/2.27.1', 'Accept-Encoding': 'gzip, deflate', 'Accept': '*/*', 'Connection': 'keep-alive', 'Content-Type': 'application/json'} 
 body=None 
 </msg>
<msg timestamp="20230814 21:52:07.272" level="INFO">GET Response : url=http://localhost:8080/api/v1/computeBaconNumber?actorId=HW1 
 status=200, reason=OK 
 headers={'Date': 'Tue, 15 Aug 2023 04:52:07 GMT', 'Content-length': '17'} 
 body={"baconNumber":3} 
 </msg>
<msg timestamp="20230814 21:52:07.273" level="INFO">${compute_bacon_number_resp} = &lt;Response [200]&gt;</msg>
<status status="PASS" starttime="20230814 21:52:07.133" endtime="20230814 21:52:07.273"/>
</kw>
<kw name="Set Variable" library="BuiltIn">
<var>${bacon_number}</var>
<arg>${compute_bacon_number_resp.json()['baconNumber']}</arg>
<doc>Returns the given values which can then be assigned to a variables.</doc>
<msg timestamp="20230814 21:52:07.282" level="INFO">${bacon_number} = 3</msg>
<status status="PASS" starttime="20230814 21:52:07.277" endtime="20230814 21:52:07.282"/>
</kw>
<kw name="Should Be Equal As Integers" library="BuiltIn">
<arg>${bacon_number}</arg>
<arg>3</arg>
<doc>Fails if objects are unequal after converting them to integers.</doc>
<msg timestamp="20230814 21:52:07.285" level="INFO">Argument types are:
&lt;class 'int'&gt;
&lt;class 'str'&gt;</msg>
<status status="PASS" starttime="20230814 21:52:07.283" endtime="20230814 21:52:07.286"/>
</kw>
<timeout value="30 seconds"/>
<status status="PASS" starttime="20230814 21:52:05.215" endtime="20230814 21:52:07.287"/>
</test>
<test id="s1-t14" name="computeBaconNumberFail" line="260">
<kw name="Create Dictionary" library="BuiltIn">
<var>${headers}</var>
<arg>Content-Type=application/json</arg>
<doc>Creates and returns a dictionary based on the given ``items``.</doc>
<msg timestamp="20230814 21:52:07.293" level="INFO">${headers} = {'Content-Type': 'application/json'}</msg>
<status status="PASS" starttime="20230814 21:52:07.292" endtime="20230814 21:52:07.293"/>
</kw>
<kw name="Create Dictionary" library="BuiltIn">
<var>${actor_kevin_bacon}</var>
<arg>name=Kevin Bacon</arg>
<arg>actorId=nm0000102</arg>
<doc>Creates and returns a dictionary based on the given ``items``.</doc>
<msg timestamp="20230814 21:52:07.298" level="INFO">${actor_kevin_bacon} = {'name': 'Kevin Bacon', 'actorId': 'nm0000102'}</msg>
<status status="PASS" starttime="20230814 21:52:07.296" endtime="20230814 21:52:07.298"/>
</kw>
<kw name="Create Dictionary" library="BuiltIn">
<var>${actor_keanu_reeves}</var>
<arg>name=Keanu Reeves</arg>
<arg>actorId=KR1</arg>
<doc>Creates and returns a dictionary based on the given ``items``.</doc>
<msg timestamp="20230814 21:52:07.301" level="INFO">${actor_keanu_reeves} = {'name': 'Keanu Reeves', 'actorId': 'KR1'}</msg>
<status status="PASS" starttime="20230814 21:52:07.299" endtime="20230814 21:52:07.301"/>
</kw>
<kw name="Create Dictionary" library="BuiltIn">
<var>${actor_al_pacino}</var>
<arg>name=Al Pacino</arg>
<arg>actorId=AP1</arg>
<doc>Creates and returns a dictionary based on the given ``items``.</doc>
<msg timestamp="20230814 21:52:07.302" level="INFO">${actor_al_pacino} = {'name': 'Al Pacino', 'actorId': 'AP1'}</msg>
<status status="PASS" starttime="20230814 21:52:07.301" endtime="20230814 21:52:07.302"/>
</kw>
<kw name="Create Dictionary" library="BuiltIn">
<var>${actor_hugo_weaving}</var>
<arg>name=Hugo Weaving</arg>
<arg>actorId=HW1</arg>
<doc>Creates and returns a dictionary based on the given ``items``.</doc>
<msg timestamp="20230814 21:52:07.305" level="INFO">${actor_hugo_weaving} = {'name': 'Hugo Weaving', 'actorId': 'HW1'}</msg>
<status status="PASS" starttime="20230814 21:52:07.304" endtime="20230814 21:52:07.305"/>
</kw>
<kw name="Create Dictionary" library="BuiltIn">
<var>${movie_few_good_men}</var>
<arg>name=A Few Good Men</arg>
<arg>movieId=TFGB1</arg>
<doc>Creates and returns a dictionary based on the given ``items``.</doc>
<msg timestamp="20230814 21:52:07.308" level="INFO">${movie_few_good_men} = {'name': 'A Few Good Men', 'movieId': 'TFGB1'}</msg>
<status status="PASS" starttime="20230814 21:52:07.306" endtime="20230814 21:52:07.308"/>
</kw>
<kw name="Create Dictionary" library="BuiltIn">
<var>${movie_the_devils_advocate}</var>
<arg>name=The Devil's Advocate</arg>
<arg>movieId=TDAT1</arg>
<doc>Creates and returns a dictionary based on the given ``items``.</doc>
<msg timestamp="20230814 21:52:07.310" level="INFO">${movie_the_devils_advocate} = {'name': "The Devil's Advocate", 'movieId': 'TDAT1'}</msg>
<status status="PASS" starttime="20230814 21:52:07.309" endtime="20230814 21:52:07.310"/>
</kw>
<kw name="Create Dictionary" library="BuiltIn">
<var>${movie_the_matrix}</var>
<arg>name=The Matrix</arg>
<arg>movieId=MTRX1</arg>
<doc>Creates and returns a dictionary based on the given ``items``.</doc>
<msg timestamp="20230814 21:52:07.314" level="INFO">${movie_the_matrix} = {'name': 'The Matrix', 'movieId': 'MTRX1'}</msg>
[...]
 body=b'{"name": "Cars", "movieId": "CRS1"}' 
 </msg>
<msg timestamp="20230814 21:52:07.957" level="INFO">PUT Response : url=http://localhost:8080/api/v1/addMovie 
 status=200, reason=OK 
 headers={'Date': 'Tue, 15 Aug 2023 04:52:07 GMT', 'Content-length': '12'} 
 body=Movies added 
 </msg>
<msg timestamp="20230814 21:52:07.957" level="INFO">${movie_resp} = &lt;Response [200]&gt;</msg>
<status status="PASS" starttime="20230814 21:52:07.878" endtime="20230814 21:52:07.957"/>
</kw>
<kw name="Create Dictionary" library="BuiltIn">
<var>${rating}</var>
<arg>rating=4</arg>
<arg>movieId=CRS1</arg>
<doc>Creates and returns a dictionary based on the given ``items``.</doc>
<msg timestamp="20230814 21:52:07.960" level="INFO">${rating} = {'rating': '4', 'movieId': 'CRS1'}</msg>
<status status="PASS" starttime="20230814 21:52:07.959" endtime="20230814 21:52:07.960"/>
</kw>
<kw name="PUT On Session" library="RequestsLibrary">
<var>${rating_resp}</var>
<arg>localhost</arg>
<arg>/api/v1/setRating</arg>
<arg>json=${rating}</arg>
<arg>headers=${headers}</arg>
<arg>expected_status=200</arg>
<doc>Sends a PUT request on a previously created HTTP Session.</doc>
<msg timestamp="20230814 21:52:08.038" level="INFO">PUT Request : url=http://localhost:8080/api/v1/setRating 
 path_url=/api/v1/setRating 
 headers={'User-Agent': 'python-requests/2.27.1', 'Accept-Encoding': 'gzip, deflate', 'Accept': '*/*', 'Connection': 'keep-alive', 'Content-Type': 'application/json', 'Content-Length': '34'} 
 body=b'{"rating": "4", "movieId": "CRS1"}' 
 </msg>
<msg timestamp="20230814 21:52:08.038" level="INFO">PUT Response : url=http://localhost:8080/api/v1/setRating 
 status=200, reason=OK 
 headers={'Date': 'Tue, 15 Aug 2023 04:52:08 GMT', 'Content-length': '12'} 
 body=rating added 
 </msg>
<msg timestamp="20230814 21:52:08.039" level="INFO">${rating_resp} = &lt;Response [200]&gt;</msg>
<status status="PASS" starttime="20230814 21:52:07.961" endtime="20230814 21:52:08.039"/>
</kw>
<timeout value="30 seconds"/>
<status status="PASS" starttime="20230814 21:52:07.875" endtime="20230814 21:52:08.043"/>
</test>
<test id="s1-t18" name="setRatingFail" line="375">
<kw name="Create Dictionary" library="BuiltIn">
<var>${headers}</var>
<arg>Content-Type=application/json</arg>
<doc>Creates and returns a dictionary based on the given ``items``.</doc>
<msg timestamp="20230814 21:52:08.050" level="INFO">${headers} = {'Content-Type': 'application/json'}</msg>
<status status="PASS" starttime="20230814 21:52:08.049" endtime="20230814 21:52:08.050"/>
</kw>
<kw name="Create Dictionary" library="BuiltIn">
<var>${movie_data}</var>
<arg>name=Cars</arg>
<arg>movieId=CRS1</arg>
<doc>Creates and returns a dictionary based on the given ``items``.</doc>
<msg timestamp="20230814 21:52:08.052" level="INFO">${movie_data} = {'name': 'Cars', 'movieId': 'CRS1'}</msg>
<status status="PASS" starttime="20230814 21:52:08.051" endtime="20230814 21:52:08.052"/>
</kw>
<kw name="Create Dictionary" library="BuiltIn">
<var>${rating}</var>
<arg>rating=4</arg>
<arg>movieIdentification=CRS1</arg>
<doc>Creates and returns a dictionary based on the given ``items``.</doc>
<msg timestamp="20230814 21:52:08.054" level="INFO">${rating} = {'rating': '4', 'movieIdentification': 'CRS1'}</msg>
<status status="PASS" starttime="20230814 21:52:08.053" endtime="20230814 21:52:08.055"/>
</kw>
<kw name="PUT On Session" library="RequestsLibrary">
<var>${rating_resp}</var>
<arg>localhost</arg>
<arg>/api/v1/setRating</arg>
<arg>json=${rating}</arg>
<arg>headers=${headers}</arg>
<arg>expected_status=400</arg>
<doc>Sends a PUT request on a previously created HTTP Session.</doc>
<msg timestamp="20230814 21:52:08.125" level="INFO">PUT Request : url=http://localhost:8080/api/v1/setRating 
 path_url=/api/v1/setRating 
 headers={'User-Agent': 'python-requests/2.27.1', 'Accept-Encoding': 'gzip, deflate', 'Accept': '*/*', 'Connection': 'keep-alive', 'Content-Type': 'application/json', 'Content-Length': '46'} 
 body=b'{"rating": "4", "movieIdentification": "CRS1"}' 
 </msg>
<msg timestamp="20230814 21:52:08.126" level="INFO">PUT Response : url=http://localhost:8080/api/v1/setRating 
 status=400, reason=Bad Request 
 headers={'Date': 'Tue, 15 Aug 2023 04:52:08 GMT', 'Content-length': '22'} 
 body=cannot understand json 
 </msg>
<msg timestamp="20230814 21:52:08.126" level="INFO">${rating_resp} = &lt;Response [400]&gt;</msg>
<status status="PASS" starttime="20230814 21:52:08.056" endtime="20230814 21:52:08.126"/>
</kw>
<timeout value="30 seconds"/>
<status status="PASS" starttime="20230814 21:52:08.047" endtime="20230814 21:52:08.128"/>
</test>
<test id="s1-t19" name="getAbovePass" line="386">
<kw name="Create Dictionary" library="BuiltIn">
<var>${headers}</var>
<arg>Content-Type=application/json</arg>
<doc>Creates and returns a dictionary based on the given ``items``.</doc>
<msg timestamp="20230814 21:52:08.134" level="INFO">${headers} = {'Content-Type': 'application/json'}</msg>
<status status="PASS" starttime="20230814 21:52:08.133" endtime="20230814 21:52:08.135"/>
</kw>
<kw name="Create Dictionary" library="BuiltIn">
<var>${movie_data1}</var>
<arg>name=Cars</arg>
<arg>movieId=CRS1</arg>
<doc>Creates and returns a dictionary based on the given ``items``.</doc>
<msg timestamp="20230814 21:52:08.137" level="INFO">${movie_data1} = {'name': 'Cars', 'movieId': 'CRS1'}</msg>
<status status="PASS" starttime="20230814 21:52:08.136" endtime="20230814 21:52:08.137"/>
</kw>
<kw name="Create Dictionary" library="BuiltIn">
<var>${rating1}</var>
<arg>rating=4</arg>
<arg>movieId=CRS1</arg>
<doc>Creates and returns a dictionary based on the given ``items``.</doc>
<msg timestamp="20230814 21:52:08.139" level="INFO">${rating1} = {'rating': '4', 'movieId': 'CRS1'}</msg>
<status status="PASS" starttime="20230814 21:52:08.138" endtime="20230814 21:52:08.140"/>
</kw>
<kw name="Create Dictionary" library="BuiltIn">
<var>${movie_data2}</var>
<arg>name=Toy Story</arg>
<arg>movieId=TSY1</arg>
<doc>Creates and returns a dictionary based on the given ``items``.</doc>
<msg timestamp="20230814 21:52:08.142" level="INFO">${movie_data2} = {'name': 'Toy Story', 'movieId': 'TSY1'}</msg>
<status status="PASS" starttime="20230814 21:52:08.140" endtime="20230814 21:52:08.142"/>
</kw>
<kw name="PUT On Session" library="RequestsLibrary">
<var>${movie_resp2}</var>
<arg>localhost</arg>
<arg>/api/v1/addMovie</arg>
<arg>json=${movie_data2}</arg>
<arg>headers=${headers}</arg>
<arg>expected_status=200</arg>
<doc>Sends a PUT request on a previously created HTTP Session.</doc>
<msg timestamp="20230814 21:52:08.213" level="INFO">PUT Request : url=http://localhost:8080/api/v1/addMovie 
 path_url=/api/v1/addMovie 
 headers={'User-Agent': 'python-requests/2.27.1', 'Accept-Encoding': 'gzip, deflate', 'Accept': '*/*', 'Connection': 'keep-alive', 'Content-Type': 'application/json', 'Content-Length': '40'} 
 body=b'{"name": "Toy Story", "movieId": "TSY1"}' 
 </msg>
<msg timestamp="20230814 21:52:08.214" level="INFO">PUT Response : url=http://localhost:8080/api/v1/addMovie 
 status=200, reason=OK 
 headers={'Date': 'Tue, 15 Aug 2023 04:52:08 GMT', 'Content-length': '12'} 
 body=Movies added 
 </msg>
<msg timestamp="20230814 21:52:08.214" level="INFO">${movie_resp2} = &lt;Response [200]&gt;</msg>
<status status="PASS" starttime="20230814 21:52:08.144" endtime="20230814 21:52:08.214"/>
</kw>
<kw name="Create Dictionary" library="BuiltIn">
<var>${rating2}</var>
<arg>rating=5</arg>
<arg>movieId=TSY1</arg>
<doc>Creates and returns a dictionary based on the given ``items``.</doc>
<msg timestamp="20230814 21:52:08.217" level="INFO">${rating2} = {'rating': '5', 'movieId': 'TSY1'}</msg>
<status status="PASS" starttime="20230814 21:52:08.216" endtime="20230814 21:52:08.217"/>
</kw>
<kw name="PUT On Session" library="RequestsLibrary">
<var>${rating_resp}</var>
<arg>localhost</arg>
<arg>/api/v1/setRating</arg>
<arg>json=${rating1}</arg>
<arg>headers=${headers}</arg>
<arg>expected_status=200</arg>
<doc>Sends a PUT request on a previously created HTTP Session.</doc>
<msg timestamp="20230814 21:52:08.279" level="INFO">PUT Request : url=http://localhost:8080/api/v1/setRating 
 path_url=/api/v1/setRating 
 headers={'User-Agent': 'python-requests/2.27.1', 'Accept-Encoding': 'gzip, deflate', 'Accept': '*/*', 'Connection': 'keep-alive', 'Content-Type': 'application/json', 'Content-Length': '34'} 
 body=b'{"rating": "4", "movieId": "CRS1"}' 
 </msg>
<msg timestamp="20230814 21:52:08.279" level="INFO">PUT Response : url=http://localhost:8080/api/v1/setRating 
 status=200, reason=OK 
 headers={'Date': 'Tue, 15 Aug 2023 04:52:08 GMT', 'Content-length': '12'} 
 body=rating added 
 </msg>
<msg timestamp="20230814 21:52:08.280" level="INFO">${rating_resp} = &lt;Response [200]&gt;</msg>
<status status="PASS" starttime="20230814 21:52:08.218" endtime="20230814 21:52:08.280"/>
</kw>
<kw name="PUT On Session" library="RequestsLibrary">
<var>${rating_resp2}</var>
<arg>localhost</arg>
<arg>/api/v1/setRating</arg>
<arg>json=${rating2}</arg>
<arg>headers=${headers}</arg>
<arg>expected_status=200</arg>
<doc>Sends a PUT request on a previously created HTTP Session.</doc>
<msg timestamp="20230814 21:52:08.354" level="INFO">PUT Request : url=http://localhost:8080/api/v1/setRating 
 path_url=/api/v1/setRating 
 headers={'User-Agent': 'python-requests/2.27.1', 'Accept-Encoding': 'gzip, deflate', 'Accept': '*/*', 'Connection': 'keep-alive', 'Content-Type': 'application/json', 'Content-Length': '34'} 
 body=b'{"rating": "5", "movieId": "TSY1"}' 
 </msg>
<msg timestamp="20230814 21:52:08.354" level="INFO">PUT Response : url=http://localhost:8080/api/v1/setRating 
 status=200, reason=OK 
 headers={'Date': 'Tue, 15 Aug 2023 04:52:08 GMT', 'Content-length': '12'} 
 body=rating added 
 </msg>
<msg timestamp="20230814 21:52:08.355" level="INFO">${rating_resp2} = &lt;Response [200]&gt;</msg>
<status status="PASS" starttime="20230814 21:52:08.281" endtime="20230814 21:52:08.355"/>
</kw>
<kw name="Set Variable" library="BuiltIn">
<var>${rating_to_see_all_movies_above}</var>
<arg>3</arg>
<doc>Returns the given values which can then be assigned to a variables.</doc>
<msg timestamp="20230814 21:52:08.360" level="INFO">${rating_to_see_all_movies_above} = 3</msg>
<status status="PASS" starttime="20230814 21:52:08.359" endtime="20230814 21:52:08.360"/>
</kw>
<kw name="GET On Session" library="RequestsLibrary">
<var>${all_movies_above_rating_resp}</var>
<arg>localhost</arg>
<arg>url=/api/v1/getAboveRating?rating=${rating_to_see_all_movies_above}</arg>
<arg>headers=${headers}</arg>
<arg>expected_status=200</arg>
<doc>Sends a GET request on a previously created HTTP Session.</doc>
<msg timestamp="20230814 21:52:08.430" level="INFO">GET Request : url=http://localhost:8080/api/v1/getAboveRating?rating=3 
 path_url=/api/v1/getAboveRating?rating=3 
 headers={'User-Agent': 'python-requests/2.27.1', 'Accept-Encoding': 'gzip, deflate', 'Accept': '*/*', 'Connection': 'keep-alive', 'Content-Type': 'application/json'} 
 body=None 
 </msg>
<msg timestamp="20230814 21:52:08.432" level="INFO">GET Response : url=http://localhost:8080/api/v1/getAboveRating?rating=3 
 status=200, reason=OK 
 headers={'Date': 'Tue, 15 Aug 2023 04:52:08 GMT', 'Content-length': '41'} 
 body={"Movies above 3.0":["Cars","Toy Story"]} 
 </msg>
<msg timestamp="20230814 21:52:08.432" level="INFO">${all_movies_above_rating_resp} = &lt;Response [200]&gt;</msg>
<status status="PASS" starttime="20230814 21:52:08.362" endtime="20230814 21:52:08.432"/>
</kw>
<kw name="Set Variable" library="BuiltIn">
<var>${list_of_all_movies_above}</var>
<arg>${all_movies_above_rating_resp.json()['Movies above ${rating_to_see_all_movies_above}.0']}</arg>
<doc>Returns the given values which can then be assigned to a variables.</doc>
<msg timestamp="20230814 21:52:08.436" level="INFO">${list_of_all_movies_above} = ['Cars', 'Toy Story']</msg>
<status status="PASS" starttime="20230814 21:52:08.433" endtime="20230814 21:52:08.436"/>
</kw>
<kw name="Should Be Equal As Strings" library="BuiltIn">
<arg>${list_of_all_movies_above}</arg>
<arg>['Cars', 'Toy Story']</arg>
<doc>Fails if objects are unequal after converting them to strings.</doc>
<msg timestamp="20230814 21:52:08.439" level="INFO">Argument types are:
&lt;class 'list'&gt;
&lt;class 'str'&gt;</msg>
<status status="PASS" starttime="20230814 21:52:08.437" endtime="20230814 21:52:08.439"/>
</kw>
<timeout value="30 seconds"/>
<status status="PASS" starttime="20230814 21:52:08.131" endtime="20230814 21:52:08.440"/>
</test>
<test id="s1-t20" name="getAboveFail" line="410">
<kw name="Create Dictionary" library="BuiltIn">
<var>${headers}</var>
<arg>Content-Type=application/json</arg>
<doc>Creates and returns a dictionary based on the given ``items``.</doc>
<msg timestamp="20230814 21:52:08.446" level="INFO">${headers} = {'Content-Type': 'application/json'}</msg>
<status status="PASS" starttime="20230814 21:52:08.445" endtime="20230814 21:52:08.446"/>
</kw>
<kw name="Create Dictionary" library="BuiltIn">
<var>${movie_data1}</var>
<arg>name=Cars</arg>
<arg>movieId=CRS1</arg>
<doc>Creates and returns a dictionary based on the given ``items``.</doc>
<msg timestamp="20230814 21:52:08.447" level="INFO">${movie_data1} = {'name': 'Cars', 'movieId': 'CRS1'}</msg>
<status status="PASS" starttime="20230814 21:52:08.446" endtime="20230814 21:52:08.447"/>
</kw>
<kw name="Create Dictionary" library="BuiltIn">
<var>${rating1}</var>
<arg>rating=4</arg>
<arg>movieId=CRS1</arg>
<doc>Creates and returns a dictionary based on the given ``items``.</doc>
<msg timestamp="20230814 21:52:08.449" level="INFO">${rating1} = {'rating': '4', 'movieId': 'CRS1'}</msg>
<status status="PASS" starttime="20230814 21:52:08.448" endtime="20230814 21:52:08.449"/>
</kw>
<kw name="Create Dictionary" library="BuiltIn">
<var>${movie_data2}</var>
<arg>name=Toy Story</arg>
<arg>movieId=TSY1</arg>
<doc>Creates and returns a dictionary based on the given ``items``.</doc>
<msg timestamp="20230814 21:52:08.452" level="INFO">${movie_data2} = {'name': 'Toy Story', 'movieId': 'TSY1'}</msg>
<status status="PASS" starttime="20230814 21:52:08.451" endtime="20230814 21:52:08.452"/>
</kw>
<kw name="Create Dictionary" library="BuiltIn">
<var>${rating2}</var>
<arg>rating=5</arg>
<arg>movieId=TSY1</arg>
<doc>Creates and returns a dictionary based on the given ``items``.</doc>
<msg timestamp="20230814 21:52:08.455" level="INFO">${rating2} = {'rating': '5', 'movieId': 'TSY1'}</msg>
<status status="PASS" starttime="20230814 21:52:08.454" endtime="20230814 21:52:08.455"/>
</kw>
<kw name="PUT On Session" library="RequestsLibrary">
<var>${rating_resp}</var>
<arg>localhost</arg>
<arg>/api/v1/setRating</arg>
<arg>json=${rating1}</arg>
<arg>headers=${headers}</arg>
<arg>expected_status=200</arg>
<doc>Sends a PUT request on a previously created HTTP Session.</doc>
<msg timestamp="20230814 21:52:08.520" level="INFO">PUT Request : url=http://localhost:8080/api/v1/setRating 
 path_url=/api/v1/setRating 
 headers={'User-Agent': 'python-requests/2.27.1', 'Accept-Encoding': 'gzip, deflate', 'Accept': '*/*', 'Connection': 'keep-alive', 'Content-Type': 'application/json', 'Content-Length': '34'} 
 body=b'{"rating": "4", "movieId": "CRS1"}' 
 </msg>
<msg timestamp="20230814 21:52:08.520" level="INFO">PUT Response : url=http://localhost:8080/api/v1/setRating 
 status=200, reason=OK 
 headers={'Date': 'Tue, 15 Aug 2023 04:52:08 GMT', 'Content-length': '12'} 
 body=rating added 
 </msg>
<msg timestamp="20230814 21:52:08.521" level="INFO">${rating_resp} = &lt;Response [200]&gt;</msg>
<status status="PASS" starttime="20230814 21:52:08.456" endtime="20230814 21:52:08.521"/>
</kw>
<kw name="PUT On Session" library="RequestsLibrary">
<var>${rating_resp2}</var>
<arg>localhost</arg>
<arg>/api/v1/setRating</arg>
<arg>json=${rating2}</arg>
<arg>headers=${headers}</arg>
<arg>expected_status=200</arg>
<doc>Sends a PUT request on a previously created HTTP Session.</doc>
<msg timestamp="20230814 21:52:08.580" level="INFO">PUT Request : url=http://localhost:8080/api/v1/setRating 
 path_url=/api/v1/setRating 
 headers={'User-Agent': 'python-requests/2.27.1', 'Accept-Encoding': 'gzip, deflate', 'Accept': '*/*', 'Connection': 'keep-alive', 'Content-Type': 'application/json', 'Content-Length': '34'} 
 body=b'{"rating": "5", "movieId": "TSY1"}' 
 </msg>
<msg timestamp="20230814 21:52:08.580" level="INFO">PUT Response : url=http://localhost:8080/api/v1/setRating 
 status=200, reason=OK 
 headers={'Date': 'Tue, 15 Aug 2023 04:52:08 GMT', 'Content-length': '12'} 
 body=rating added 
 </msg>
<msg timestamp="20230814 21:52:08.581" level="INFO">${rating_resp2} = &lt;Response [200]&gt;</msg>
<status status="PASS" starttime="20230814 21:52:08.522" endtime="20230814 21:52:08.581"/>
</kw>
<kw name="Set Variable" library="BuiltIn">
<var>${rating_to_see_all_movies_above}</var>
<arg>6</arg>
<doc>Returns the given values which can then be assigned to a variables.</doc>
<msg timestamp="20230814 21:52:08.583" level="INFO">${rating_to_see_all_movies_above} = 6</msg>
<status status="PASS" starttime="20230814 21:52:08.582" endtime="20230814 21:52:08.583"/>
</kw>
<kw name="GET On Session" library="RequestsLibrary">
<var>${all_movies_above_rating_resp}</var>
<arg>localhost</arg>
<arg>url=/api/v1/getAboveRating?rating=${rating_to_see_all_movies_above}</arg>
<arg>headers=${headers}</arg>
<arg>expected_status=400</arg>
<doc>Sends a GET request on a previously created HTTP Session.</doc>
<msg timestamp="20230814 21:52:08.644" level="INFO">GET Request : url=http://localhost:8080/api/v1/getAboveRating?rating=6 
 path_url=/api/v1/getAboveRating?rating=6 
 headers={'User-Agent': 'python-requests/2.27.1', 'Accept-Encoding': 'gzip, deflate', 'Accept': '*/*', 'Connection': 'keep-alive', 'Content-Type': 'application/json'} 
 body=None 
 </msg>
<msg timestamp="20230814 21:52:08.645" level="INFO">GET Response : url=http://localhost:8080/api/v1/getAboveRating?rating=6 
 status=400, reason=Bad Request 
 headers={'Date': 'Tue, 15 Aug 2023 04:52:08 GMT', 'Content-length': '15'} 
 body=formatted error 
 </msg>
<msg timestamp="20230814 21:52:08.646" level="INFO">${all_movies_above_rating_resp} = &lt;Response [400]&gt;</msg>
<status status="PASS" starttime="20230814 21:52:08.584" endtime="20230814 21:52:08.646"/>
</kw>
<kw name="PUT On Session" library="RequestsLibrary">
<var>${nukeDb_resp}</var>
<arg>localhost</arg>
<arg>/api/v1/nukeDb</arg>
<arg>json=${movie_data1}</arg>
<arg>headers=${headers}</arg>
<arg>expected_status=200</arg>
<doc>Sends a PUT request on a previously created HTTP Session.</doc>
<msg timestamp="20230814 21:52:08.724" level="INFO">PUT Request : url=http://localhost:8080/api/v1/nukeDb 
 path_url=/api/v1/nukeDb 
 headers={'User-Agent': 'python-requests/2.27.1', 'Accept-Encoding': 'gzip, deflate', 'Accept': '*/*', 'Connection': 'keep-alive', 'Content-Type': 'application/json', 'Content-Length': '35'} 
 body=b'{"name": "Cars", "movieId": "CRS1"}' 
 </msg>
<msg timestamp="20230814 21:52:08.725" level="INFO">PUT Response : url=http://localhost:8080/api/v1/nukeDb 
 status=200, reason=OK 
 headers={'Date': 'Tue, 15 Aug 2023 04:52:08 GMT', 'Content-length': '8'} 
 body=DB nuked 
 </msg>
<msg timestamp="20230814 21:52:08.725" level="INFO">${nukeDb_resp} = &lt;Response [200]&gt;</msg>
<status status="PASS" starttime="20230814 21:52:08.649" endtime="20230814 21:52:08.725"/>
</kw>
<timeout value="30 seconds"/>
<status status="PASS" starttime="20230814 21:52:08.444" endtime="20230814 21:52:08.726"/>
</test>
<status status="PASS" starttime="20230814 21:52:02.585" endtime="20230814 21:52:08.729"/>
</suite>
<statistics>
<total>
<stat pass="20" fail="0" skip="0">All Tests</stat>
</total>
<tag>
</tag>
<suite>
<stat pass="20" fail="0" skip="0" id="s1" name="testBooks">testBooks</stat>
</suite>
</statistics>
<errors>
</errors>
</robot>
