<?xml version="1.0" encoding="UTF-8"?>
<robot generator="Robot 6.1 (Python 3.10.2 on win32)" generated="20230814 22:46:32.741" rpa="false" schemaversion="4">
<suite id="s1" name="testBooks" source="C:\Users\johno\git\3031assignment1\3031assignment1\project\testBooks.robot">
<kw name="Create Session" library="RequestsLibrary" type="SETUP">
<arg>localhost</arg>
<arg>http://localhost:8080</arg>
<doc>Create Session: create a HTTP session to a server</doc>
<msg timestamp="20230814 22:46:33.108" level="INFO">Creating Session using : alias=localhost, url=http://localhost:8080, headers={},                     cookies={}, auth=None, timeout=None, proxies=None, verify=False,                     debug=0 </msg>
<status status="PASS" starttime="20230814 22:46:33.107" endtime="20230814 22:46:33.115"/>
</kw>
<test id="s1-t1" name="addActorPass" line="9">
<kw name="Create Dictionary" library="BuiltIn">
<var>${headers}</var>
<arg>Content-Type=application/json</arg>
<doc>Creates and returns a dictionary based on the given ``items``.</doc>
<msg timestamp="20230814 22:46:33.120" level="INFO">${headers} = {'Content-Type': 'application/json'}</msg>
<status status="PASS" starttime="20230814 22:46:33.118" endtime="20230814 22:46:33.120"/>
</kw>
<kw name="Create Dictionary" library="BuiltIn">
<var>${params}</var>
<arg>name=Leo DiCaprio</arg>
<arg>actorId=LD1</arg>
<doc>Creates and returns a dictionary based on the given ``items``.</doc>
<msg timestamp="20230814 22:46:33.122" level="INFO">${params} = {'name': 'Leo DiCaprio', 'actorId': 'LD1'}</msg>
<status status="PASS" starttime="20230814 22:46:33.121" endtime="20230814 22:46:33.122"/>
</kw>
<kw name="PUT On Session" library="RequestsLibrary">
<var>${resp}</var>
<arg>localhost</arg>
<arg>/api/v1/addActor</arg>
<arg>json=${params}</arg>
<arg>headers=${headers}</arg>
<arg>expected_status=200</arg>
<doc>Sends a PUT request on a previously created HTTP Session.</doc>
<msg timestamp="20230814 22:46:34.658" level="INFO">PUT Request : url=http://localhost:8080/api/v1/addActor 
 path_url=/api/v1/addActor 
 headers={'User-Agent': 'python-requests/2.27.1', 'Accept-Encoding': 'gzip, deflate', 'Accept': '*/*', 'Connection': 'keep-alive', 'Content-Type': 'application/json', 'Content-Length': '42'} 
 body=b'{"name": "Leo DiCaprio", "actorId": "LD1"}' 
 </msg>
<msg timestamp="20230814 22:46:34.662" level="INFO">PUT Response : url=http://localhost:8080/api/v1/addActor 
 status=200, reason=OK 
 headers={'Date': 'Tue, 15 Aug 2023 05:46:34 GMT', 'Content-length': '11'} 
 body=Actor added 
 </msg>
<msg timestamp="20230814 22:46:34.663" level="INFO">${resp} = &lt;Response [200]&gt;</msg>
<status status="PASS" starttime="20230814 22:46:33.123" endtime="20230814 22:46:34.663"/>
</kw>
<timeout value="30 seconds"/>
<status status="PASS" starttime="20230814 22:46:33.117" endtime="20230814 22:46:34.665"/>
</test>
<test id="s1-t2" name="addActorFail" line="14">
<kw name="Create Dictionary" library="BuiltIn">
<var>${headers}</var>
<arg>Content-Type=application/json</arg>
<doc>Creates and returns a dictionary based on the given ``items``.</doc>
<msg timestamp="20230814 22:46:34.672" level="INFO">${headers} = {'Content-Type': 'application/json'}</msg>
<status status="PASS" starttime="20230814 22:46:34.671" endtime="20230814 22:46:34.672"/>
</kw>
<kw name="Create Dictionary" library="BuiltIn">
<var>${params}</var>
<arg>name=Leo DiCaprio</arg>
<doc>Creates and returns a dictionary based on the given ``items``.</doc>
<msg timestamp="20230814 22:46:34.674" level="INFO">${params} = {'name': 'Leo DiCaprio'}</msg>
<status status="PASS" starttime="20230814 22:46:34.673" endtime="20230814 22:46:34.675"/>
</kw>
<kw name="PUT On Session" library="RequestsLibrary">
<var>${resp}</var>
<arg>localhost</arg>
<arg>/api/v1/addActor</arg>
<arg>json=${params}</arg>
<arg>headers=${headers}</arg>
<arg>expected_status=400</arg>
<doc>Sends a PUT request on a previously created HTTP Session.</doc>
<msg timestamp="20230814 22:46:34.801" level="INFO">PUT Request : url=http://localhost:8080/api/v1/addActor 
 path_url=/api/v1/addActor 
 headers={'User-Agent': 'python-requests/2.27.1', 'Accept-Encoding': 'gzip, deflate', 'Accept': '*/*', 'Connection': 'keep-alive', 'Content-Type': 'application/json', 'Content-Length': '24'} 
 body=b'{"name": "Leo DiCaprio"}' 
 </msg>
<msg timestamp="20230814 22:46:34.802" level="INFO">PUT Response : url=http://localhost:8080/api/v1/addActor 
 status=400, reason=Bad Request 
 headers={'Date': 'Tue, 15 Aug 2023 05:46:34 GMT', 'Content-length': '22'} 
 body=cannot understand json 
 </msg>
<msg timestamp="20230814 22:46:34.802" level="INFO">${resp} = &lt;Response [400]&gt;</msg>
<status status="PASS" starttime="20230814 22:46:34.676" endtime="20230814 22:46:34.803"/>
</kw>
<timeout value="30 seconds"/>
<status status="PASS" starttime="20230814 22:46:34.669" endtime="20230814 22:46:34.804"/>
</test>
<test id="s1-t3" name="addMoviePass" line="23">
<kw name="Create Dictionary" library="BuiltIn">
<var>${headers}</var>
<arg>Content-Type=application/json</arg>
<doc>Creates and returns a dictionary based on the given ``items``.</doc>
<msg timestamp="20230814 22:46:34.811" level="INFO">${headers} = {'Content-Type': 'application/json'}</msg>
<status status="PASS" starttime="20230814 22:46:34.809" endtime="20230814 22:46:34.811"/>
</kw>
<kw name="Create Dictionary" library="BuiltIn">
<var>${params}</var>
<arg>name=Oppenheimer</arg>
<arg>movieId=OP1</arg>
<doc>Creates and returns a dictionary based on the given ``items``.</doc>
<msg timestamp="20230814 22:46:34.813" level="INFO">${params} = {'name': 'Oppenheimer', 'movieId': 'OP1'}</msg>
<status status="PASS" starttime="20230814 22:46:34.812" endtime="20230814 22:46:34.813"/>
</kw>
<kw name="PUT On Session" library="RequestsLibrary">
<var>${resp}</var>
<arg>localhost</arg>
<arg>/api/v1/addMovie</arg>
<arg>json=${params}</arg>
<arg>headers=${headers}</arg>
<arg>expected_status=200</arg>
<doc>Sends a PUT request on a previously created HTTP Session.</doc>
<msg timestamp="20230814 22:46:34.939" level="INFO">PUT Request : url=http://localhost:8080/api/v1/addMovie 
 path_url=/api/v1/addMovie 
 headers={'User-Agent': 'python-requests/2.27.1', 'Accept-Encoding': 'gzip, deflate', 'Accept': '*/*', 'Connection': 'keep-alive', 'Content-Type': 'application/json', 'Content-Length': '41'} 
 body=b'{"name": "Oppenheimer", "movieId": "OP1"}' 
 </msg>
<msg timestamp="20230814 22:46:34.940" level="INFO">PUT Response : url=http://localhost:8080/api/v1/addMovie 
 status=200, reason=OK 
 headers={'Date': 'Tue, 15 Aug 2023 05:46:34 GMT', 'Content-length': '12'} 
 body=Movies added 
 </msg>
<msg timestamp="20230814 22:46:34.941" level="INFO">${resp} = &lt;Response [200]&gt;</msg>
<status status="PASS" starttime="20230814 22:46:34.814" endtime="20230814 22:46:34.941"/>
</kw>
<timeout value="30 seconds"/>
<status status="PASS" starttime="20230814 22:46:34.807" endtime="20230814 22:46:34.942"/>
</test>
<test id="s1-t4" name="addMovieFail" line="31">
<kw name="Create Dictionary" library="BuiltIn">
<var>${headers}</var>
<arg>Content-Type=application/json</arg>
<doc>Creates and returns a dictionary based on the given ``items``.</doc>
<msg timestamp="20230814 22:46:34.948" level="INFO">${headers} = {'Content-Type': 'application/json'}</msg>
<status status="PASS" starttime="20230814 22:46:34.947" endtime="20230814 22:46:34.948"/>
</kw>
<kw name="Create Dictionary" library="BuiltIn">
<var>${params}</var>
<arg>name=Oppenheimer</arg>
<arg>movieIdentification=OP1</arg>
<doc>Creates and returns a dictionary based on the given ``items``.</doc>
<msg timestamp="20230814 22:46:34.950" level="INFO">${params} = {'name': 'Oppenheimer', 'movieIdentification': 'OP1'}</msg>
<status status="PASS" starttime="20230814 22:46:34.949" endtime="20230814 22:46:34.950"/>
</kw>
<kw name="PUT On Session" library="RequestsLibrary">
<var>${resp}</var>
<arg>localhost</arg>
<arg>/api/v1/addMovie</arg>
<arg>json=${params}</arg>
<arg>headers=${headers}</arg>
<arg>expected_status=400</arg>
<doc>Sends a PUT request on a previously created HTTP Session.</doc>
<msg timestamp="20230814 22:46:35.036" level="INFO">PUT Request : url=http://localhost:8080/api/v1/addMovie 
 path_url=/api/v1/addMovie 
 headers={'User-Agent': 'python-requests/2.27.1', 'Accept-Encoding': 'gzip, deflate', 'Accept': '*/*', 'Connection': 'keep-alive', 'Content-Type': 'application/json', 'Content-Length': '53'} 
 body=b'{"name": "Oppenheimer", "movieIdentification": "OP1"}' 
 </msg>
<msg timestamp="20230814 22:46:35.036" level="INFO">PUT Response : url=http://localhost:8080/api/v1/addMovie 
 status=400, reason=Bad Request 
 headers={'Date': 'Tue, 15 Aug 2023 05:46:35 GMT', 'Content-length': '22'} 
 body=cannot understand json 
 </msg>
<msg timestamp="20230814 22:46:35.037" level="INFO">${resp} = &lt;Response [400]&gt;</msg>
<status status="PASS" starttime="20230814 22:46:34.951" endtime="20230814 22:46:35.037"/>
</kw>
<timeout value="30 seconds"/>
<status status="PASS" starttime="20230814 22:46:34.945" endtime="20230814 22:46:35.038"/>
</test>
<test id="s1-t5" name="addRelationshipPass" line="39">
<kw name="Create Dictionary" library="BuiltIn">
<var>${headers}</var>
<arg>Content-Type=application/json</arg>
<doc>Creates and returns a dictionary based on the given ``items``.</doc>
<msg timestamp="20230814 22:46:35.043" level="INFO">${headers} = {'Content-Type': 'application/json'}</msg>
<status status="PASS" starttime="20230814 22:46:35.042" endtime="20230814 22:46:35.043"/>
</kw>
<kw name="Create Dictionary" library="BuiltIn">
<var>${actor_data}</var>
<arg>name=Leo DiCaprio</arg>
<arg>actorId=LDC1</arg>
<doc>Creates and returns a dictionary based on the given ``items``.</doc>
<msg timestamp="20230814 22:46:35.045" level="INFO">${actor_data} = {'name': 'Leo DiCaprio', 'actorId': 'LDC1'}</msg>
<status status="PASS" starttime="20230814 22:46:35.044" endtime="20230814 22:46:35.045"/>
</kw>
<kw name="Create Dictionary" library="BuiltIn">
<var>${movie_data}</var>
<arg>name=The Revenant</arg>
<arg>movieId=TRVN1</arg>
<doc>Creates and returns a dictionary based on the given ``items``.</doc>
<msg timestamp="20230814 22:46:35.047" level="INFO">${movie_data} = {'name': 'The Revenant', 'movieId': 'TRVN1'}</msg>
<status status="PASS" starttime="20230814 22:46:35.046" endtime="20230814 22:46:35.047"/>
</kw>
<kw name="PUT On Session" library="RequestsLibrary">
<var>${actor_resp}</var>
<arg>localhost</arg>
<arg>/api/v1/addActor</arg>
<arg>json=${actor_data}</arg>
<arg>headers=${headers}</arg>
<arg>expected_status=200</arg>
<doc>Sends a PUT request on a previously created HTTP Session.</doc>
<msg timestamp="20230814 22:46:35.171" level="INFO">PUT Request : url=http://localhost:8080/api/v1/addActor 
 path_url=/api/v1/addActor 
 headers={'User-Agent': 'python-requests/2.27.1', 'Accept-Encoding': 'gzip, deflate', 'Accept': '*/*', 'Connection': 'keep-alive', 'Content-Type': 'application/json', 'Content-Length': '43'} 
 body=b'{"name": "Leo DiCaprio", "actorId": "LDC1"}' 
 </msg>
<msg timestamp="20230814 22:46:35.171" level="INFO">PUT Response : url=http://localhost:8080/api/v1/addActor 
 status=200, reason=OK 
 headers={'Date': 'Tue, 15 Aug 2023 05:46:35 GMT', 'Content-length': '11'} 
 body=Actor added 
 </msg>
<msg timestamp="20230814 22:46:35.172" level="INFO">${actor_resp} = &lt;Response [200]&gt;</msg>
<status status="PASS" starttime="20230814 22:46:35.048" endtime="20230814 22:46:35.172"/>
</kw>
<kw name="PUT On Session" library="RequestsLibrary">
<var>${movie_resp}</var>
<arg>localhost</arg>
<arg>/api/v1/addMovie</arg>
<arg>json=${movie_data}</arg>
<arg>headers=${headers}</arg>
<arg>expected_status=200</arg>
<doc>Sends a PUT request on a previously created HTTP Session.</doc>
<msg timestamp="20230814 22:46:35.280" level="INFO">PUT Request : url=http://localhost:8080/api/v1/addMovie 
 path_url=/api/v1/addMovie 
 headers={'User-Agent': 'python-requests/2.27.1', 'Accept-Encoding': 'gzip, deflate', 'Accept': '*/*', 'Connection': 'keep-alive', 'Content-Type': 'application/json', 'Content-Length': '44'} 
 body=b'{"name": "The Revenant", "movieId": "TRVN1"}' 
 </msg>
<msg timestamp="20230814 22:46:35.280" level="INFO">PUT Response : url=http://localhost:8080/api/v1/addMovie 
 status=200, reason=OK 
 headers={'Date': 'Tue, 15 Aug 2023 05:46:35 GMT', 'Content-length': '12'} 
 body=Movies added 
 </msg>
<msg timestamp="20230814 22:46:35.281" level="INFO">${movie_resp} = &lt;Response [200]&gt;</msg>
<status status="PASS" starttime="20230814 22:46:35.173" endtime="20230814 22:46:35.281"/>
</kw>
<kw name="Create Dictionary" library="BuiltIn">
<var>${params}</var>
<arg>actorId=LDC1</arg>
<arg>movieId=TRVN1</arg>
<doc>Creates and returns a dictionary based on the given ``items``.</doc>
<msg timestamp="20230814 22:46:35.283" level="INFO">${params} = {'actorId': 'LDC1', 'movieId': 'TRVN1'}</msg>
<status status="PASS" starttime="20230814 22:46:35.282" endtime="20230814 22:46:35.283"/>
</kw>
<kw name="PUT On Session" library="RequestsLibrary">
<var>${resp}</var>
<arg>localhost</arg>
<arg>/api/v1/addRelationship</arg>
<arg>json=${params}</arg>
<arg>headers=${headers}</arg>
<arg>expected_status=200</arg>
<doc>Sends a PUT request on a previously created HTTP Session.</doc>
<msg timestamp="20230814 22:46:35.464" level="INFO">PUT Request : url=http://localhost:8080/api/v1/addRelationship 
 path_url=/api/v1/addRelationship 
 headers={'User-Agent': 'python-requests/2.27.1', 'Accept-Encoding': 'gzip, deflate', 'Accept': '*/*', 'Connection': 'keep-alive', 'Content-Type': 'application/json', 'Content-Length': '39'} 
 body=b'{"actorId": "LDC1", "movieId": "TRVN1"}' 
 </msg>
<msg timestamp="20230814 22:46:35.465" level="INFO">PUT Response : url=http://localhost:8080/api/v1/addRelationship 
 status=200, reason=OK 
 headers={'Date': 'Tue, 15 Aug 2023 05:46:35 GMT', 'Content-length': '18'} 
 body=relationship added 
 </msg>
<msg timestamp="20230814 22:46:35.466" level="INFO">${resp} = &lt;Response [200]&gt;</msg>
<status status="PASS" starttime="20230814 22:46:35.284" endtime="20230814 22:46:35.466"/>
</kw>
<timeout value="30 seconds"/>
<status status="PASS" starttime="20230814 22:46:35.041" endtime="20230814 22:46:35.487"/>
</test>
<test id="s1-t6" name="addRelationshipFail" line="55">
<kw name="Create Dictionary" library="BuiltIn">
<var>${headers}</var>
<arg>Content-Type=application/json</arg>
<doc>Creates and returns a dictionary based on the given ``items``.</doc>
<msg timestamp="20230814 22:46:35.495" level="INFO">${headers} = {'Content-Type': 'application/json'}</msg>
<status status="PASS" starttime="20230814 22:46:35.494" endtime="20230814 22:46:35.496"/>
</kw>
<kw name="Create Dictionary" library="BuiltIn">
<var>${params}</var>
<arg>actorId=LDC1</arg>
<arg>movieId=TRVN2</arg>
<doc>Creates and returns a dictionary based on the given ``items``.</doc>
<msg timestamp="20230814 22:46:35.498" level="INFO">${params} = {'actorId': 'LDC1', 'movieId': 'TRVN2'}</msg>
<status status="PASS" starttime="20230814 22:46:35.497" endtime="20230814 22:46:35.498"/>
</kw>
<kw name="PUT On Session" library="RequestsLibrary">
<var>${resp}</var>
<arg>localhost</arg>
<arg>/api/v1/addRelationship</arg>
<arg>json=${params}</arg>
<arg>headers=${headers}</arg>
<arg>expected_status=404</arg>
<doc>Sends a PUT request on a previously created HTTP Session.</doc>
<msg timestamp="20230814 22:46:35.633" level="INFO">PUT Request : url=http://localhost:8080/api/v1/addRelationship 
 path_url=/api/v1/addRelationship 
 headers={'User-Agent': 'python-requests/2.27.1', 'Accept-Encoding': 'gzip, deflate', 'Accept': '*/*', 'Connection': 'keep-alive', 'Content-Type': 'application/json', 'Content-Length': '39'} 
 body=b'{"actorId": "LDC1", "movieId": "TRVN2"}' 
 </msg>
<msg timestamp="20230814 22:46:35.634" level="INFO">PUT Response : url=http://localhost:8080/api/v1/addRelationship 
 status=404, reason=Not Found 
 headers={'Date': 'Tue, 15 Aug 2023 05:46:35 GMT', 'Content-length': '25'} 
 body=Not found what u look for 
 </msg>
<msg timestamp="20230814 22:46:35.635" level="INFO">${resp} = &lt;Response [404]&gt;</msg>
<status status="PASS" starttime="20230814 22:46:35.499" endtime="20230814 22:46:35.635"/>
</kw>
<timeout value="30 seconds"/>
<status status="PASS" starttime="20230814 22:46:35.492" endtime="20230814 22:46:35.637"/>
</test>
<test id="s1-t7" name="getActorPass" line="65">
<kw name="Create Dictionary" library="BuiltIn">
<var>${headers}</var>
<arg>Content-Type=application/json</arg>
<doc>Creates and returns a dictionary based on the given ``items``.</doc>
<msg timestamp="20230814 22:46:35.644" level="INFO">${headers} = {'Content-Type': 'application/json'}</msg>
<status status="PASS" starttime="20230814 22:46:35.643" endtime="20230814 22:46:35.644"/>
</kw>
<kw name="Create Dictionary" library="BuiltIn">
<var>${actor_data}</var>
<arg>name=Leo DiCaprio</arg>
<arg>actorId=LD1</arg>
<doc>Creates and returns a dictionary based on the given ``items``.</doc>
<msg timestamp="20230814 22:46:35.646" level="INFO">${actor_data} = {'name': 'Leo DiCaprio', 'actorId': 'LD1'}</msg>
<status status="PASS" starttime="20230814 22:46:35.645" endtime="20230814 22:46:35.646"/>
</kw>
<kw name="Create Dictionary" library="BuiltIn">
<var>${movie_data2}</var>
<arg>name=The Wolf of Wall Street</arg>
<arg>movieId=TWOWS1</arg>
<doc>Creates and returns a dictionary based on the given ``items``.</doc>
<msg timestamp="20230814 22:46:35.647" level="INFO">${movie_data2} = {'name': 'The Wolf of Wall Street', 'movieId': 'TWOWS1'}</msg>
<status status="PASS" starttime="20230814 22:46:35.646" endtime="20230814 22:46:35.647"/>
</kw>
<kw name="PUT On Session" library="RequestsLibrary">
<var>${movie_resp2}</var>
<arg>localhost</arg>
<arg>/api/v1/addMovie</arg>
<arg>json=${movie_data2}</arg>
<arg>headers=${headers}</arg>
<arg>expected_status=200</arg>
<doc>Sends a PUT request on a previously created HTTP Session.</doc>
<msg timestamp="20230814 22:46:35.742" level="INFO">PUT Request : url=http://localhost:8080/api/v1/addMovie 
 path_url=/api/v1/addMovie 
 headers={'User-Agent': 'python-requests/2.27.1', 'Accept-Encoding': 'gzip, deflate', 'Accept': '*/*', 'Connection': 'keep-alive', 'Content-Type': 'application/json', 'Content-Length': '56'} 
 body=b'{"name": "The Wolf of Wall Street", "movieId": "TWOWS1"}' 
 </msg>
<msg timestamp="20230814 22:46:35.743" level="INFO">PUT Response : url=http://localhost:8080/api/v1/addMovie 
 status=200, reason=OK 
 headers={'Date': 'Tue, 15 Aug 2023 05:46:35 GMT', 'Content-length': '12'} 
 body=Movies added 
 </msg>
<msg timestamp="20230814 22:46:35.744" level="INFO">${movie_resp2} = &lt;Response [200]&gt;</msg>
<status status="PASS" starttime="20230814 22:46:35.648" endtime="20230814 22:46:35.744"/>
</kw>
<kw name="Create Dictionary" library="BuiltIn">
<var>${relationship_data1}</var>
<arg>actorId=LD1</arg>
<arg>movieId=TRVN1</arg>
<doc>Creates and returns a dictionary based on the given ``items``.</doc>
<msg timestamp="20230814 22:46:35.745" level="INFO">${relationship_data1} = {'actorId': 'LD1', 'movieId': 'TRVN1'}</msg>
<status status="PASS" starttime="20230814 22:46:35.744" endtime="20230814 22:46:35.745"/>
</kw>
<kw name="PUT On Session" library="RequestsLibrary">
<var>${relationship_resp1}</var>
<arg>localhost</arg>
<arg>/api/v1/addRelationship</arg>
<arg>json=${relationship_data1}</arg>
<arg>headers=${headers}</arg>
<arg>expected_status=200</arg>
<doc>Sends a PUT request on a previously created HTTP Session.</doc>
<msg timestamp="20230814 22:46:35.883" level="INFO">PUT Request : url=http://localhost:8080/api/v1/addRelationship 
 path_url=/api/v1/addRelationship 
 headers={'User-Agent': 'python-requests/2.27.1', 'Accept-Encoding': 'gzip, deflate', 'Accept': '*/*', 'Connection': 'keep-alive', 'Content-Type': 'application/json', 'Content-Length': '38'} 
 body=b'{"actorId": "LD1", "movieId": "TRVN1"}' 
 </msg>
<msg timestamp="20230814 22:46:35.883" level="INFO">PUT Response : url=http://localhost:8080/api/v1/addRelationship 
 status=200, reason=OK 
 headers={'Date': 'Tue, 15 Aug 2023 05:46:35 GMT', 'Content-length': '18'} 
 body=relationship added 
 </msg>
<msg timestamp="20230814 22:46:35.884" level="INFO">${relationship_resp1} = &lt;Response [200]&gt;</msg>
<status status="PASS" starttime="20230814 22:46:35.746" endtime="20230814 22:46:35.884"/>
</kw>
<kw name="Create Dictionary" library="BuiltIn">
<var>${relationship_data2}</var>
<arg>actorId=LD1</arg>
<arg>movieId=TWOWS1</arg>
<doc>Creates and returns a dictionary based on the given ``items``.</doc>
<msg timestamp="20230814 22:46:35.886" level="INFO">${relationship_data2} = {'actorId': 'LD1', 'movieId': 'TWOWS1'}</msg>
<status status="PASS" starttime="20230814 22:46:35.885" endtime="20230814 22:46:35.887"/>
</kw>
<kw name="PUT On Session" library="RequestsLibrary">
<var>${relationship_resp2}</var>
<arg>localhost</arg>
<arg>/api/v1/addRelationship</arg>
<arg>json=${relationship_data2}</arg>
<arg>headers=${headers}</arg>
<arg>expected_status=200</arg>
<doc>Sends a PUT request on a previously created HTTP Session.</doc>
<msg timestamp="20230814 22:46:36.016" level="INFO">PUT Request : url=http://localhost:8080/api/v1/addRelationship 
 path_url=/api/v1/addRelationship 
 headers={'User-Agent': 'python-requests/2.27.1', 'Accept-Encoding': 'gzip, deflate', 'Accept': '*/*', 'Connection': 'keep-alive', 'Content-Type': 'application/json', 'Content-Length': '39'} 
 body=b'{"actorId": "LD1", "movieId": "TWOWS1"}' 
 </msg>
<msg timestamp="20230814 22:46:36.016" level="INFO">PUT Response : url=http://localhost:8080/api/v1/addRelationship 
 status=200, reason=OK 
 headers={'Date': 'Tue, 15 Aug 2023 05:46:36 GMT', 'Content-length': '18'} 
 body=relationship added 
 </msg>
<msg timestamp="20230814 22:46:36.017" level="INFO">${relationship_resp2} = &lt;Response [200]&gt;</msg>
<status status="PASS" starttime="20230814 22:46:35.887" endtime="20230814 22:46:36.017"/>
</kw>
<kw name="Set Variable" library="BuiltIn">
<var>${actor_id}</var>
<arg>LD1</arg>
<doc>Returns the given values which can then be assigned to a variables.</doc>
<msg timestamp="20230814 22:46:36.021" level="INFO">${actor_id} = LD1</msg>
<status status="PASS" starttime="20230814 22:46:36.018" endtime="20230814 22:46:36.021"/>
</kw>
<kw name="GET On Session" library="RequestsLibrary">
<var>${resp}</var>
<arg>localhost</arg>
<arg>url=/api/v1/getActor?actorId=${actor_id}</arg>
<arg>headers=${headers}</arg>
<arg>expected_status=200</arg>
<doc>Sends a GET request on a previously created HTTP Session.</doc>
<msg timestamp="20230814 22:46:36.124" level="INFO">GET Request : url=http://localhost:8080/api/v1/getActor?actorId=LD1 
 path_url=/api/v1/getActor?actorId=LD1 
 headers={'User-Agent': 'python-requests/2.27.1', 'Accept-Encoding': 'gzip, deflate', 'Accept': '*/*', 'Connection': 'keep-alive', 'Content-Type': 'application/json'} 
 body=None 
 </msg>
<msg timestamp="20230814 22:46:36.125" level="INFO">GET Response : url=http://localhost:8080/api/v1/getActor?actorId=LD1 
 status=200, reason=OK 
 headers={'Date': 'Tue, 15 Aug 2023 05:46:36 GMT', 'Content-length': '67'} 
 body={"movies":["TWOWS1","TRVN1"],"actorId":"LD1","name":"Leo DiCaprio"} 
 </msg>
<msg timestamp="20230814 22:46:36.126" level="INFO">${resp} = &lt;Response [200]&gt;</msg>
<status status="PASS" starttime="20230814 22:46:36.023" endtime="20230814 22:46:36.126"/>
</kw>
<kw name="Log To Console" library="BuiltIn">
<arg>${resp.json()}</arg>
<doc>Logs the given message to the console.</doc>
<status status="PASS" starttime="20230814 22:46:36.127" endtime="20230814 22:46:36.130"/>
</kw>
<kw name="Set Variable" library="BuiltIn">
<var>${actor_name}</var>
<arg>${resp.json()['name']}</arg>
<doc>Returns the given values which can then be assigned to a variables.</doc>
<msg timestamp="20230814 22:46:36.136" level="INFO">${actor_name} = Leo DiCaprio</msg>
<status status="PASS" starttime="20230814 22:46:36.131" endtime="20230814 22:46:36.136"/>
</kw>
<kw name="Set Variable" library="BuiltIn">
<var>${movies_acted_in}</var>
<arg>${resp.json()['movies']}</arg>
<doc>Returns the given values which can then be assigned to a variables.</doc>
<msg timestamp="20230814 22:46:36.142" level="INFO">${movies_acted_in} = ['TWOWS1', 'TRVN1']</msg>
<status status="PASS" starttime="20230814 22:46:36.137" endtime="20230814 22:46:36.142"/>
</kw>
<kw name="Should Be Equal As Strings" library="BuiltIn">
<arg>${actor_name}</arg>
<arg>Leo DiCaprio</arg>
<doc>Fails if objects are unequal after converting them to strings.</doc>
<status status="PASS" starttime="20230814 22:46:36.144" endtime="20230814 22:46:36.147"/>
</kw>
<kw name="Should Contain" library="BuiltIn">
<arg>${movies_acted_in}</arg>
<arg>TRVN1</arg>
<doc>Fails if ``container`` does not contain ``item`` one or more times.</doc>
<status status="PASS" starttime="20230814 22:46:36.148" endtime="20230814 22:46:36.149"/>
</kw>
<kw name="Should Contain" library="BuiltIn">
<arg>${movies_acted_in}</arg>
<arg>TWOWS1</arg>
<doc>Fails if ``container`` does not contain ``item`` one or more times.</doc>
<status status="PASS" starttime="20230814 22:46:36.150" endtime="20230814 22:46:36.151"/>
</kw>
<kw name="Should Be Equal As Strings" library="BuiltIn">
<arg>${actor_id}</arg>
<arg>LD1</arg>
<doc>Fails if objects are unequal after converting them to strings.</doc>
<status status="PASS" starttime="20230814 22:46:36.153" endtime="20230814 22:46:36.155"/>
</kw>
<timeout value="30 seconds"/>
<status status="PASS" starttime="20230814 22:46:35.640" endtime="20230814 22:46:36.157"/>
</test>
<test id="s1-t8" name="getActorFail" line="101">
<kw name="Create Dictionary" library="BuiltIn">
<var>${headers}</var>
<arg>Content-Type=application/json</arg>
<doc>Creates and returns a dictionary based on the given ``items``.</doc>
<msg timestamp="20230814 22:46:36.162" level="INFO">${headers} = {'Content-Type': 'application/json'}</msg>
<status status="PASS" starttime="20230814 22:46:36.161" endtime="20230814 22:46:36.162"/>
</kw>
<kw name="Create Dictionary" library="BuiltIn">
<var>${actor_data}</var>
<arg>name=Leo DiCaprio</arg>
<arg>actorId=LD1</arg>
<doc>Creates and returns a dictionary based on the given ``items``.</doc>
<msg timestamp="20230814 22:46:36.165" level="INFO">${actor_data} = {'name': 'Leo DiCaprio', 'actorId': 'LD1'}</msg>
<status status="PASS" starttime="20230814 22:46:36.164" endtime="20230814 22:46:36.165"/>
</kw>
<kw name="Set Variable" library="BuiltIn">
<var>${actor_id}</var>
<arg>LD2</arg>
<doc>Returns the given values which can then be assigned to a variables.</doc>
<msg timestamp="20230814 22:46:36.167" level="INFO">${actor_id} = LD2</msg>
<status status="PASS" starttime="20230814 22:46:36.166" endtime="20230814 22:46:36.167"/>
</kw>
<kw name="GET On Session" library="RequestsLibrary">
<var>${resp}</var>
<arg>localhost</arg>
<arg>url=/api/v1/getActor?actorId=${actor_id}</arg>
<arg>headers=${headers}</arg>
<arg>expected_status=404</arg>
<doc>Sends a GET request on a previously created HTTP Session.</doc>
<msg timestamp="20230814 22:46:36.241" level="INFO">GET Request : url=http://localhost:8080/api/v1/getActor?actorId=LD2 
 path_url=/api/v1/getActor?actorId=LD2 
 headers={'User-Agent': 'python-requests/2.27.1', 'Accept-Encoding': 'gzip, deflate', 'Accept': '*/*', 'Connection': 'keep-alive', 'Content-Type': 'application/json'} 
 body=None 
 </msg>
<msg timestamp="20230814 22:46:36.242" level="INFO">GET Response : url=http://localhost:8080/api/v1/getActor?actorId=LD2 
 status=404, reason=Not Found 
 headers={'Date': 'Tue, 15 Aug 2023 05:46:36 GMT', 'Content-length': '25'} 
 body=Not found what u look for 
 </msg>
<msg timestamp="20230814 22:46:36.242" level="INFO">${resp} = &lt;Response [404]&gt;</msg>
<status status="PASS" starttime="20230814 22:46:36.168" endtime="20230814 22:46:36.242"/>
</kw>
<timeout value="30 seconds"/>
<status status="PASS" starttime="20230814 22:46:36.160" endtime="20230814 22:46:36.244"/>
</test>
<test id="s1-t9" name="getMoviePass" line="109">
<kw name="Create Dictionary" library="BuiltIn">
<var>${headers}</var>
<arg>Content-Type=application/json</arg>
<doc>Creates and returns a dictionary based on the given ``items``.</doc>
<msg timestamp="20230814 22:46:36.250" level="INFO">${headers} = {'Content-Type': 'application/json'}</msg>
<status status="PASS" starttime="20230814 22:46:36.249" endtime="20230814 22:46:36.250"/>
</kw>
<kw name="Create Dictionary" library="BuiltIn">
<var>${movie_data}</var>
<arg>name=Oppenheimer</arg>
<arg>movieId=OP1</arg>
<doc>Creates and returns a dictionary based on the given ``items``.</doc>
<msg timestamp="20230814 22:46:36.252" level="INFO">${movie_data} = {'name': 'Oppenheimer', 'movieId': 'OP1'}</msg>
<status status="PASS" starttime="20230814 22:46:36.251" endtime="20230814 22:46:36.252"/>
</kw>
<kw name="Create Dictionary" library="BuiltIn">
<var>${actor_data1}</var>
<arg>name=Cillian Murphy</arg>
<arg>actorId=CM1</arg>
<doc>Creates and returns a dictionary based on the given ``items``.</doc>
<msg timestamp="20230814 22:46:36.255" level="INFO">${actor_data1} = {'name': 'Cillian Murphy', 'actorId': 'CM1'}</msg>
<status status="PASS" starttime="20230814 22:46:36.254" endtime="20230814 22:46:36.255"/>
</kw>
<kw name="Create Dictionary" library="BuiltIn">
<var>${actor_data2}</var>
<arg>name=Rami Malek</arg>
<arg>actorId=RM1</arg>
<doc>Creates and returns a dictionary based on the given ``items``.</doc>
<msg timestamp="20230814 22:46:36.257" level="INFO">${actor_data2} = {'name': 'Rami Malek', 'actorId': 'RM1'}</msg>
<status status="PASS" starttime="20230814 22:46:36.256" endtime="20230814 22:46:36.257"/>
</kw>
<kw name="PUT On Session" library="RequestsLibrary">
<var>${actor_resp1}</var>
<arg>localhost</arg>
<arg>/api/v1/addActor</arg>
<arg>json=${actor_data1}</arg>
<arg>headers=${headers}</arg>
<arg>expected_status=200</arg>
<doc>Sends a PUT request on a previously created HTTP Session.</doc>
<msg timestamp="20230814 22:46:36.389" level="INFO">PUT Request : url=http://localhost:8080/api/v1/addActor 
 path_url=/api/v1/addActor 
 headers={'User-Agent': 'python-requests/2.27.1', 'Accept-Encoding': 'gzip, deflate', 'Accept': '*/*', 'Connection': 'keep-alive', 'Content-Type': 'application/json', 'Content-Length': '44'} 
 body=b'{"name": "Cillian Murphy", "actorId": "CM1"}' 
 </msg>
<msg timestamp="20230814 22:46:36.389" level="INFO">PUT Response : url=http://localhost:8080/api/v1/addActor 
 status=200, reason=OK 
 headers={'Date': 'Tue, 15 Aug 2023 05:46:36 GMT', 'Content-length': '11'} 
 body=Actor added 
 </msg>
<msg timestamp="20230814 22:46:36.389" level="INFO">${actor_resp1} = &lt;Response [200]&gt;</msg>
<status status="PASS" starttime="20230814 22:46:36.258" endtime="20230814 22:46:36.390"/>
</kw>
<kw name="PUT On Session" library="RequestsLibrary">
<var>${actor_resp1}</var>
<arg>localhost</arg>
<arg>/api/v1/addActor</arg>
<arg>json=${actor_data2}</arg>
<arg>headers=${headers}</arg>
<arg>expected_status=200</arg>
<doc>Sends a PUT request on a previously created HTTP Session.</doc>
<msg timestamp="20230814 22:46:36.521" level="INFO">PUT Request : url=http://localhost:8080/api/v1/addActor 
 path_url=/api/v1/addActor 
 headers={'User-Agent': 'python-requests/2.27.1', 'Accept-Encoding': 'gzip, deflate', 'Accept': '*/*', 'Connection': 'keep-alive', 'Content-Type': 'application/json', 'Content-Length': '40'} 
 body=b'{"name": "Rami Malek", "actorId": "RM1"}' 
 </msg>
<msg timestamp="20230814 22:46:36.522" level="INFO">PUT Response : url=http://localhost:8080/api/v1/addActor 
 status=200, reason=OK 
 headers={'Date': 'Tue, 15 Aug 2023 05:46:36 GMT', 'Content-length': '11'} 
 body=Actor added 
 </msg>
<msg timestamp="20230814 22:46:36.522" level="INFO">${actor_resp1} = &lt;Response [200]&gt;</msg>
<status status="PASS" starttime="20230814 22:46:36.391" endtime="20230814 22:46:36.522"/>
</kw>
<kw name="Create Dictionary" library="BuiltIn">
<var>${relationship_data1}</var>
<arg>actorId=CM1</arg>
<arg>movieId=OP1</arg>
<doc>Creates and returns a dictionary based on the given ``items``.</doc>
<msg timestamp="20230814 22:46:36.524" level="INFO">${relationship_data1} = {'actorId': 'CM1', 'movieId': 'OP1'}</msg>
<status status="PASS" starttime="20230814 22:46:36.523" endtime="20230814 22:46:36.524"/>
</kw>
<kw name="PUT On Session" library="RequestsLibrary">
<var>${relationship_resp1}</var>
<arg>localhost</arg>
<arg>/api/v1/addRelationship</arg>
<arg>json=${relationship_data1}</arg>
<arg>headers=${headers}</arg>
<arg>expected_status=200</arg>
<doc>Sends a PUT request on a previously created HTTP Session.</doc>
<msg timestamp="20230814 22:46:36.641" level="INFO">PUT Request : url=http://localhost:8080/api/v1/addRelationship 
 path_url=/api/v1/addRelationship 
 headers={'User-Agent': 'python-requests/2.27.1', 'Accept-Encoding': 'gzip, deflate', 'Accept': '*/*', 'Connection': 'keep-alive', 'Content-Type': 'application/json', 'Content-Length': '36'} 
 body=b'{"actorId": "CM1", "movieId": "OP1"}' 
 </msg>
<msg timestamp="20230814 22:46:36.641" level="INFO">PUT Response : url=http://localhost:8080/api/v1/addRelationship 
 status=200, reason=OK 
 headers={'Date': 'Tue, 15 Aug 2023 05:46:36 GMT', 'Content-length': '18'} 
 body=relationship added 
 </msg>
<msg timestamp="20230814 22:46:36.642" level="INFO">${relationship_resp1} = &lt;Response [200]&gt;</msg>
<status status="PASS" starttime="20230814 22:46:36.525" endtime="20230814 22:46:36.642"/>
</kw>
<kw name="Create Dictionary" library="BuiltIn">
<var>${relationship_data2}</var>
<arg>actorId=RM1</arg>
<arg>movieId=OP1</arg>
<doc>Creates and returns a dictionary based on the given ``items``.</doc>
<msg timestamp="20230814 22:46:36.644" level="INFO">${relationship_data2} = {'actorId': 'RM1', 'movieId': 'OP1'}</msg>
<status status="PASS" starttime="20230814 22:46:36.643" endtime="20230814 22:46:36.644"/>
</kw>
<kw name="PUT On Session" library="RequestsLibrary">
<var>${relationship_resp2}</var>
<arg>localhost</arg>
<arg>/api/v1/addRelationship</arg>
<arg>json=${relationship_data2}</arg>
<arg>headers=${headers}</arg>
<arg>expected_status=200</arg>
<doc>Sends a PUT request on a previously created HTTP Session.</doc>
<msg timestamp="20230814 22:46:36.739" level="INFO">PUT Request : url=http://localhost:8080/api/v1/addRelationship 
 path_url=/api/v1/addRelationship 
 headers={'User-Agent': 'python-requests/2.27.1', 'Accept-Encoding': 'gzip, deflate', 'Accept': '*/*', 'Connection': 'keep-alive', 'Content-Type': 'application/json', 'Content-Length': '36'} 
 body=b'{"actorId": "RM1", "movieId": "OP1"}' 
 </msg>
<msg timestamp="20230814 22:46:36.739" level="INFO">PUT Response : url=http://localhost:8080/api/v1/addRelationship 
 status=200, reason=OK 
 headers={'Date': 'Tue, 15 Aug 2023 05:46:36 GMT', 'Content-length': '18'} 
 body=relationship added 
 </msg>
<msg timestamp="20230814 22:46:36.739" level="INFO">${relationship_resp2} = &lt;Response [200]&gt;</msg>
<status status="PASS" starttime="20230814 22:46:36.645" endtime="20230814 22:46:36.739"/>
</kw>
<kw name="Set Variable" library="BuiltIn">
<var>${movie_id}</var>
<arg>OP1</arg>
<doc>Returns the given values which can then be assigned to a variables.</doc>
<msg timestamp="20230814 22:46:36.741" level="INFO">${movie_id} = OP1</msg>
<status status="PASS" starttime="20230814 22:46:36.740" endtime="20230814 22:46:36.741"/>
</kw>
<kw name="GET On Session" library="RequestsLibrary">
<var>${resp}</var>
<arg>localhost</arg>
<arg>url=/api/v1/getMovie?movieId=${movie_id}</arg>
<arg>headers=${headers}</arg>
<arg>expected_status=200</arg>
<doc>Sends a GET request on a previously created HTTP Session.</doc>
<msg timestamp="20230814 22:46:36.963" level="INFO">GET Request : url=http://localhost:8080/api/v1/getMovie?movieId=OP1 
 path_url=/api/v1/getMovie?movieId=OP1 
 headers={'User-Agent': 'python-requests/2.27.1', 'Accept-Encoding': 'gzip, deflate', 'Accept': '*/*', 'Connection': 'keep-alive', 'Content-Type': 'application/json'} 
 body=None 
 </msg>
<msg timestamp="20230814 22:46:36.964" level="INFO">GET Response : url=http://localhost:8080/api/v1/getMovie?movieId=OP1 
 status=200, reason=OK 
 headers={'Date': 'Tue, 15 Aug 2023 05:46:36 GMT', 'Content-length': '61'} 
 body={"actors":["RM1","CM1"],"name":"Oppenheimer","movieId":"OP1"} 
 </msg>
<msg timestamp="20230814 22:46:36.964" level="INFO">${resp} = &lt;Response [200]&gt;</msg>
<status status="PASS" starttime="20230814 22:46:36.742" endtime="20230814 22:46:36.964"/>
</kw>
<kw name="Log To Console" library="BuiltIn">
<arg>${resp.json()}</arg>
<doc>Logs the given message to the console.</doc>
<status status="PASS" starttime="20230814 22:46:36.964" endtime="20230814 22:46:36.967"/>
</kw>
<kw name="Set Variable" library="BuiltIn">
<var>${movie_name}</var>
<arg>${resp.json()['name']}</arg>
<doc>Returns the given values which can then be assigned to a variables.</doc>
<msg timestamp="20230814 22:46:36.971" level="INFO">${movie_name} = Oppenheimer</msg>
<status status="PASS" starttime="20230814 22:46:36.968" endtime="20230814 22:46:36.971"/>
</kw>
<kw name="Set Variable" library="BuiltIn">
<var>${movie_id}</var>
<arg>${resp.json()['movieId']}</arg>
<doc>Returns the given values which can then be assigned to a variables.</doc>
<msg timestamp="20230814 22:46:36.977" level="INFO">${movie_id} = OP1</msg>
<status status="PASS" starttime="20230814 22:46:36.972" endtime="20230814 22:46:36.977"/>
</kw>
<kw name="Set Variable" library="BuiltIn">
<var>${movie_actors}</var>
<arg>${resp.json()['actors']}</arg>
<doc>Returns the given values which can then be assigned to a variables.</doc>
<msg timestamp="20230814 22:46:36.982" level="INFO">${movie_actors} = ['RM1', 'CM1']</msg>
<status status="PASS" starttime="20230814 22:46:36.979" endtime="20230814 22:46:36.982"/>
</kw>
<kw name="Should Be Equal As Strings" library="BuiltIn">
<arg>${movie_name}</arg>
<arg>Oppenheimer</arg>
<doc>Fails if objects are unequal after converting them to strings.</doc>
<status status="PASS" starttime="20230814 22:46:36.983" endtime="20230814 22:46:36.984"/>
</kw>
<kw name="Should Be Equal As Strings" library="BuiltIn">
<arg>${movie_id}</arg>
<arg>OP1</arg>
<doc>Fails if objects are unequal after converting them to strings.</doc>
<status status="PASS" starttime="20230814 22:46:36.986" endtime="20230814 22:46:36.989"/>
</kw>
<kw name="Should Contain" library="BuiltIn">
<arg>${movie_actors}</arg>
<arg>CM1</arg>
<doc>Fails if ``container`` does not contain ``item`` one or more times.</doc>
<status status="PASS" starttime="20230814 22:46:36.990" endtime="20230814 22:46:36.993"/>
</kw>
<kw name="Should Contain" library="BuiltIn">
<arg>${movie_actors}</arg>
<arg>RM1</arg>
<doc>Fails if ``container`` does not contain ``item`` one or more times.</doc>
<status status="PASS" starttime="20230814 22:46:36.994" endtime="20230814 22:46:36.996"/>
</kw>
<timeout value="30 seconds"/>
<status status="PASS" starttime="20230814 22:46:36.247" endtime="20230814 22:46:36.997"/>
</test>
<test id="s1-t10" name="getMovieFail" line="145">
<kw name="Create Dictionary" library="BuiltIn">
<var>${headers}</var>
<arg>Content-Type=application/json</arg>
<doc>Creates and returns a dictionary based on the given ``items``.</doc>
<msg timestamp="20230814 22:46:37.003" level="INFO">${headers} = {'Content-Type': 'application/json'}</msg>
<status status="PASS" starttime="20230814 22:46:37.002" endtime="20230814 22:46:37.003"/>
</kw>
<kw name="Create Dictionary" library="BuiltIn">
<var>${movie_data}</var>
<arg>name=Oppenheimer</arg>
<arg>movieId=OP1</arg>
<doc>Creates and returns a dictionary based on the given ``items``.</doc>
<msg timestamp="20230814 22:46:37.004" level="INFO">${movie_data} = {'name': 'Oppenheimer', 'movieId': 'OP1'}</msg>
<status status="PASS" starttime="20230814 22:46:37.004" endtime="20230814 22:46:37.004"/>
</kw>
<kw name="Create Dictionary" library="BuiltIn">
<var>${actor_data1}</var>
<arg>name=Cillian Murphy</arg>
<arg>actorId=CM1</arg>
<doc>Creates and returns a dictionary based on the given ``items``.</doc>
<msg timestamp="20230814 22:46:37.006" level="INFO">${actor_data1} = {'name': 'Cillian Murphy', 'actorId': 'CM1'}</msg>
<status status="PASS" starttime="20230814 22:46:37.005" endtime="20230814 22:46:37.006"/>
</kw>
<kw name="Create Dictionary" library="BuiltIn">
<var>${actor_data2}</var>
<arg>name=Rami Malek</arg>
<arg>actorId=RM1</arg>
<doc>Creates and returns a dictionary based on the given ``items``.</doc>
<msg timestamp="20230814 22:46:37.010" level="INFO">${actor_data2} = {'name': 'Rami Malek', 'actorId': 'RM1'}</msg>
<status status="PASS" starttime="20230814 22:46:37.008" endtime="20230814 22:46:37.010"/>
</kw>
<kw name="Create Dictionary" library="BuiltIn">
<var>${relationship_data1}</var>
<arg>actorId=CM1</arg>
<arg>movieId=OP1</arg>
<doc>Creates and returns a dictionary based on the given ``items``.</doc>
<msg timestamp="20230814 22:46:37.015" level="INFO">${relationship_data1} = {'actorId': 'CM1', 'movieId': 'OP1'}</msg>
<status status="PASS" starttime="20230814 22:46:37.014" endtime="20230814 22:46:37.015"/>
</kw>
<kw name="Create Dictionary" library="BuiltIn">
<var>${relationship_data2}</var>
<arg>actorId=RM1</arg>
<arg>movieId=OP1</arg>
<doc>Creates and returns a dictionary based on the given ``items``.</doc>
<msg timestamp="20230814 22:46:37.018" level="INFO">${relationship_data2} = {'actorId': 'RM1', 'movieId': 'OP1'}</msg>
<status status="PASS" starttime="20230814 22:46:37.017" endtime="20230814 22:46:37.018"/>
</kw>
<kw name="Set Variable" library="BuiltIn">
<var>${movie_id}</var>
<arg>OP11</arg>
<doc>Returns the given values which can then be assigned to a variables.</doc>
<msg timestamp="20230814 22:46:37.022" level="INFO">${movie_id} = OP11</msg>
<status status="PASS" starttime="20230814 22:46:37.019" endtime="20230814 22:46:37.022"/>
</kw>
<kw name="GET On Session" library="RequestsLibrary">
<var>${resp}</var>
<arg>localhost</arg>
<arg>url=/api/v1/getMovie?movieId=${movie_id}</arg>
<arg>headers=${headers}</arg>
<arg>expected_status=404</arg>
<doc>Sends a GET request on a previously created HTTP Session.</doc>
<msg timestamp="20230814 22:46:37.101" level="INFO">GET Request : url=http://localhost:8080/api/v1/getMovie?movieId=OP11 
 path_url=/api/v1/getMovie?movieId=OP11 
 headers={'User-Agent': 'python-requests/2.27.1', 'Accept-Encoding': 'gzip, deflate', 'Accept': '*/*', 'Connection': 'keep-alive', 'Content-Type': 'application/json'} 
 body=None 
 </msg>
<msg timestamp="20230814 22:46:37.101" level="INFO">GET Response : url=http://localhost:8080/api/v1/getMovie?movieId=OP11 
 status=404, reason=Not Found 
 headers={'Date': 'Tue, 15 Aug 2023 05:46:37 GMT', 'Content-length': '25'} 
 body=Not found what u look for 
 </msg>
<msg timestamp="20230814 22:46:37.102" level="INFO">${resp} = &lt;Response [404]&gt;</msg>
<status status="PASS" starttime="20230814 22:46:37.026" endtime="20230814 22:46:37.102"/>
</kw>
<timeout value="30 seconds"/>
<status status="PASS" starttime="20230814 22:46:37.000" endtime="20230814 22:46:37.104"/>
</test>
<test id="s1-t11" name="hasRelationshipPass" line="165">
<kw name="Create Dictionary" library="BuiltIn">
<var>${headers}</var>
<arg>Content-Type=application/json</arg>
<doc>Creates and returns a dictionary based on the given ``items``.</doc>
<msg timestamp="20230814 22:46:37.109" level="INFO">${headers} = {'Content-Type': 'application/json'}</msg>
<status status="PASS" starttime="20230814 22:46:37.108" endtime="20230814 22:46:37.109"/>
</kw>
<kw name="Create Dictionary" library="BuiltIn">
<var>${actor_data}</var>
<arg>name=Leo DiCaprio</arg>
<arg>actorId=LDC1</arg>
<doc>Creates and returns a dictionary based on the given ``items``.</doc>
<msg timestamp="20230814 22:46:37.111" level="INFO">${actor_data} = {'name': 'Leo DiCaprio', 'actorId': 'LDC1'}</msg>
<status status="PASS" starttime="20230814 22:46:37.110" endtime="20230814 22:46:37.111"/>
</kw>
<kw name="Create Dictionary" library="BuiltIn">
<var>${movie_data}</var>
<arg>name=The Revenant</arg>
<arg>movieId=TRVN1</arg>
<doc>Creates and returns a dictionary based on the given ``items``.</doc>
<msg timestamp="20230814 22:46:37.112" level="INFO">${movie_data} = {'name': 'The Revenant', 'movieId': 'TRVN1'}</msg>
<status status="PASS" starttime="20230814 22:46:37.111" endtime="20230814 22:46:37.112"/>
</kw>
<kw name="Create Dictionary" library="BuiltIn">
<var>${relationship_data}</var>
<arg>actorId=LDC1</arg>
<arg>movieId=TRVN1</arg>
<doc>Creates and returns a dictionary based on the given ``items``.</doc>
<msg timestamp="20230814 22:46:37.114" level="INFO">${relationship_data} = {'actorId': 'LDC1', 'movieId': 'TRVN1'}</msg>
<status status="PASS" starttime="20230814 22:46:37.113" endtime="20230814 22:46:37.114"/>
</kw>
<kw name="Set Variable" library="BuiltIn">
<var>${actor_id}</var>
<arg>LDC1</arg>
<doc>Returns the given values which can then be assigned to a variables.</doc>
<msg timestamp="20230814 22:46:37.116" level="INFO">${actor_id} = LDC1</msg>
<status status="PASS" starttime="20230814 22:46:37.115" endtime="20230814 22:46:37.116"/>
</kw>
<kw name="Set Variable" library="BuiltIn">
<var>${movie_id}</var>
<arg>TRVN1</arg>
<doc>Returns the given values which can then be assigned to a variables.</doc>
<msg timestamp="20230814 22:46:37.118" level="INFO">${movie_id} = TRVN1</msg>
<status status="PASS" starttime="20230814 22:46:37.117" endtime="20230814 22:46:37.118"/>
</kw>
<kw name="GET On Session" library="RequestsLibrary">
<var>${hasRelationship_resp}</var>
<arg>localhost</arg>
<arg>url=/api/v1/hasRelationship?actorId=${actor_id}&amp;movieId=${movie_id}</arg>
<arg>headers=${headers}</arg>
<arg>expected_status=200</arg>
<doc>Sends a GET request on a previously created HTTP Session.</doc>
<msg timestamp="20230814 22:46:37.215" level="INFO">GET Request : url=http://localhost:8080/api/v1/hasRelationship?actorId=LDC1&amp;movieId=TRVN1 
 path_url=/api/v1/hasRelationship?actorId=LDC1&amp;movieId=TRVN1 
 headers={'User-Agent': 'python-requests/2.27.1', 'Accept-Encoding': 'gzip, deflate', 'Accept': '*/*', 'Connection': 'keep-alive', 'Content-Type': 'application/json'} 
 body=None 
 </msg>
<msg timestamp="20230814 22:46:37.216" level="INFO">GET Response : url=http://localhost:8080/api/v1/hasRelationship?actorId=LDC1&amp;movieId=TRVN1 
 status=200, reason=OK 
 headers={'Date': 'Tue, 15 Aug 2023 05:46:37 GMT', 'Content-length': '61'} 
 body={"actorId":"LDC1","movieId":"TRVN1","hasRelationship":"true"} 
 </msg>
<msg timestamp="20230814 22:46:37.216" level="INFO">${hasRelationship_resp} = &lt;Response [200]&gt;</msg>
<status status="PASS" starttime="20230814 22:46:37.119" endtime="20230814 22:46:37.216"/>
</kw>
<kw name="Set Variable" library="BuiltIn">
<var>${actor_id_resp}</var>
<arg>${hasRelationship_resp.json()['actorId']}</arg>
<doc>Returns the given values which can then be assigned to a variables.</doc>
<msg timestamp="20230814 22:46:37.220" level="INFO">${actor_id_resp} = LDC1</msg>
<status status="PASS" starttime="20230814 22:46:37.217" endtime="20230814 22:46:37.221"/>
</kw>
<kw name="Set Variable" library="BuiltIn">
<var>${movie_id_resp}</var>
<arg>${hasRelationship_resp.json()['movieId']}</arg>
<doc>Returns the given values which can then be assigned to a variables.</doc>
<msg timestamp="20230814 22:46:37.226" level="INFO">${movie_id_resp} = TRVN1</msg>
<status status="PASS" starttime="20230814 22:46:37.222" endtime="20230814 22:46:37.226"/>
</kw>
<kw name="Set Variable" library="BuiltIn">
<var>${hasRelationship_bool}</var>
<arg>${hasRelationship_resp.json()['hasRelationship']}</arg>
<doc>Returns the given values which can then be assigned to a variables.</doc>
<msg timestamp="20230814 22:46:37.229" level="INFO">${hasRelationship_bool} = true</msg>
<status status="PASS" starttime="20230814 22:46:37.227" endtime="20230814 22:46:37.229"/>
</kw>
<kw name="Should Be Equal As Strings" library="BuiltIn">
<arg>${actor_id_resp}</arg>
<arg>LDC1</arg>
<doc>Fails if objects are unequal after converting them to strings.</doc>
<status status="PASS" starttime="20230814 22:46:37.230" endtime="20230814 22:46:37.231"/>
</kw>
<kw name="Should Be Equal As Strings" library="BuiltIn">
<arg>${movie_id_resp}</arg>
<arg>TRVN1</arg>
<doc>Fails if objects are unequal after converting them to strings.</doc>
<status status="PASS" starttime="20230814 22:46:37.233" endtime="20230814 22:46:37.236"/>
</kw>
<kw name="Should Be Equal As Strings" library="BuiltIn">
<arg>${hasRelationship_bool}</arg>
<arg>true</arg>
<doc>Fails if objects are unequal after converting them to strings.</doc>
<status status="PASS" starttime="20230814 22:46:37.238" endtime="20230814 22:46:37.241"/>
</kw>
<timeout value="30 seconds"/>
<status status="PASS" starttime="20230814 22:46:37.107" endtime="20230814 22:46:37.244"/>
</test>
<test id="s1-t12" name="hasRelationshipFail" line="191">
<kw name="Create Dictionary" library="BuiltIn">
<var>${headers}</var>
<arg>Content-Type=application/json</arg>
<doc>Creates and returns a dictionary based on the given ``items``.</doc>
<msg timestamp="20230814 22:46:37.253" level="INFO">${headers} = {'Content-Type': 'application/json'}</msg>
<status status="PASS" starttime="20230814 22:46:37.251" endtime="20230814 22:46:37.253"/>
</kw>
<kw name="Create Dictionary" library="BuiltIn">
<var>${actor_data}</var>
<arg>name=Leo DiCaprio</arg>
<arg>actorId=LDC1</arg>
<doc>Creates and returns a dictionary based on the given ``items``.</doc>
<msg timestamp="20230814 22:46:37.255" level="INFO">${actor_data} = {'name': 'Leo DiCaprio', 'actorId': 'LDC1'}</msg>
<status status="PASS" starttime="20230814 22:46:37.254" endtime="20230814 22:46:37.255"/>
</kw>
<kw name="Create Dictionary" library="BuiltIn">
<var>${movie_data}</var>
<arg>name=The Revenant</arg>
<arg>movieId=TRVN1</arg>
<doc>Creates and returns a dictionary based on the given ``items``.</doc>
<msg timestamp="20230814 22:46:37.257" level="INFO">${movie_data} = {'name': 'The Revenant', 'movieId': 'TRVN1'}</msg>
<status status="PASS" starttime="20230814 22:46:37.256" endtime="20230814 22:46:37.257"/>
</kw>
<kw name="Create Dictionary" library="BuiltIn">
<var>${relationship_data}</var>
<arg>actorId=LDC1</arg>
<arg>movieId=TRVN1</arg>
<doc>Creates and returns a dictionary based on the given ``items``.</doc>
<msg timestamp="20230814 22:46:37.260" level="INFO">${relationship_data} = {'actorId': 'LDC1', 'movieId': 'TRVN1'}</msg>
<status status="PASS" starttime="20230814 22:46:37.258" endtime="20230814 22:46:37.260"/>
</kw>
<kw name="Set Variable" library="BuiltIn">
<var>${actor_id}</var>
<arg>LDC1</arg>
<doc>Returns the given values which can then be assigned to a variables.</doc>
<msg timestamp="20230814 22:46:37.265" level="INFO">${actor_id} = LDC1</msg>
<status status="PASS" starttime="20230814 22:46:37.263" endtime="20230814 22:46:37.265"/>
</kw>
<kw name="Set Variable" library="BuiltIn">
<var>${movie_id}</var>
<arg>TRVN1</arg>
<doc>Returns the given values which can then be assigned to a variables.</doc>
<msg timestamp="20230814 22:46:37.267" level="INFO">${movie_id} = TRVN1</msg>
<status status="PASS" starttime="20230814 22:46:37.266" endtime="20230814 22:46:37.267"/>
</kw>
<kw name="GET On Session" library="RequestsLibrary">
<var>${hasRelationship_resp}</var>
<arg>localhost</arg>
<arg>url=/api/v1/hasRelationship?actorId=${movie_id}&amp;movieId=${actor_id}</arg>
<arg>headers=${headers}</arg>
<arg>expected_status=404</arg>
<doc>Sends a GET request on a previously created HTTP Session.</doc>
<msg timestamp="20230814 22:46:37.395" level="INFO">GET Request : url=http://localhost:8080/api/v1/hasRelationship?actorId=TRVN1&amp;movieId=LDC1 
 path_url=/api/v1/hasRelationship?actorId=TRVN1&amp;movieId=LDC1 
 headers={'User-Agent': 'python-requests/2.27.1', 'Accept-Encoding': 'gzip, deflate', 'Accept': '*/*', 'Connection': 'keep-alive', 'Content-Type': 'application/json'} 
 body=None 
 </msg>
<msg timestamp="20230814 22:46:37.396" level="INFO">GET Response : url=http://localhost:8080/api/v1/hasRelationship?actorId=TRVN1&amp;movieId=LDC1 
 status=404, reason=Not Found 
 headers={'Date': 'Tue, 15 Aug 2023 05:46:37 GMT', 'Content-length': '25'} 
 body=Not found what u look for 
 </msg>
<msg timestamp="20230814 22:46:37.397" level="INFO">${hasRelationship_resp} = &lt;Response [404]&gt;</msg>
<status status="PASS" starttime="20230814 22:46:37.269" endtime="20230814 22:46:37.397"/>
</kw>
<timeout value="30 seconds"/>
<status status="PASS" starttime="20230814 22:46:37.249" endtime="20230814 22:46:37.398"/>
</test>
<test id="s1-t13" name="computeBaconNumberPass" line="210">
<kw name="Create Dictionary" library="BuiltIn">
<var>${headers}</var>
<arg>Content-Type=application/json</arg>
<doc>Creates and returns a dictionary based on the given ``items``.</doc>
<msg timestamp="20230814 22:46:37.408" level="INFO">${headers} = {'Content-Type': 'application/json'}</msg>
<status status="PASS" starttime="20230814 22:46:37.407" endtime="20230814 22:46:37.408"/>
</kw>
<kw name="Create Dictionary" library="BuiltIn">
<var>${actor_kevin_bacon}</var>
<arg>name=Kevin Bacon</arg>
<arg>actorId=nm0000102</arg>
<doc>Creates and returns a dictionary based on the given ``items``.</doc>
<msg timestamp="20230814 22:46:37.409" level="INFO">${actor_kevin_bacon} = {'name': 'Kevin Bacon', 'actorId': 'nm0000102'}</msg>
<status status="PASS" starttime="20230814 22:46:37.408" endtime="20230814 22:46:37.409"/>
</kw>
<kw name="Create Dictionary" library="BuiltIn">
<var>${actor_keanu_reeves}</var>
<arg>name=Keanu Reeves</arg>
<arg>actorId=KR1</arg>
<doc>Creates and returns a dictionary based on the given ``items``.</doc>
<msg timestamp="20230814 22:46:37.411" level="INFO">${actor_keanu_reeves} = {'name': 'Keanu Reeves', 'actorId': 'KR1'}</msg>
<status status="PASS" starttime="20230814 22:46:37.410" endtime="20230814 22:46:37.412"/>
</kw>
<kw name="Create Dictionary" library="BuiltIn">
<var>${actor_al_pacino}</var>
<arg>name=Al Pacino</arg>
<arg>actorId=AP1</arg>
<doc>Creates and returns a dictionary based on the given ``items``.</doc>
<msg timestamp="20230814 22:46:37.415" level="INFO">${actor_al_pacino} = {'name': 'Al Pacino', 'actorId': 'AP1'}</msg>
<status status="PASS" starttime="20230814 22:46:37.413" endtime="20230814 22:46:37.415"/>
</kw>
<kw name="Create Dictionary" library="BuiltIn">
<var>${actor_hugo_weaving}</var>
<arg>name=Hugo Weaving</arg>
<arg>actorId=HW1</arg>
<doc>Creates and returns a dictionary based on the given ``items``.</doc>
<msg timestamp="20230814 22:46:37.419" level="INFO">${actor_hugo_weaving} = {'name': 'Hugo Weaving', 'actorId': 'HW1'}</msg>
<status status="PASS" starttime="20230814 22:46:37.417" endtime="20230814 22:46:37.419"/>
</kw>
<kw name="PUT On Session" library="RequestsLibrary">
<var>${actor_kevin_bacon_resp}</var>
<arg>localhost</arg>
<arg>/api/v1/addActor</arg>
<arg>json=${actor_kevin_bacon}</arg>
<arg>headers=${headers}</arg>
<arg>expected_status=200</arg>
<doc>Sends a PUT request on a previously created HTTP Session.</doc>
<msg timestamp="20230814 22:46:37.532" level="INFO">PUT Request : url=http://localhost:8080/api/v1/addActor 
 path_url=/api/v1/addActor 
 headers={'User-Agent': 'python-requests/2.27.1', 'Accept-Encoding': 'gzip, deflate', 'Accept': '*/*', 'Connection': 'keep-alive', 'Content-Type': 'application/json', 'Content-Length': '47'} 
 body=b'{"name": "Kevin Bacon", "actorId": "nm0000102"}' 
 </msg>
<msg timestamp="20230814 22:46:37.533" level="INFO">PUT Response : url=http://localhost:8080/api/v1/addActor 
 status=200, reason=OK 
 headers={'Date': 'Tue, 15 Aug 2023 05:46:37 GMT', 'Content-length': '11'} 
 body=Actor added 
 </msg>
<msg timestamp="20230814 22:46:37.534" level="INFO">${actor_kevin_bacon_resp} = &lt;Response [200]&gt;</msg>
<status status="PASS" starttime="20230814 22:46:37.420" endtime="20230814 22:46:37.534"/>
</kw>
<kw name="PUT On Session" library="RequestsLibrary">
<var>${actor_keanu_reeves_resp}</var>
<arg>localhost</arg>
<arg>/api/v1/addActor</arg>
<arg>json=${actor_keanu_reeves}</arg>
<arg>headers=${headers}</arg>
<arg>expected_status=200</arg>
<doc>Sends a PUT request on a previously created HTTP Session.</doc>
<msg timestamp="20230814 22:46:37.634" level="INFO">PUT Request : url=http://localhost:8080/api/v1/addActor 
 path_url=/api/v1/addActor 
 headers={'User-Agent': 'python-requests/2.27.1', 'Accept-Encoding': 'gzip, deflate', 'Accept': '*/*', 'Connection': 'keep-alive', 'Content-Type': 'application/json', 'Content-Length': '42'} 
 body=b'{"name": "Keanu Reeves", "actorId": "KR1"}' 
 </msg>
<msg timestamp="20230814 22:46:37.635" level="INFO">PUT Response : url=http://localhost:8080/api/v1/addActor 
 status=200, reason=OK 
 headers={'Date': 'Tue, 15 Aug 2023 05:46:37 GMT', 'Content-length': '11'} 
 body=Actor added 
 </msg>
<msg timestamp="20230814 22:46:37.635" level="INFO">${actor_keanu_reeves_resp} = &lt;Response [200]&gt;</msg>
<status status="PASS" starttime="20230814 22:46:37.536" endtime="20230814 22:46:37.636"/>
</kw>
<kw name="PUT On Session" library="RequestsLibrary">
<var>${actor_al_pacino_resp}</var>
<arg>localhost</arg>
<arg>/api/v1/addActor</arg>
<arg>json=${actor_al_pacino}</arg>
<arg>headers=${headers}</arg>
<arg>expected_status=200</arg>
<doc>Sends a PUT request on a previously created HTTP Session.</doc>
<msg timestamp="20230814 22:46:37.748" level="INFO">PUT Request : url=http://localhost:8080/api/v1/addActor 
 path_url=/api/v1/addActor 
 headers={'User-Agent': 'python-requests/2.27.1', 'Accept-Encoding': 'gzip, deflate', 'Accept': '*/*', 'Connection': 'keep-alive', 'Content-Type': 'application/json', 'Content-Length': '39'} 
 body=b'{"name": "Al Pacino", "actorId": "AP1"}' 
 </msg>
<msg timestamp="20230814 22:46:37.749" level="INFO">PUT Response : url=http://localhost:8080/api/v1/addActor 
 status=200, reason=OK 
 headers={'Date': 'Tue, 15 Aug 2023 05:46:37 GMT', 'Content-length': '11'} 
 body=Actor added 
 </msg>
<msg timestamp="20230814 22:46:37.749" level="INFO">${actor_al_pacino_resp} = &lt;Response [200]&gt;</msg>
<status status="PASS" starttime="20230814 22:46:37.636" endtime="20230814 22:46:37.749"/>
</kw>
<kw name="PUT On Session" library="RequestsLibrary">
<var>${actor_hugo_weaving_resp}</var>
<arg>localhost</arg>
<arg>/api/v1/addActor</arg>
<arg>json=${actor_hugo_weaving}</arg>
<arg>headers=${headers}</arg>
<arg>expected_status=200</arg>
<doc>Sends a PUT request on a previously created HTTP Session.</doc>
<msg timestamp="20230814 22:46:37.860" level="INFO">PUT Request : url=http://localhost:8080/api/v1/addActor 
 path_url=/api/v1/addActor 
 headers={'User-Agent': 'python-requests/2.27.1', 'Accept-Encoding': 'gzip, deflate', 'Accept': '*/*', 'Connection': 'keep-alive', 'Content-Type': 'application/json', 'Content-Length': '42'} 
 body=b'{"name": "Hugo Weaving", "actorId": "HW1"}' 
 </msg>
<msg timestamp="20230814 22:46:37.861" level="INFO">PUT Response : url=http://localhost:8080/api/v1/addActor 
 status=200, reason=OK 
 headers={'Date': 'Tue, 15 Aug 2023 05:46:37 GMT', 'Content-length': '11'} 
 body=Actor added 
 </msg>
<msg timestamp="20230814 22:46:37.862" level="INFO">${actor_hugo_weaving_resp} = &lt;Response [200]&gt;</msg>
<status status="PASS" starttime="20230814 22:46:37.753" endtime="20230814 22:46:37.862"/>
</kw>
<kw name="Create Dictionary" library="BuiltIn">
<var>${movie_few_good_men}</var>
<arg>name=A Few Good Men</arg>
<arg>movieId=TFGB1</arg>
<doc>Creates and returns a dictionary based on the given ``items``.</doc>
<msg timestamp="20230814 22:46:37.866" level="INFO">${movie_few_good_men} = {'name': 'A Few Good Men', 'movieId': 'TFGB1'}</msg>
<status status="PASS" starttime="20230814 22:46:37.865" endtime="20230814 22:46:37.866"/>
</kw>
<kw name="Create Dictionary" library="BuiltIn">
<var>${movie_the_devils_advocate}</var>
<arg>name=The Devil's Advocate</arg>
<arg>movieId=TDAT1</arg>
<doc>Creates and returns a dictionary based on the given ``items``.</doc>
<msg timestamp="20230814 22:46:37.868" level="INFO">${movie_the_devils_advocate} = {'name': "The Devil's Advocate", 'movieId': 'TDAT1'}</msg>
<status status="PASS" starttime="20230814 22:46:37.867" endtime="20230814 22:46:37.868"/>
</kw>
<kw name="Create Dictionary" library="BuiltIn">
<var>${movie_the_matrix}</var>
<arg>name=The Matrix</arg>
<arg>movieId=MTRX1</arg>
<doc>Creates and returns a dictionary based on the given ``items``.</doc>
<msg timestamp="20230814 22:46:37.871" level="INFO">${movie_the_matrix} = {'name': 'The Matrix', 'movieId': 'MTRX1'}</msg>
<status status="PASS" starttime="20230814 22:46:37.869" endtime="20230814 22:46:37.871"/>
</kw>
<kw name="PUT On Session" library="RequestsLibrary">
<var>${movie_few_good_men_resp}</var>
<arg>localhost</arg>
<arg>/api/v1/addMovie</arg>
<arg>json=${movie_few_good_men}</arg>
<arg>headers=${headers}</arg>
<arg>expected_status=200</arg>
<doc>Sends a PUT request on a previously created HTTP Session.</doc>
<msg timestamp="20230814 22:46:37.975" level="INFO">PUT Request : url=http://localhost:8080/api/v1/addMovie 
 path_url=/api/v1/addMovie 
 headers={'User-Agent': 'python-requests/2.27.1', 'Accept-Encoding': 'gzip, deflate', 'Accept': '*/*', 'Connection': 'keep-alive', 'Content-Type': 'application/json', 'Content-Length': '46'} 
 body=b'{"name": "A Few Good Men", "movieId": "TFGB1"}' 
 </msg>
<msg timestamp="20230814 22:46:37.975" level="INFO">PUT Response : url=http://localhost:8080/api/v1/addMovie 
 status=200, reason=OK 
 headers={'Date': 'Tue, 15 Aug 2023 05:46:37 GMT', 'Content-length': '12'} 
 body=Movies added 
 </msg>
<msg timestamp="20230814 22:46:37.976" level="INFO">${movie_few_good_men_resp} = &lt;Response [200]&gt;</msg>
<status status="PASS" starttime="20230814 22:46:37.872" endtime="20230814 22:46:37.977"/>
</kw>
<kw name="PUT On Session" library="RequestsLibrary">
<var>${movie_the_devils_advocate_resp}</var>
<arg>localhost</arg>
<arg>/api/v1/addMovie</arg>
<arg>json=${movie_the_devils_advocate}</arg>
<arg>headers=${headers}</arg>
<arg>expected_status=200</arg>
<doc>Sends a PUT request on a previously created HTTP Session.</doc>
<msg timestamp="20230814 22:46:38.073" level="INFO">PUT Request : url=http://localhost:8080/api/v1/addMovie 
 path_url=/api/v1/addMovie 
 headers={'User-Agent': 'python-requests/2.27.1', 'Accept-Encoding': 'gzip, deflate', 'Accept': '*/*', 'Connection': 'keep-alive', 'Content-Type': 'application/json', 'Content-Length': '52'} 
 body=b'{"name": "The Devil\'s Advocate", "movieId": "TDAT1"}' 
 </msg>
<msg timestamp="20230814 22:46:38.074" level="INFO">PUT Response : url=http://localhost:8080/api/v1/addMovie 
 status=200, reason=OK 
 headers={'Date': 'Tue, 15 Aug 2023 05:46:38 GMT', 'Content-length': '12'} 
 body=Movies added 
 </msg>
<msg timestamp="20230814 22:46:38.075" level="INFO">${movie_the_devils_advocate_resp} = &lt;Response [200]&gt;</msg>
<status status="PASS" starttime="20230814 22:46:37.980" endtime="20230814 22:46:38.075"/>
</kw>
<kw name="PUT On Session" library="RequestsLibrary">
<var>${movie_the_matrix_resp}</var>
<arg>localhost</arg>
<arg>/api/v1/addMovie</arg>
<arg>json=${movie_the_matrix}</arg>
<arg>headers=${headers}</arg>
<arg>expected_status=200</arg>
<doc>Sends a PUT request on a previously created HTTP Session.</doc>
<msg timestamp="20230814 22:46:38.178" level="INFO">PUT Request : url=http://localhost:8080/api/v1/addMovie 
 path_url=/api/v1/addMovie 
 headers={'User-Agent': 'python-requests/2.27.1', 'Accept-Encoding': 'gzip, deflate', 'Accept': '*/*', 'Connection': 'keep-alive', 'Content-Type': 'application/json', 'Content-Length': '42'} 
 body=b'{"name": "The Matrix", "movieId": "MTRX1"}' 
 </msg>
<msg timestamp="20230814 22:46:38.178" level="INFO">PUT Response : url=http://localhost:8080/api/v1/addMovie 
 status=200, reason=OK 
 headers={'Date': 'Tue, 15 Aug 2023 05:46:38 GMT', 'Content-length': '12'} 
 body=Movies added 
 </msg>
<msg timestamp="20230814 22:46:38.179" level="INFO">${movie_the_matrix_resp} = &lt;Response [200]&gt;</msg>
<status status="PASS" starttime="20230814 22:46:38.077" endtime="20230814 22:46:38.179"/>
</kw>
<kw name="Create Dictionary" library="BuiltIn">
<var>${kevin_bacon_few_good_men_relationship_data}</var>
<arg>actorId=nm0000102</arg>
<arg>movieId=TFGB1</arg>
<doc>Creates and returns a dictionary based on the given ``items``.</doc>
<msg timestamp="20230814 22:46:38.208" level="INFO">${kevin_bacon_few_good_men_relationship_data} = {'actorId': 'nm0000102', 'movieId': 'TFGB1'}</msg>
<status status="PASS" starttime="20230814 22:46:38.207" endtime="20230814 22:46:38.208"/>
</kw>
<kw name="Create Dictionary" library="BuiltIn">
<var>${al_pacino_few_good_men_relationship_data}</var>
<arg>actorId=AP1</arg>
<arg>movieId=TFGB1</arg>
<doc>Creates and returns a dictionary based on the given ``items``.</doc>
<msg timestamp="20230814 22:46:38.229" level="INFO">${al_pacino_few_good_men_relationship_data} = {'actorId': 'AP1', 'movieId': 'TFGB1'}</msg>
<status status="PASS" starttime="20230814 22:46:38.228" endtime="20230814 22:46:38.229"/>
</kw>
<kw name="Create Dictionary" library="BuiltIn">
<var>${al_pacino_the_devils_advocate_relationship_data}</var>
<arg>actorId=AP1</arg>
<arg>movieId=TDAT1</arg>
<doc>Creates and returns a dictionary based on the given ``items``.</doc>
<msg timestamp="20230814 22:46:38.320" level="INFO">${al_pacino_the_devils_advocate_relationship_data} = {'actorId': 'AP1', 'movieId': 'TDAT1'}</msg>
<status status="PASS" starttime="20230814 22:46:38.319" endtime="20230814 22:46:38.320"/>
</kw>
<kw name="Create Dictionary" library="BuiltIn">
<var>${keanu_reeves_the_devils_advocate_relationship_data}</var>
<arg>actorId=KR1</arg>
<arg>movieId=TDAT1</arg>
<doc>Creates and returns a dictionary based on the given ``items``.</doc>
<msg timestamp="20230814 22:46:38.415" level="INFO">${keanu_reeves_the_devils_advocate_relationship_data} = {'actorId': 'KR1', 'movieId': 'TDAT1'}</msg>
<status status="PASS" starttime="20230814 22:46:38.399" endtime="20230814 22:46:38.415"/>
</kw>
<kw name="Create Dictionary" library="BuiltIn">
<var>${keanu_reeves_the_matrix_relationship_data}</var>
<arg>actorId=KR1</arg>
<arg>movieId=MTRX1</arg>
<doc>Creates and returns a dictionary based on the given ``items``.</doc>
<msg timestamp="20230814 22:46:38.423" level="INFO">${keanu_reeves_the_matrix_relationship_data} = {'actorId': 'KR1', 'movieId': 'MTRX1'}</msg>
<status status="PASS" starttime="20230814 22:46:38.420" endtime="20230814 22:46:38.424"/>
</kw>
<kw name="Create Dictionary" library="BuiltIn">
<var>${hugo_weaving_the_matrix_relationship_data}</var>
<arg>actorId=HW1</arg>
<arg>movieId=MTRX1</arg>
<doc>Creates and returns a dictionary based on the given ``items``.</doc>
<msg timestamp="20230814 22:46:38.446" level="INFO">${hugo_weaving_the_matrix_relationship_data} = {'actorId': 'HW1', 'movieId': 'MTRX1'}</msg>
<status status="PASS" starttime="20230814 22:46:38.444" endtime="20230814 22:46:38.446"/>
</kw>
<kw name="PUT On Session" library="RequestsLibrary">
<var>${kevin_bacon_few_good_men_relationship_resp}</var>
<arg>localhost</arg>
<arg>/api/v1/addRelationship</arg>
<arg>json=${kevin_bacon_few_good_men_relationship_data}</arg>
<arg>headers=${headers}</arg>
<arg>expected_status=200</arg>
<doc>Sends a PUT request on a previously created HTTP Session.</doc>
<msg timestamp="20230814 22:46:38.604" level="INFO">PUT Request : url=http://localhost:8080/api/v1/addRelationship 
 path_url=/api/v1/addRelationship 
 headers={'User-Agent': 'python-requests/2.27.1', 'Accept-Encoding': 'gzip, deflate', 'Accept': '*/*', 'Connection': 'keep-alive', 'Content-Type': 'application/json', 'Content-Length': '44'} 
 body=b'{"actorId": "nm0000102", "movieId": "TFGB1"}' 
 </msg>
<msg timestamp="20230814 22:46:38.605" level="INFO">PUT Response : url=http://localhost:8080/api/v1/addRelationship 
 status=200, reason=OK 
 headers={'Date': 'Tue, 15 Aug 2023 05:46:38 GMT', 'Content-length': '18'} 
 body=relationship added 
 </msg>
<msg timestamp="20230814 22:46:38.606" level="INFO">${kevin_bacon_few_good_men_relationship_resp} = &lt;Response [200]&gt;</msg>
<status status="PASS" starttime="20230814 22:46:38.447" endtime="20230814 22:46:38.606"/>
</kw>
<kw name="PUT On Session" library="RequestsLibrary">
<var>${al_pacino_few_good_men_relationship_resp}</var>
<arg>localhost</arg>
<arg>/api/v1/addRelationship</arg>
<arg>json=${al_pacino_few_good_men_relationship_data}</arg>
<arg>headers=${headers}</arg>
<arg>expected_status=200</arg>
<doc>Sends a PUT request on a previously created HTTP Session.</doc>
<msg timestamp="20230814 22:46:38.773" level="INFO">PUT Request : url=http://localhost:8080/api/v1/addRelationship 
 path_url=/api/v1/addRelationship 
 headers={'User-Agent': 'python-requests/2.27.1', 'Accept-Encoding': 'gzip, deflate', 'Accept': '*/*', 'Connection': 'keep-alive', 'Content-Type': 'application/json', 'Content-Length': '38'} 
 body=b'{"actorId": "AP1", "movieId": "TFGB1"}' 
 </msg>
<msg timestamp="20230814 22:46:38.773" level="INFO">PUT Response : url=http://localhost:8080/api/v1/addRelationship 
 status=200, reason=OK 
 headers={'Date': 'Tue, 15 Aug 2023 05:46:38 GMT', 'Content-length': '18'} 
 body=relationship added 
 </msg>
<msg timestamp="20230814 22:46:38.774" level="INFO">${al_pacino_few_good_men_relationship_resp} = &lt;Response [200]&gt;</msg>
<status status="PASS" starttime="20230814 22:46:38.626" endtime="20230814 22:46:38.774"/>
</kw>
<kw name="PUT On Session" library="RequestsLibrary">
<var>${al_pacino_the_devils_advocate_relationship_resp}</var>
<arg>localhost</arg>
<arg>/api/v1/addRelationship</arg>
<arg>json=${al_pacino_the_devils_advocate_relationship_data}</arg>
<arg>headers=${headers}</arg>
<arg>expected_status=200</arg>
<doc>Sends a PUT request on a previously created HTTP Session.</doc>
<msg timestamp="20230814 22:46:38.956" level="INFO">PUT Request : url=http://localhost:8080/api/v1/addRelationship 
 path_url=/api/v1/addRelationship 
 headers={'User-Agent': 'python-requests/2.27.1', 'Accept-Encoding': 'gzip, deflate', 'Accept': '*/*', 'Connection': 'keep-alive', 'Content-Type': 'application/json', 'Content-Length': '38'} 
 body=b'{"actorId": "AP1", "movieId": "TDAT1"}' 
 </msg>
<msg timestamp="20230814 22:46:38.956" level="INFO">PUT Response : url=http://localhost:8080/api/v1/addRelationship 
 status=200, reason=OK 
 headers={'Date': 'Tue, 15 Aug 2023 05:46:38 GMT', 'Content-length': '18'} 
 body=relationship added 
 </msg>
<msg timestamp="20230814 22:46:38.957" level="INFO">${al_pacino_the_devils_advocate_relationship_resp} = &lt;Response [200]&gt;</msg>
<status status="PASS" starttime="20230814 22:46:38.784" endtime="20230814 22:46:38.957"/>
</kw>
<kw name="PUT On Session" library="RequestsLibrary">
<var>${keanu_reeves_the_devils_advocate_relationship_resp}</var>
<arg>localhost</arg>
<arg>/api/v1/addRelationship</arg>
<arg>json=${keanu_reeves_the_devils_advocate_relationship_data}</arg>
<arg>headers=${headers}</arg>
<arg>expected_status=200</arg>
<doc>Sends a PUT request on a previously created HTTP Session.</doc>
<msg timestamp="20230814 22:46:39.105" level="INFO">PUT Request : url=http://localhost:8080/api/v1/addRelationship 
 path_url=/api/v1/addRelationship 
 headers={'User-Agent': 'python-requests/2.27.1', 'Accept-Encoding': 'gzip, deflate', 'Accept': '*/*', 'Connection': 'keep-alive', 'Content-Type': 'application/json', 'Content-Length': '38'} 
 body=b'{"actorId": "KR1", "movieId": "TDAT1"}' 
 </msg>
<msg timestamp="20230814 22:46:39.105" level="INFO">PUT Response : url=http://localhost:8080/api/v1/addRelationship 
 status=200, reason=OK 
 headers={'Date': 'Tue, 15 Aug 2023 05:46:39 GMT', 'Content-length': '18'} 
 body=relationship added 
 </msg>
<msg timestamp="20230814 22:46:39.106" level="INFO">${keanu_reeves_the_devils_advocate_relationship_resp} = &lt;Response [200]&gt;</msg>
<status status="PASS" starttime="20230814 22:46:38.959" endtime="20230814 22:46:39.106"/>
</kw>
<kw name="PUT On Session" library="RequestsLibrary">
<var>${keanu_reeves_the_matrix_relationship_resp}</var>
<arg>localhost</arg>
<arg>/api/v1/addRelationship</arg>
<arg>json=${keanu_reeves_the_matrix_relationship_data}</arg>
<arg>headers=${headers}</arg>
<arg>expected_status=200</arg>
<doc>Sends a PUT request on a previously created HTTP Session.</doc>
<msg timestamp="20230814 22:46:39.229" level="INFO">PUT Request : url=http://localhost:8080/api/v1/addRelationship 
 path_url=/api/v1/addRelationship 
 headers={'User-Agent': 'python-requests/2.27.1', 'Accept-Encoding': 'gzip, deflate', 'Accept': '*/*', 'Connection': 'keep-alive', 'Content-Type': 'application/json', 'Content-Length': '38'} 
 body=b'{"actorId": "KR1", "movieId": "MTRX1"}' 
 </msg>
<msg timestamp="20230814 22:46:39.229" level="INFO">PUT Response : url=http://localhost:8080/api/v1/addRelationship 
 status=200, reason=OK 
 headers={'Date': 'Tue, 15 Aug 2023 05:46:39 GMT', 'Content-length': '18'} 
 body=relationship added 
 </msg>
<msg timestamp="20230814 22:46:39.230" level="INFO">${keanu_reeves_the_matrix_relationship_resp} = &lt;Response [200]&gt;</msg>
<status status="PASS" starttime="20230814 22:46:39.108" endtime="20230814 22:46:39.230"/>
</kw>
<kw name="PUT On Session" library="RequestsLibrary">
<var>${hugo_weaving_the_matrix_relationship_resp}</var>
<arg>localhost</arg>
<arg>/api/v1/addRelationship</arg>
<arg>json=${hugo_weaving_the_matrix_relationship_data}</arg>
<arg>headers=${headers}</arg>
<arg>expected_status=200</arg>
<doc>Sends a PUT request on a previously created HTTP Session.</doc>
<msg timestamp="20230814 22:46:39.329" level="INFO">PUT Request : url=http://localhost:8080/api/v1/addRelationship 
 path_url=/api/v1/addRelationship 
 headers={'User-Agent': 'python-requests/2.27.1', 'Accept-Encoding': 'gzip, deflate', 'Accept': '*/*', 'Connection': 'keep-alive', 'Content-Type': 'application/json', 'Content-Length': '38'} 
 body=b'{"actorId": "HW1", "movieId": "MTRX1"}' 
 </msg>
<msg timestamp="20230814 22:46:39.329" level="INFO">PUT Response : url=http://localhost:8080/api/v1/addRelationship 
 status=200, reason=OK 
 headers={'Date': 'Tue, 15 Aug 2023 05:46:39 GMT', 'Content-length': '18'} 
 body=relationship added 
 </msg>
<msg timestamp="20230814 22:46:39.329" level="INFO">${hugo_weaving_the_matrix_relationship_resp} = &lt;Response [200]&gt;</msg>
<status status="PASS" starttime="20230814 22:46:39.231" endtime="20230814 22:46:39.330"/>
</kw>
<kw name="Set Variable" library="BuiltIn">
<var>${hugo_weaving_actor_id}</var>
<arg>HW1</arg>
<doc>Returns the given values which can then be assigned to a variables.</doc>
<msg timestamp="20230814 22:46:39.332" level="INFO">${hugo_weaving_actor_id} = HW1</msg>
<status status="PASS" starttime="20230814 22:46:39.331" endtime="20230814 22:46:39.332"/>
</kw>
<kw name="GET On Session" library="RequestsLibrary">
<var>${compute_bacon_number_resp}</var>
<arg>localhost</arg>
<arg>url=/api/v1/computeBaconNumber?actorId=${hugo_weaving_actor_id}</arg>
<arg>headers=${headers}</arg>
<arg>expected_status=200</arg>
<doc>Sends a GET request on a previously created HTTP Session.</doc>
<msg timestamp="20230814 22:46:39.497" level="INFO">GET Request : url=http://localhost:8080/api/v1/computeBaconNumber?actorId=HW1 
 path_url=/api/v1/computeBaconNumber?actorId=HW1 
 headers={'User-Agent': 'python-requests/2.27.1', 'Accept-Encoding': 'gzip, deflate', 'Accept': '*/*', 'Connection': 'keep-alive', 'Content-Type': 'application/json'} 
 body=None 
 </msg>
<msg timestamp="20230814 22:46:39.498" level="INFO">GET Response : url=http://localhost:8080/api/v1/computeBaconNumber?actorId=HW1 
 status=200, reason=OK 
 headers={'Date': 'Tue, 15 Aug 2023 05:46:39 GMT', 'Content-length': '17'} 
 body={"baconNumber":3} 
 </msg>
<msg timestamp="20230814 22:46:39.498" level="INFO">${compute_bacon_number_resp} = &lt;Response [200]&gt;</msg>
<status status="PASS" starttime="20230814 22:46:39.333" endtime="20230814 22:46:39.499"/>
</kw>
<kw name="Set Variable" library="BuiltIn">
<var>${bacon_number}</var>
<arg>${compute_bacon_number_resp.json()['baconNumber']}</arg>
<doc>Returns the given values which can then be assigned to a variables.</doc>
<msg timestamp="20230814 22:46:39.505" level="INFO">${bacon_number} = 3</msg>
<status status="PASS" starttime="20230814 22:46:39.500" endtime="20230814 22:46:39.505"/>
</kw>
<kw name="Should Be Equal As Integers" library="BuiltIn">
<arg>${bacon_number}</arg>
<arg>3</arg>
<doc>Fails if objects are unequal after converting them to integers.</doc>
<msg timestamp="20230814 22:46:39.513" level="INFO">Argument types are:
&lt;class 'int'&gt;
&lt;class 'str'&gt;</msg>
<status status="PASS" starttime="20230814 22:46:39.508" endtime="20230814 22:46:39.513"/>
</kw>
<timeout value="30 seconds"/>
<status status="PASS" starttime="20230814 22:46:37.405" endtime="20230814 22:46:39.514"/>
</test>
<test id="s1-t14" name="computeBaconNumberFail" line="260">
<kw name="Create Dictionary" library="BuiltIn">
<var>${headers}</var>
<arg>Content-Type=application/json</arg>
<doc>Creates and returns a dictionary based on the given ``items``.</doc>
<msg timestamp="20230814 22:46:39.522" level="INFO">${headers} = {'Content-Type': 'application/json'}</msg>
<status status="PASS" starttime="20230814 22:46:39.521" endtime="20230814 22:46:39.522"/>
</kw>
<kw name="Create Dictionary" library="BuiltIn">
<var>${actor_kevin_bacon}</var>
<arg>name=Kevin Bacon</arg>
<arg>actorId=nm0000102</arg>
<doc>Creates and returns a dictionary based on the given ``items``.</doc>
<msg timestamp="20230814 22:46:39.524" level="INFO">${actor_kevin_bacon} = {'name': 'Kevin Bacon', 'actorId': 'nm0000102'}</msg>
<status status="PASS" starttime="20230814 22:46:39.523" endtime="20230814 22:46:39.525"/>
</kw>
<kw name="Create Dictionary" library="BuiltIn">
<var>${actor_keanu_reeves}</var>
<arg>name=Keanu Reeves</arg>
<arg>actorId=KR1</arg>
<doc>Creates and returns a dictionary based on the given ``items``.</doc>
<msg timestamp="20230814 22:46:39.527" level="INFO">${actor_keanu_reeves} = {'name': 'Keanu Reeves', 'actorId': 'KR1'}</msg>
<status status="PASS" starttime="20230814 22:46:39.526" endtime="20230814 22:46:39.527"/>
</kw>
<kw name="Create Dictionary" library="BuiltIn">
<var>${actor_al_pacino}</var>
<arg>name=Al Pacino</arg>
<arg>actorId=AP1</arg>
<doc>Creates and returns a dictionary based on the given ``items``.</doc>
<msg timestamp="20230814 22:46:39.530" level="INFO">${actor_al_pacino} = {'name': 'Al Pacino', 'actorId': 'AP1'}</msg>
<status status="PASS" starttime="20230814 22:46:39.528" endtime="20230814 22:46:39.530"/>
</kw>
<kw name="Create Dictionary" library="BuiltIn">
<var>${actor_hugo_weaving}</var>
<arg>name=Hugo Weaving</arg>
<arg>actorId=HW1</arg>
<doc>Creates and returns a dictionary based on the given ``items``.</doc>
<msg timestamp="20230814 22:46:39.532" level="INFO">${actor_hugo_weaving} = {'name': 'Hugo Weaving', 'actorId': 'HW1'}</msg>
<status status="PASS" starttime="20230814 22:46:39.531" endtime="20230814 22:46:39.532"/>
</kw>
<kw name="Create Dictionary" library="BuiltIn">
<var>${movie_few_good_men}</var>
<arg>name=A Few Good Men</arg>
<arg>movieId=TFGB1</arg>
<doc>Creates and returns a dictionary based on the given ``items``.</doc>
<msg timestamp="20230814 22:46:39.535" level="INFO">${movie_few_good_men} = {'name': 'A Few Good Men', 'movieId': 'TFGB1'}</msg>
<status status="PASS" starttime="20230814 22:46:39.533" endtime="20230814 22:46:39.535"/>
</kw>
<kw name="Create Dictionary" library="BuiltIn">
<var>${movie_the_devils_advocate}</var>
<arg>name=The Devil's Advocate</arg>
<arg>movieId=TDAT1</arg>
<doc>Creates and returns a dictionary based on the given ``items``.</doc>
<msg timestamp="20230814 22:46:39.537" level="INFO">${movie_the_devils_advocate} = {'name': "The Devil's Advocate", 'movieId': 'TDAT1'}</msg>
<status status="PASS" starttime="20230814 22:46:39.536" endtime="20230814 22:46:39.537"/>
</kw>
<kw name="Create Dictionary" library="BuiltIn">
<var>${movie_the_matrix}</var>
<arg>name=The Matrix</arg>
<arg>movieId=MTRX1</arg>
<doc>Creates and returns a dictionary based on the given ``items``.</doc>
<msg timestamp="20230814 22:46:39.539" level="INFO">${movie_the_matrix} = {'name': 'The Matrix', 'movieId': 'MTRX1'}</msg>
[...]
 body=b'{"name": "Cars", "movieId": "CRS1"}' 
 </msg>
<msg timestamp="20230814 22:46:40.145" level="INFO">PUT Response : url=http://localhost:8080/api/v1/addMovie 
 status=200, reason=OK 
 headers={'Date': 'Tue, 15 Aug 2023 05:46:40 GMT', 'Content-length': '12'} 
 body=Movies added 
 </msg>
<msg timestamp="20230814 22:46:40.145" level="INFO">${movie_resp} = &lt;Response [200]&gt;</msg>
<status status="PASS" starttime="20230814 22:46:40.066" endtime="20230814 22:46:40.145"/>
</kw>
<kw name="Create Dictionary" library="BuiltIn">
<var>${rating}</var>
<arg>rating=4</arg>
<arg>movieId=CRS1</arg>
<doc>Creates and returns a dictionary based on the given ``items``.</doc>
<msg timestamp="20230814 22:46:40.147" level="INFO">${rating} = {'rating': '4', 'movieId': 'CRS1'}</msg>
<status status="PASS" starttime="20230814 22:46:40.146" endtime="20230814 22:46:40.147"/>
</kw>
<kw name="PUT On Session" library="RequestsLibrary">
<var>${rating_resp}</var>
<arg>localhost</arg>
<arg>/api/v1/setRating</arg>
<arg>json=${rating}</arg>
<arg>headers=${headers}</arg>
<arg>expected_status=200</arg>
<doc>Sends a PUT request on a previously created HTTP Session.</doc>
<msg timestamp="20230814 22:46:40.220" level="INFO">PUT Request : url=http://localhost:8080/api/v1/setRating 
 path_url=/api/v1/setRating 
 headers={'User-Agent': 'python-requests/2.27.1', 'Accept-Encoding': 'gzip, deflate', 'Accept': '*/*', 'Connection': 'keep-alive', 'Content-Type': 'application/json', 'Content-Length': '34'} 
 body=b'{"rating": "4", "movieId": "CRS1"}' 
 </msg>
<msg timestamp="20230814 22:46:40.221" level="INFO">PUT Response : url=http://localhost:8080/api/v1/setRating 
 status=200, reason=OK 
 headers={'Date': 'Tue, 15 Aug 2023 05:46:40 GMT', 'Content-length': '12'} 
 body=rating added 
 </msg>
<msg timestamp="20230814 22:46:40.221" level="INFO">${rating_resp} = &lt;Response [200]&gt;</msg>
<status status="PASS" starttime="20230814 22:46:40.147" endtime="20230814 22:46:40.221"/>
</kw>
<timeout value="30 seconds"/>
<status status="PASS" starttime="20230814 22:46:40.062" endtime="20230814 22:46:40.222"/>
</test>
<test id="s1-t18" name="setRatingFail" line="375">
<kw name="Create Dictionary" library="BuiltIn">
<var>${headers}</var>
<arg>Content-Type=application/json</arg>
<doc>Creates and returns a dictionary based on the given ``items``.</doc>
<msg timestamp="20230814 22:46:40.227" level="INFO">${headers} = {'Content-Type': 'application/json'}</msg>
<status status="PASS" starttime="20230814 22:46:40.226" endtime="20230814 22:46:40.227"/>
</kw>
<kw name="Create Dictionary" library="BuiltIn">
<var>${movie_data}</var>
<arg>name=Cars</arg>
<arg>movieId=CRS1</arg>
<doc>Creates and returns a dictionary based on the given ``items``.</doc>
<msg timestamp="20230814 22:46:40.228" level="INFO">${movie_data} = {'name': 'Cars', 'movieId': 'CRS1'}</msg>
<status status="PASS" starttime="20230814 22:46:40.228" endtime="20230814 22:46:40.228"/>
</kw>
<kw name="Create Dictionary" library="BuiltIn">
<var>${rating}</var>
<arg>rating=4</arg>
<arg>movieIdentification=CRS1</arg>
<doc>Creates and returns a dictionary based on the given ``items``.</doc>
<msg timestamp="20230814 22:46:40.230" level="INFO">${rating} = {'rating': '4', 'movieIdentification': 'CRS1'}</msg>
<status status="PASS" starttime="20230814 22:46:40.229" endtime="20230814 22:46:40.230"/>
</kw>
<kw name="PUT On Session" library="RequestsLibrary">
<var>${rating_resp}</var>
<arg>localhost</arg>
<arg>/api/v1/setRating</arg>
<arg>json=${rating}</arg>
<arg>headers=${headers}</arg>
<arg>expected_status=400</arg>
<doc>Sends a PUT request on a previously created HTTP Session.</doc>
<msg timestamp="20230814 22:46:40.292" level="INFO">PUT Request : url=http://localhost:8080/api/v1/setRating 
 path_url=/api/v1/setRating 
 headers={'User-Agent': 'python-requests/2.27.1', 'Accept-Encoding': 'gzip, deflate', 'Accept': '*/*', 'Connection': 'keep-alive', 'Content-Type': 'application/json', 'Content-Length': '46'} 
 body=b'{"rating": "4", "movieIdentification": "CRS1"}' 
 </msg>
<msg timestamp="20230814 22:46:40.293" level="INFO">PUT Response : url=http://localhost:8080/api/v1/setRating 
 status=400, reason=Bad Request 
 headers={'Date': 'Tue, 15 Aug 2023 05:46:40 GMT', 'Content-length': '22'} 
 body=cannot understand json 
 </msg>
<msg timestamp="20230814 22:46:40.294" level="INFO">${rating_resp} = &lt;Response [400]&gt;</msg>
<status status="PASS" starttime="20230814 22:46:40.231" endtime="20230814 22:46:40.294"/>
</kw>
<timeout value="30 seconds"/>
<status status="PASS" starttime="20230814 22:46:40.225" endtime="20230814 22:46:40.295"/>
</test>
<test id="s1-t19" name="getAbovePass" line="386">
<kw name="Create Dictionary" library="BuiltIn">
<var>${headers}</var>
<arg>Content-Type=application/json</arg>
<doc>Creates and returns a dictionary based on the given ``items``.</doc>
<msg timestamp="20230814 22:46:40.298" level="INFO">${headers} = {'Content-Type': 'application/json'}</msg>
<status status="PASS" starttime="20230814 22:46:40.298" endtime="20230814 22:46:40.298"/>
</kw>
<kw name="Create Dictionary" library="BuiltIn">
<var>${movie_data1}</var>
<arg>name=Cars</arg>
<arg>movieId=CRS1</arg>
<doc>Creates and returns a dictionary based on the given ``items``.</doc>
<msg timestamp="20230814 22:46:40.299" level="INFO">${movie_data1} = {'name': 'Cars', 'movieId': 'CRS1'}</msg>
<status status="PASS" starttime="20230814 22:46:40.299" endtime="20230814 22:46:40.299"/>
</kw>
<kw name="Create Dictionary" library="BuiltIn">
<var>${rating1}</var>
<arg>rating=4</arg>
<arg>movieId=CRS1</arg>
<doc>Creates and returns a dictionary based on the given ``items``.</doc>
<msg timestamp="20230814 22:46:40.301" level="INFO">${rating1} = {'rating': '4', 'movieId': 'CRS1'}</msg>
<status status="PASS" starttime="20230814 22:46:40.300" endtime="20230814 22:46:40.301"/>
</kw>
<kw name="Create Dictionary" library="BuiltIn">
<var>${movie_data2}</var>
<arg>name=Toy Story</arg>
<arg>movieId=TSY1</arg>
<doc>Creates and returns a dictionary based on the given ``items``.</doc>
<msg timestamp="20230814 22:46:40.303" level="INFO">${movie_data2} = {'name': 'Toy Story', 'movieId': 'TSY1'}</msg>
<status status="PASS" starttime="20230814 22:46:40.302" endtime="20230814 22:46:40.303"/>
</kw>
<kw name="PUT On Session" library="RequestsLibrary">
<var>${movie_resp2}</var>
<arg>localhost</arg>
<arg>/api/v1/addMovie</arg>
<arg>json=${movie_data2}</arg>
<arg>headers=${headers}</arg>
<arg>expected_status=200</arg>
<doc>Sends a PUT request on a previously created HTTP Session.</doc>
<msg timestamp="20230814 22:46:40.372" level="INFO">PUT Request : url=http://localhost:8080/api/v1/addMovie 
 path_url=/api/v1/addMovie 
 headers={'User-Agent': 'python-requests/2.27.1', 'Accept-Encoding': 'gzip, deflate', 'Accept': '*/*', 'Connection': 'keep-alive', 'Content-Type': 'application/json', 'Content-Length': '40'} 
 body=b'{"name": "Toy Story", "movieId": "TSY1"}' 
 </msg>
<msg timestamp="20230814 22:46:40.372" level="INFO">PUT Response : url=http://localhost:8080/api/v1/addMovie 
 status=200, reason=OK 
 headers={'Date': 'Tue, 15 Aug 2023 05:46:40 GMT', 'Content-length': '12'} 
 body=Movies added 
 </msg>
<msg timestamp="20230814 22:46:40.373" level="INFO">${movie_resp2} = &lt;Response [200]&gt;</msg>
<status status="PASS" starttime="20230814 22:46:40.304" endtime="20230814 22:46:40.373"/>
</kw>
<kw name="Create Dictionary" library="BuiltIn">
<var>${rating2}</var>
<arg>rating=5</arg>
<arg>movieId=TSY1</arg>
<doc>Creates and returns a dictionary based on the given ``items``.</doc>
<msg timestamp="20230814 22:46:40.374" level="INFO">${rating2} = {'rating': '5', 'movieId': 'TSY1'}</msg>
<status status="PASS" starttime="20230814 22:46:40.374" endtime="20230814 22:46:40.374"/>
</kw>
<kw name="PUT On Session" library="RequestsLibrary">
<var>${rating_resp}</var>
<arg>localhost</arg>
<arg>/api/v1/setRating</arg>
<arg>json=${rating1}</arg>
<arg>headers=${headers}</arg>
<arg>expected_status=200</arg>
<doc>Sends a PUT request on a previously created HTTP Session.</doc>
<msg timestamp="20230814 22:46:40.449" level="INFO">PUT Request : url=http://localhost:8080/api/v1/setRating 
 path_url=/api/v1/setRating 
 headers={'User-Agent': 'python-requests/2.27.1', 'Accept-Encoding': 'gzip, deflate', 'Accept': '*/*', 'Connection': 'keep-alive', 'Content-Type': 'application/json', 'Content-Length': '34'} 
 body=b'{"rating": "4", "movieId": "CRS1"}' 
 </msg>
<msg timestamp="20230814 22:46:40.449" level="INFO">PUT Response : url=http://localhost:8080/api/v1/setRating 
 status=200, reason=OK 
 headers={'Date': 'Tue, 15 Aug 2023 05:46:40 GMT', 'Content-length': '12'} 
 body=rating added 
 </msg>
<msg timestamp="20230814 22:46:40.450" level="INFO">${rating_resp} = &lt;Response [200]&gt;</msg>
<status status="PASS" starttime="20230814 22:46:40.375" endtime="20230814 22:46:40.450"/>
</kw>
<kw name="PUT On Session" library="RequestsLibrary">
<var>${rating_resp2}</var>
<arg>localhost</arg>
<arg>/api/v1/setRating</arg>
<arg>json=${rating2}</arg>
<arg>headers=${headers}</arg>
<arg>expected_status=200</arg>
<doc>Sends a PUT request on a previously created HTTP Session.</doc>
<msg timestamp="20230814 22:46:40.532" level="INFO">PUT Request : url=http://localhost:8080/api/v1/setRating 
 path_url=/api/v1/setRating 
 headers={'User-Agent': 'python-requests/2.27.1', 'Accept-Encoding': 'gzip, deflate', 'Accept': '*/*', 'Connection': 'keep-alive', 'Content-Type': 'application/json', 'Content-Length': '34'} 
 body=b'{"rating": "5", "movieId": "TSY1"}' 
 </msg>
<msg timestamp="20230814 22:46:40.532" level="INFO">PUT Response : url=http://localhost:8080/api/v1/setRating 
 status=200, reason=OK 
 headers={'Date': 'Tue, 15 Aug 2023 05:46:40 GMT', 'Content-length': '12'} 
 body=rating added 
 </msg>
<msg timestamp="20230814 22:46:40.533" level="INFO">${rating_resp2} = &lt;Response [200]&gt;</msg>
<status status="PASS" starttime="20230814 22:46:40.451" endtime="20230814 22:46:40.533"/>
</kw>
<kw name="Set Variable" library="BuiltIn">
<var>${rating_to_see_all_movies_above}</var>
<arg>3</arg>
<doc>Returns the given values which can then be assigned to a variables.</doc>
<msg timestamp="20230814 22:46:40.536" level="INFO">${rating_to_see_all_movies_above} = 3</msg>
<status status="PASS" starttime="20230814 22:46:40.534" endtime="20230814 22:46:40.536"/>
</kw>
<kw name="GET On Session" library="RequestsLibrary">
<var>${all_movies_above_rating_resp}</var>
<arg>localhost</arg>
<arg>url=/api/v1/getAboveRating?rating=${rating_to_see_all_movies_above}</arg>
<arg>headers=${headers}</arg>
<arg>expected_status=200</arg>
<doc>Sends a GET request on a previously created HTTP Session.</doc>
<msg timestamp="20230814 22:46:40.607" level="INFO">GET Request : url=http://localhost:8080/api/v1/getAboveRating?rating=3 
 path_url=/api/v1/getAboveRating?rating=3 
 headers={'User-Agent': 'python-requests/2.27.1', 'Accept-Encoding': 'gzip, deflate', 'Accept': '*/*', 'Connection': 'keep-alive', 'Content-Type': 'application/json'} 
 body=None 
 </msg>
<msg timestamp="20230814 22:46:40.609" level="INFO">GET Response : url=http://localhost:8080/api/v1/getAboveRating?rating=3 
 status=200, reason=OK 
 headers={'Date': 'Tue, 15 Aug 2023 05:46:40 GMT', 'Content-length': '41'} 
 body={"Movies above 3.0":["Cars","Toy Story"]} 
 </msg>
<msg timestamp="20230814 22:46:40.609" level="INFO">${all_movies_above_rating_resp} = &lt;Response [200]&gt;</msg>
<status status="PASS" starttime="20230814 22:46:40.538" endtime="20230814 22:46:40.610"/>
</kw>
<kw name="Set Variable" library="BuiltIn">
<var>${list_of_all_movies_above}</var>
<arg>${all_movies_above_rating_resp.json()['Movies above ${rating_to_see_all_movies_above}.0']}</arg>
<doc>Returns the given values which can then be assigned to a variables.</doc>
<msg timestamp="20230814 22:46:40.614" level="INFO">${list_of_all_movies_above} = ['Cars', 'Toy Story']</msg>
<status status="PASS" starttime="20230814 22:46:40.611" endtime="20230814 22:46:40.614"/>
</kw>
<kw name="Should Be Equal As Strings" library="BuiltIn">
<arg>${list_of_all_movies_above}</arg>
<arg>['Cars', 'Toy Story']</arg>
<doc>Fails if objects are unequal after converting them to strings.</doc>
<msg timestamp="20230814 22:46:40.616" level="INFO">Argument types are:
&lt;class 'list'&gt;
&lt;class 'str'&gt;</msg>
<status status="PASS" starttime="20230814 22:46:40.615" endtime="20230814 22:46:40.617"/>
</kw>
<timeout value="30 seconds"/>
<status status="PASS" starttime="20230814 22:46:40.297" endtime="20230814 22:46:40.618"/>
</test>
<test id="s1-t20" name="getAboveFail" line="410">
<kw name="Create Dictionary" library="BuiltIn">
<var>${headers}</var>
<arg>Content-Type=application/json</arg>
<doc>Creates and returns a dictionary based on the given ``items``.</doc>
<msg timestamp="20230814 22:46:40.624" level="INFO">${headers} = {'Content-Type': 'application/json'}</msg>
<status status="PASS" starttime="20230814 22:46:40.622" endtime="20230814 22:46:40.624"/>
</kw>
<kw name="Create Dictionary" library="BuiltIn">
<var>${movie_data1}</var>
<arg>name=Cars</arg>
<arg>movieId=CRS1</arg>
<doc>Creates and returns a dictionary based on the given ``items``.</doc>
<msg timestamp="20230814 22:46:40.626" level="INFO">${movie_data1} = {'name': 'Cars', 'movieId': 'CRS1'}</msg>
<status status="PASS" starttime="20230814 22:46:40.625" endtime="20230814 22:46:40.627"/>
</kw>
<kw name="Create Dictionary" library="BuiltIn">
<var>${rating1}</var>
<arg>rating=4</arg>
<arg>movieId=CRS1</arg>
<doc>Creates and returns a dictionary based on the given ``items``.</doc>
<msg timestamp="20230814 22:46:40.629" level="INFO">${rating1} = {'rating': '4', 'movieId': 'CRS1'}</msg>
<status status="PASS" starttime="20230814 22:46:40.628" endtime="20230814 22:46:40.629"/>
</kw>
<kw name="Create Dictionary" library="BuiltIn">
<var>${movie_data2}</var>
<arg>name=Toy Story</arg>
<arg>movieId=TSY1</arg>
<doc>Creates and returns a dictionary based on the given ``items``.</doc>
<msg timestamp="20230814 22:46:40.631" level="INFO">${movie_data2} = {'name': 'Toy Story', 'movieId': 'TSY1'}</msg>
<status status="PASS" starttime="20230814 22:46:40.630" endtime="20230814 22:46:40.631"/>
</kw>
<kw name="Create Dictionary" library="BuiltIn">
<var>${rating2}</var>
<arg>rating=5</arg>
<arg>movieId=TSY1</arg>
<doc>Creates and returns a dictionary based on the given ``items``.</doc>
<msg timestamp="20230814 22:46:40.633" level="INFO">${rating2} = {'rating': '5', 'movieId': 'TSY1'}</msg>
<status status="PASS" starttime="20230814 22:46:40.632" endtime="20230814 22:46:40.633"/>
</kw>
<kw name="PUT On Session" library="RequestsLibrary">
<var>${rating_resp}</var>
<arg>localhost</arg>
<arg>/api/v1/setRating</arg>
<arg>json=${rating1}</arg>
<arg>headers=${headers}</arg>
<arg>expected_status=200</arg>
<doc>Sends a PUT request on a previously created HTTP Session.</doc>
<msg timestamp="20230814 22:46:40.704" level="INFO">PUT Request : url=http://localhost:8080/api/v1/setRating 
 path_url=/api/v1/setRating 
 headers={'User-Agent': 'python-requests/2.27.1', 'Accept-Encoding': 'gzip, deflate', 'Accept': '*/*', 'Connection': 'keep-alive', 'Content-Type': 'application/json', 'Content-Length': '34'} 
 body=b'{"rating": "4", "movieId": "CRS1"}' 
 </msg>
<msg timestamp="20230814 22:46:40.704" level="INFO">PUT Response : url=http://localhost:8080/api/v1/setRating 
 status=200, reason=OK 
 headers={'Date': 'Tue, 15 Aug 2023 05:46:40 GMT', 'Content-length': '12'} 
 body=rating added 
 </msg>
<msg timestamp="20230814 22:46:40.705" level="INFO">${rating_resp} = &lt;Response [200]&gt;</msg>
<status status="PASS" starttime="20230814 22:46:40.634" endtime="20230814 22:46:40.705"/>
</kw>
<kw name="PUT On Session" library="RequestsLibrary">
<var>${rating_resp2}</var>
<arg>localhost</arg>
<arg>/api/v1/setRating</arg>
<arg>json=${rating2}</arg>
<arg>headers=${headers}</arg>
<arg>expected_status=200</arg>
<doc>Sends a PUT request on a previously created HTTP Session.</doc>
<msg timestamp="20230814 22:46:40.779" level="INFO">PUT Request : url=http://localhost:8080/api/v1/setRating 
 path_url=/api/v1/setRating 
 headers={'User-Agent': 'python-requests/2.27.1', 'Accept-Encoding': 'gzip, deflate', 'Accept': '*/*', 'Connection': 'keep-alive', 'Content-Type': 'application/json', 'Content-Length': '34'} 
 body=b'{"rating": "5", "movieId": "TSY1"}' 
 </msg>
<msg timestamp="20230814 22:46:40.779" level="INFO">PUT Response : url=http://localhost:8080/api/v1/setRating 
 status=200, reason=OK 
 headers={'Date': 'Tue, 15 Aug 2023 05:46:40 GMT', 'Content-length': '12'} 
 body=rating added 
 </msg>
<msg timestamp="20230814 22:46:40.780" level="INFO">${rating_resp2} = &lt;Response [200]&gt;</msg>
<status status="PASS" starttime="20230814 22:46:40.707" endtime="20230814 22:46:40.780"/>
</kw>
<kw name="Set Variable" library="BuiltIn">
<var>${rating_to_see_all_movies_above}</var>
<arg>6</arg>
<doc>Returns the given values which can then be assigned to a variables.</doc>
<msg timestamp="20230814 22:46:40.782" level="INFO">${rating_to_see_all_movies_above} = 6</msg>
<status status="PASS" starttime="20230814 22:46:40.781" endtime="20230814 22:46:40.782"/>
</kw>
<kw name="GET On Session" library="RequestsLibrary">
<var>${all_movies_above_rating_resp}</var>
<arg>localhost</arg>
<arg>url=/api/v1/getAboveRating?rating=${rating_to_see_all_movies_above}</arg>
<arg>headers=${headers}</arg>
<arg>expected_status=400</arg>
<doc>Sends a GET request on a previously created HTTP Session.</doc>
<msg timestamp="20230814 22:46:40.870" level="INFO">GET Request : url=http://localhost:8080/api/v1/getAboveRating?rating=6 
 path_url=/api/v1/getAboveRating?rating=6 
 headers={'User-Agent': 'python-requests/2.27.1', 'Accept-Encoding': 'gzip, deflate', 'Accept': '*/*', 'Connection': 'keep-alive', 'Content-Type': 'application/json'} 
 body=None 
 </msg>
<msg timestamp="20230814 22:46:40.871" level="INFO">GET Response : url=http://localhost:8080/api/v1/getAboveRating?rating=6 
 status=400, reason=Bad Request 
 headers={'Date': 'Tue, 15 Aug 2023 05:46:40 GMT', 'Content-length': '15'} 
 body=formatted error 
 </msg>
<msg timestamp="20230814 22:46:40.872" level="INFO">${all_movies_above_rating_resp} = &lt;Response [400]&gt;</msg>
<status status="PASS" starttime="20230814 22:46:40.783" endtime="20230814 22:46:40.872"/>
</kw>
<kw name="PUT On Session" library="RequestsLibrary">
<var>${nukeDb_resp}</var>
<arg>localhost</arg>
<arg>/api/v1/nukeDb</arg>
<arg>json=${movie_data1}</arg>
<arg>headers=${headers}</arg>
<arg>expected_status=200</arg>
<doc>Sends a PUT request on a previously created HTTP Session.</doc>
<msg timestamp="20230814 22:46:40.969" level="INFO">PUT Request : url=http://localhost:8080/api/v1/nukeDb 
 path_url=/api/v1/nukeDb 
 headers={'User-Agent': 'python-requests/2.27.1', 'Accept-Encoding': 'gzip, deflate', 'Accept': '*/*', 'Connection': 'keep-alive', 'Content-Type': 'application/json', 'Content-Length': '35'} 
 body=b'{"name": "Cars", "movieId": "CRS1"}' 
 </msg>
<msg timestamp="20230814 22:46:40.970" level="INFO">PUT Response : url=http://localhost:8080/api/v1/nukeDb 
 status=200, reason=OK 
 headers={'Date': 'Tue, 15 Aug 2023 05:46:40 GMT', 'Content-length': '8'} 
 body=DB nuked 
 </msg>
<msg timestamp="20230814 22:46:40.971" level="INFO">${nukeDb_resp} = &lt;Response [200]&gt;</msg>
<status status="PASS" starttime="20230814 22:46:40.874" endtime="20230814 22:46:40.971"/>
</kw>
<timeout value="30 seconds"/>
<status status="PASS" starttime="20230814 22:46:40.621" endtime="20230814 22:46:40.973"/>
</test>
<status status="PASS" starttime="20230814 22:46:32.746" endtime="20230814 22:46:40.977"/>
</suite>
<statistics>
<total>
<stat pass="20" fail="0" skip="0">All Tests</stat>
</total>
<tag>
</tag>
<suite>
<stat pass="20" fail="0" skip="0" id="s1" name="testBooks">testBooks</stat>
</suite>
</statistics>
<errors>
</errors>
</robot>
